New log file opened at Sat Jun 04 21:07:21 ICT 2016 by 2792@Rifqi
Sending msg to client play-fork-run-34f4cc4e-22c6-4a00-81f8-4c9fb94e96db: DetachedLogEvent(LogMessage(debug,sbt server socket logs are in: D:\Kuliah\file_latihan_scala\PLAY\learn-to-play-scala\.sbtserver\connections\master.log))
Sending msg to client play-fork-run-34f4cc4e-22c6-4a00-81f8-4c9fb94e96db: DetachedLogEvent(LogMessage(debug,sbt general server logs are in: D:\Kuliah\file_latihan_scala\PLAY\learn-to-play-scala\.sbtserver\master.log))
Sending msg to client play-fork-run-34f4cc4e-22c6-4a00-81f8-4c9fb94e96db: DetachedLogEvent(LogMessage(debug,sbt client logs are in: D:\Kuliah\file_latihan_scala\PLAY\learn-to-play-scala\.sbtserver\connections\play-fork-run-34f4cc4e-22c6-4a00-81f8-4c9fb94e96db.log))
Reading next message from client.
Got request: DaemonRequest(true)
Reading next message from client.
Sending msg to client play-fork-run-34f4cc4e-22c6-4a00-81f8-4c9fb94e96db: (3,ReceivedResponse())
Got request: ListenToEvents()
Reading next message from client.
Sending msg to client play-fork-run-34f4cc4e-22c6-4a00-81f8-4c9fb94e96db: BackgroundJobStarted(420,BackgroundJobInfo(48,backgroundRun,AttributeKey[sbt.BackgroundJobHandle]("backgroundRun") in Scope(Build: file:/D:/Kuliah/file_latihan_scala/PLAY/learn-to-play-scala/, , Project: ProjectReference(file:/D:/Kuliah/file_latihan_scala/PLAY/learn-to-play-scala/,root), Config: compile)))
Sending msg to client play-fork-run-34f4cc4e-22c6-4a00-81f8-4c9fb94e96db: (4,ReceivedResponse())
Got request: KeyLookupRequest(root/playForkConfig)
Reading next message from client.
Sending msg to client play-fork-run-34f4cc4e-22c6-4a00-81f8-4c9fb94e96db: (5,KeyLookupResponse(root/playForkConfig,Vector(AttributeKey[play.forkrun.protocol.ForkConfig]("playForkConfig") in Scope(Build: file:/D:/Kuliah/file_latihan_scala/PLAY/learn-to-play-scala/, , Project: ProjectReference(file:/D:/Kuliah/file_latihan_scala/PLAY/learn-to-play-scala/,root)))))
Got request: ListenToValue(AttributeKey[play.forkrun.protocol.ForkConfig]("playForkConfig") in Scope(Build: file:/D:/Kuliah/file_latihan_scala/PLAY/learn-to-play-scala/, , Project: ProjectReference(file:/D:/Kuliah/file_latihan_scala/PLAY/learn-to-play-scala/,root)))
Reading next message from client.
Sending msg to client play-fork-run-34f4cc4e-22c6-4a00-81f8-4c9fb94e96db: (6,ReceivedResponse())
Got request: KeyExecutionRequest(AttributeKey[play.forkrun.protocol.ForkConfig]("playForkConfig") in Scope(Build: file:/D:/Kuliah/file_latihan_scala/PLAY/learn-to-play-scala/, , Project: ProjectReference(file:/D:/Kuliah/file_latihan_scala/PLAY/learn-to-play-scala/,root)))
Reading next message from client.
Sending msg to client play-fork-run-34f4cc4e-22c6-4a00-81f8-4c9fb94e96db: (7,ExecutionRequestReceived(421))
Sending msg to client play-fork-run-34f4cc4e-22c6-4a00-81f8-4c9fb94e96db: ExecutionWaiting(421,{file:/D:/Kuliah/file_latihan_scala/PLAY/learn-to-play-scala/}root/*:playForkConfig,ClientInfo(34f4cc4e-22c6-4a00-81f8-4c9fb94e96db,play-fork-run,Play Fork Run,1,Vector()))
Sending msg to client play-fork-run-34f4cc4e-22c6-4a00-81f8-4c9fb94e96db: ExecutionStarting(421)
Sending msg to client play-fork-run-34f4cc4e-22c6-4a00-81f8-4c9fb94e96db: DetachedLogEvent(LogMessage(debug,> {file:/D:/Kuliah/file_latihan_scala/PLAY/learn-to-play-scala/}root/*:playForkConfig))
Sending msg to client play-fork-run-34f4cc4e-22c6-4a00-81f8-4c9fb94e96db: DetachedLogEvent(LogMessage(debug,Evaluating tasks: *:playForkConfig))
Sending msg to client play-fork-run-34f4cc4e-22c6-4a00-81f8-4c9fb94e96db: DetachedLogEvent(LogMessage(debug,Running task... Cancel: sbt.server.ServerTaskCancellation@51661ef9, check cycles: false))
Sending msg to client play-fork-run-34f4cc4e-22c6-4a00-81f8-4c9fb94e96db: DetachedLogEvent(LogMessage(debug,cancel strategy start enabled=true lastCommand=Some(LastCommand(CommandExecutionWork(ExecutionId(421),{file:/D:/Kuliah/file_latihan_scala/PLAY/learn-to-play-scala/}root/*:playForkConfig,Set(LiveClient(play-fork-run 34f4cc4e-22c6-4a00-81f8-4c9fb94e96db)),sbt.server.WorkCancellationStatus$$anon$1@9f4761a)))))
Sending msg to client play-fork-run-34f4cc4e-22c6-4a00-81f8-4c9fb94e96db: TaskStarted(421,35814,Some(AttributeKey[scala.collection.Seq[java.lang.String]]("javaOptions") in Scope(Global)))
Sending msg to client play-fork-run-34f4cc4e-22c6-4a00-81f8-4c9fb94e96db: TaskStarted(421,35818,Some(AttributeKey[scala.Tuple2[java.lang.String,java.io.File]]("playPrefixAndAssets") in Scope(Build: file:/D:/Kuliah/file_latihan_scala/PLAY/learn-to-play-scala/, , Project: ProjectReference(file:/D:/Kuliah/file_latihan_scala/PLAY/learn-to-play-scala/,root))))
Sending msg to client play-fork-run-34f4cc4e-22c6-4a00-81f8-4c9fb94e96db: TaskStarted(421,35826,Some(AttributeKey[java.lang.String]("updateCacheName") in Scope(Build: file:/D:/Kuliah/file_latihan_scala/PLAY/learn-to-play-scala/, , Project: ProjectReference(file:/D:/Kuliah/file_latihan_scala/PLAY/learn-to-play-scala/,root))))
Sending msg to client play-fork-run-34f4cc4e-22c6-4a00-81f8-4c9fb94e96db: TaskStarted(421,35831,None)
Sending msg to client play-fork-run-34f4cc4e-22c6-4a00-81f8-4c9fb94e96db: TaskStarted(421,35837,None)
Sending msg to client play-fork-run-34f4cc4e-22c6-4a00-81f8-4c9fb94e96db: TaskStarted(421,35839,Some(AttributeKey[scala.collection.Seq[sbt.Resolver]]("externalResolvers") in Scope(Build: file:/D:/Kuliah/file_latihan_scala/PLAY/learn-to-play-scala/, , Project: ProjectReference(file:/D:/Kuliah/file_latihan_scala/PLAY/learn-to-play-scala/,root))))
Sending msg to client play-fork-run-34f4cc4e-22c6-4a00-81f8-4c9fb94e96db: TaskStarted(421,35840,Some(AttributeKey[scala.Option[scala.collection.Seq[sbt.Resolver]]]("bootResolvers") in Scope(Build: file:/D:/Kuliah/file_latihan_scala/PLAY/learn-to-play-scala/, , Project: ProjectReference(file:/D:/Kuliah/file_latihan_scala/PLAY/learn-to-play-scala/,root))))
Sending msg to client play-fork-run-34f4cc4e-22c6-4a00-81f8-4c9fb94e96db: TaskStarted(421,35841,Some(AttributeKey[scala.collection.Seq[sbt.Credentials]]("credentials") in Scope(Global)))
Sending msg to client play-fork-run-34f4cc4e-22c6-4a00-81f8-4c9fb94e96db: TaskStarted(421,35846,Some(AttributeKey[boolean]("skip") in Scope(Global)))
Sending msg to client play-fork-run-34f4cc4e-22c6-4a00-81f8-4c9fb94e96db: TaskStarted(421,35847,None)
Sending msg to client play-fork-run-34f4cc4e-22c6-4a00-81f8-4c9fb94e96db: TaskStarted(421,35853,None)
Sending msg to client play-fork-run-34f4cc4e-22c6-4a00-81f8-4c9fb94e96db: TaskStarted(421,35856,None)
Sending msg to client play-fork-run-34f4cc4e-22c6-4a00-81f8-4c9fb94e96db: TaskStarted(421,35857,None)
Sending msg to client play-fork-run-34f4cc4e-22c6-4a00-81f8-4c9fb94e96db: TaskStarted(421,35860,None)
Sending msg to client play-fork-run-34f4cc4e-22c6-4a00-81f8-4c9fb94e96db: TaskFinished(421,35826,Some(AttributeKey[java.lang.String]("updateCacheName") in Scope(Build: file:/D:/Kuliah/file_latihan_scala/PLAY/learn-to-play-scala/, , Project: ProjectReference(file:/D:/Kuliah/file_latihan_scala/PLAY/learn-to-play-scala/,root))),true,None)
Sending msg to client play-fork-run-34f4cc4e-22c6-4a00-81f8-4c9fb94e96db: TaskFinished(421,35837,None,true,None)
Sending msg to client play-fork-run-34f4cc4e-22c6-4a00-81f8-4c9fb94e96db: TaskStarted(421,35836,Some(AttributeKey[sbt.BuildStructure]("buildStructure") in Scope(Global)))
Sending msg to client play-fork-run-34f4cc4e-22c6-4a00-81f8-4c9fb94e96db: TaskStarted(421,35854,Some(AttributeKey[java.io.File]("dependencyCacheDirectory") in Scope(Build: file:/D:/Kuliah/file_latihan_scala/PLAY/learn-to-play-scala/, , Project: ProjectReference(file:/D:/Kuliah/file_latihan_scala/PLAY/learn-to-play-scala/,root))))
Sending msg to client play-fork-run-34f4cc4e-22c6-4a00-81f8-4c9fb94e96db: TaskStarted(421,35866,Some(AttributeKey[scala.collection.Seq[java.lang.String]]("playMonitoredFiles") in Scope(Build: file:/D:/Kuliah/file_latihan_scala/PLAY/learn-to-play-scala/, , Project: ProjectReference(file:/D:/Kuliah/file_latihan_scala/PLAY/learn-to-play-scala/,root))))
Sending msg to client play-fork-run-34f4cc4e-22c6-4a00-81f8-4c9fb94e96db: TaskFinished(421,35847,None,true,None)
Sending msg to client play-fork-run-34f4cc4e-22c6-4a00-81f8-4c9fb94e96db: TaskFinished(421,35818,Some(AttributeKey[scala.Tuple2[java.lang.String,java.io.File]]("playPrefixAndAssets") in Scope(Build: file:/D:/Kuliah/file_latihan_scala/PLAY/learn-to-play-scala/, , Project: ProjectReference(file:/D:/Kuliah/file_latihan_scala/PLAY/learn-to-play-scala/,root))),true,None)
Sending msg to client play-fork-run-34f4cc4e-22c6-4a00-81f8-4c9fb94e96db: TaskStarted(421,35817,None)
Sending msg to client play-fork-run-34f4cc4e-22c6-4a00-81f8-4c9fb94e96db: TaskFinished(421,35856,None,true,None)
Sending msg to client play-fork-run-34f4cc4e-22c6-4a00-81f8-4c9fb94e96db: TaskFinished(421,35814,Some(AttributeKey[scala.collection.Seq[java.lang.String]]("javaOptions") in Scope(Global)),true,None)
Sending msg to client play-fork-run-34f4cc4e-22c6-4a00-81f8-4c9fb94e96db: TaskFinished(421,35853,None,true,None)
Sending msg to client play-fork-run-34f4cc4e-22c6-4a00-81f8-4c9fb94e96db: TaskFinished(421,35841,Some(AttributeKey[scala.collection.Seq[sbt.Credentials]]("credentials") in Scope(Global)),true,None)
Sending msg to client play-fork-run-34f4cc4e-22c6-4a00-81f8-4c9fb94e96db: TaskFinished(421,35839,Some(AttributeKey[scala.collection.Seq[sbt.Resolver]]("externalResolvers") in Scope(Build: file:/D:/Kuliah/file_latihan_scala/PLAY/learn-to-play-scala/, , Project: ProjectReference(file:/D:/Kuliah/file_latihan_scala/PLAY/learn-to-play-scala/,root))),true,None)
Sending msg to client play-fork-run-34f4cc4e-22c6-4a00-81f8-4c9fb94e96db: TaskFinished(421,35857,None,true,None)
Sending msg to client play-fork-run-34f4cc4e-22c6-4a00-81f8-4c9fb94e96db: TaskStarted(421,35855,Some(AttributeKey[scala.collection.Seq[sbt.UpdateReport]]("transitiveUpdate") in Scope(Build: file:/D:/Kuliah/file_latihan_scala/PLAY/learn-to-play-scala/, , Project: ProjectReference(file:/D:/Kuliah/file_latihan_scala/PLAY/learn-to-play-scala/,root))))
Sending msg to client play-fork-run-34f4cc4e-22c6-4a00-81f8-4c9fb94e96db: TaskFinished(421,35846,Some(AttributeKey[boolean]("skip") in Scope(Global)),true,None)
Sending msg to client play-fork-run-34f4cc4e-22c6-4a00-81f8-4c9fb94e96db: TaskFinished(421,35840,Some(AttributeKey[scala.Option[scala.collection.Seq[sbt.Resolver]]]("bootResolvers") in Scope(Build: file:/D:/Kuliah/file_latihan_scala/PLAY/learn-to-play-scala/, , Project: ProjectReference(file:/D:/Kuliah/file_latihan_scala/PLAY/learn-to-play-scala/,root))),true,None)
Sending msg to client play-fork-run-34f4cc4e-22c6-4a00-81f8-4c9fb94e96db: TaskFinished(421,35860,None,true,None)
Sending msg to client play-fork-run-34f4cc4e-22c6-4a00-81f8-4c9fb94e96db: TaskFinished(421,35831,None,true,None)
Sending msg to client play-fork-run-34f4cc4e-22c6-4a00-81f8-4c9fb94e96db: TaskStarted(421,35830,None)
Sending msg to client play-fork-run-34f4cc4e-22c6-4a00-81f8-4c9fb94e96db: TaskStarted(421,35838,None)
Sending msg to client play-fork-run-34f4cc4e-22c6-4a00-81f8-4c9fb94e96db: TaskStarted(421,35842,None)
Sending msg to client play-fork-run-34f4cc4e-22c6-4a00-81f8-4c9fb94e96db: TaskStarted(421,35850,None)
Sending msg to client play-fork-run-34f4cc4e-22c6-4a00-81f8-4c9fb94e96db: TaskStarted(421,35851,None)
Sending msg to client play-fork-run-34f4cc4e-22c6-4a00-81f8-4c9fb94e96db: TaskStarted(421,35861,None)
Sending msg to client play-fork-run-34f4cc4e-22c6-4a00-81f8-4c9fb94e96db: TaskStarted(421,35863,None)
Sending msg to client play-fork-run-34f4cc4e-22c6-4a00-81f8-4c9fb94e96db: TaskStarted(421,35865,None)
Sending msg to client play-fork-run-34f4cc4e-22c6-4a00-81f8-4c9fb94e96db: TaskFinished(421,35836,Some(AttributeKey[sbt.BuildStructure]("buildStructure") in Scope(Global)),true,None)
Sending msg to client play-fork-run-34f4cc4e-22c6-4a00-81f8-4c9fb94e96db: TaskStarted(421,35835,Some(AttributeKey[sbt.Settings[sbt.Scope]]("settingsData") in Scope(Global)))
Sending msg to client play-fork-run-34f4cc4e-22c6-4a00-81f8-4c9fb94e96db: TaskFinished(421,35854,Some(AttributeKey[java.io.File]("dependencyCacheDirectory") in Scope(Build: file:/D:/Kuliah/file_latihan_scala/PLAY/learn-to-play-scala/, , Project: ProjectReference(file:/D:/Kuliah/file_latihan_scala/PLAY/learn-to-play-scala/,root))),true,None)
Sending msg to client play-fork-run-34f4cc4e-22c6-4a00-81f8-4c9fb94e96db: TaskFinished(421,35817,None,true,None)
Sending msg to client play-fork-run-34f4cc4e-22c6-4a00-81f8-4c9fb94e96db: TaskStarted(421,35816,None)
Sending msg to client play-fork-run-34f4cc4e-22c6-4a00-81f8-4c9fb94e96db: TaskFinished(421,35855,Some(AttributeKey[scala.collection.Seq[sbt.UpdateReport]]("transitiveUpdate") in Scope(Build: file:/D:/Kuliah/file_latihan_scala/PLAY/learn-to-play-scala/, , Project: ProjectReference(file:/D:/Kuliah/file_latihan_scala/PLAY/learn-to-play-scala/,root))),true,None)
Sending msg to client play-fork-run-34f4cc4e-22c6-4a00-81f8-4c9fb94e96db: TaskFinished(421,35866,Some(AttributeKey[scala.collection.Seq[java.lang.String]]("playMonitoredFiles") in Scope(Build: file:/D:/Kuliah/file_latihan_scala/PLAY/learn-to-play-scala/, , Project: ProjectReference(file:/D:/Kuliah/file_latihan_scala/PLAY/learn-to-play-scala/,root))),true,None)
Sending msg to client play-fork-run-34f4cc4e-22c6-4a00-81f8-4c9fb94e96db: TaskFinished(421,35830,None,true,None)
Sending msg to client play-fork-run-34f4cc4e-22c6-4a00-81f8-4c9fb94e96db: TaskFinished(421,35838,None,true,None)
Sending msg to client play-fork-run-34f4cc4e-22c6-4a00-81f8-4c9fb94e96db: TaskFinished(421,35842,None,true,None)
Sending msg to client play-fork-run-34f4cc4e-22c6-4a00-81f8-4c9fb94e96db: TaskFinished(421,35850,None,true,None)
Sending msg to client play-fork-run-34f4cc4e-22c6-4a00-81f8-4c9fb94e96db: TaskStarted(421,35849,Some(AttributeKey[scala.collection.immutable.Map[sbt.ModuleID,sbt.SourcePosition]]("dependencyPositions") in Scope(Build: file:/D:/Kuliah/file_latihan_scala/PLAY/learn-to-play-scala/, , Project: ProjectReference(file:/D:/Kuliah/file_latihan_scala/PLAY/learn-to-play-scala/,root))))
Sending msg to client play-fork-run-34f4cc4e-22c6-4a00-81f8-4c9fb94e96db: TaskFinished(421,35851,None,true,None)
Sending msg to client play-fork-run-34f4cc4e-22c6-4a00-81f8-4c9fb94e96db: TaskFinished(421,35861,None,true,None)
Sending msg to client play-fork-run-34f4cc4e-22c6-4a00-81f8-4c9fb94e96db: TaskFinished(421,35863,None,true,None)
Sending msg to client play-fork-run-34f4cc4e-22c6-4a00-81f8-4c9fb94e96db: TaskFinished(421,35865,None,true,None)
Sending msg to client play-fork-run-34f4cc4e-22c6-4a00-81f8-4c9fb94e96db: TaskFinished(421,35835,Some(AttributeKey[sbt.Settings[sbt.Scope]]("settingsData") in Scope(Global)),true,None)
Sending msg to client play-fork-run-34f4cc4e-22c6-4a00-81f8-4c9fb94e96db: TaskStarted(421,35834,Some(AttributeKey[scala.collection.immutable.Map[org.apache.ivy.core.module.id.ModuleRevisionId,org.apache.ivy.core.module.descriptor.ModuleDescriptor]]("projectDescriptors") in Scope(Build: file:/D:/Kuliah/file_latihan_scala/PLAY/learn-to-play-scala/, , Project: ProjectReference(file:/D:/Kuliah/file_latihan_scala/PLAY/learn-to-play-scala/,root))))
Sending msg to client play-fork-run-34f4cc4e-22c6-4a00-81f8-4c9fb94e96db: TaskStarted(421,35845,Some(AttributeKey[scala.collection.Seq[sbt.ModuleID]]("projectDependencies") in Scope(Build: file:/D:/Kuliah/file_latihan_scala/PLAY/learn-to-play-scala/, , Project: ProjectReference(file:/D:/Kuliah/file_latihan_scala/PLAY/learn-to-play-scala/,root))))
Sending msg to client play-fork-run-34f4cc4e-22c6-4a00-81f8-4c9fb94e96db: TaskStarted(421,35852,None)
Sending msg to client play-fork-run-34f4cc4e-22c6-4a00-81f8-4c9fb94e96db: TaskStarted(421,35864,None)
Sending msg to client play-fork-run-34f4cc4e-22c6-4a00-81f8-4c9fb94e96db: TaskFinished(421,35816,None,true,None)
Sending msg to client play-fork-run-34f4cc4e-22c6-4a00-81f8-4c9fb94e96db: TaskStarted(421,35815,Some(AttributeKey[scala.collection.Seq[scala.Tuple2[java.lang.String,java.io.File]]]("playAllAssets") in Scope(Build: file:/D:/Kuliah/file_latihan_scala/PLAY/learn-to-play-scala/, , Project: ProjectReference(file:/D:/Kuliah/file_latihan_scala/PLAY/learn-to-play-scala/,root))))
Sending msg to client play-fork-run-34f4cc4e-22c6-4a00-81f8-4c9fb94e96db: TaskFinished(421,35849,Some(AttributeKey[scala.collection.immutable.Map[sbt.ModuleID,sbt.SourcePosition]]("dependencyPositions") in Scope(Build: file:/D:/Kuliah/file_latihan_scala/PLAY/learn-to-play-scala/, , Project: ProjectReference(file:/D:/Kuliah/file_latihan_scala/PLAY/learn-to-play-scala/,root))),true,None)
Sending msg to client play-fork-run-34f4cc4e-22c6-4a00-81f8-4c9fb94e96db: TaskStarted(421,35848,Some(AttributeKey[sbt.UnresolvedWarningConfiguration]("unresolvedWarningConfiguration") in Scope(Build: file:/D:/Kuliah/file_latihan_scala/PLAY/learn-to-play-scala/, , Project: ProjectReference(file:/D:/Kuliah/file_latihan_scala/PLAY/learn-to-play-scala/,root), Task: AttributeKey[sbt.UpdateReport]("update"))))
Sending msg to client play-fork-run-34f4cc4e-22c6-4a00-81f8-4c9fb94e96db: TaskStarted(421,35869,None)
Sending msg to client play-fork-run-34f4cc4e-22c6-4a00-81f8-4c9fb94e96db: TaskFinished(421,35845,Some(AttributeKey[scala.collection.Seq[sbt.ModuleID]]("projectDependencies") in Scope(Build: file:/D:/Kuliah/file_latihan_scala/PLAY/learn-to-play-scala/, , Project: ProjectReference(file:/D:/Kuliah/file_latihan_scala/PLAY/learn-to-play-scala/,root))),true,None)
Sending msg to client play-fork-run-34f4cc4e-22c6-4a00-81f8-4c9fb94e96db: TaskStarted(421,35844,Some(AttributeKey[scala.collection.Seq[sbt.ModuleID]]("allDependencies") in Scope(Build: file:/D:/Kuliah/file_latihan_scala/PLAY/learn-to-play-scala/, , Project: ProjectReference(file:/D:/Kuliah/file_latihan_scala/PLAY/learn-to-play-scala/,root))))
Sending msg to client play-fork-run-34f4cc4e-22c6-4a00-81f8-4c9fb94e96db: TaskStarted(421,35870,None)
Sending msg to client play-fork-run-34f4cc4e-22c6-4a00-81f8-4c9fb94e96db: TaskStarted(421,35874,None)
Sending msg to client play-fork-run-34f4cc4e-22c6-4a00-81f8-4c9fb94e96db: TaskStarted(421,35875,None)
Sending msg to client play-fork-run-34f4cc4e-22c6-4a00-81f8-4c9fb94e96db: TaskStarted(421,35878,None)
Sending msg to client play-fork-run-34f4cc4e-22c6-4a00-81f8-4c9fb94e96db: TaskStarted(421,35879,None)
Sending msg to client play-fork-run-34f4cc4e-22c6-4a00-81f8-4c9fb94e96db: TaskStarted(421,35881,None)
Sending msg to client play-fork-run-34f4cc4e-22c6-4a00-81f8-4c9fb94e96db: TaskFinished(421,35815,Some(AttributeKey[scala.collection.Seq[scala.Tuple2[java.lang.String,java.io.File]]]("playAllAssets") in Scope(Build: file:/D:/Kuliah/file_latihan_scala/PLAY/learn-to-play-scala/, , Project: ProjectReference(file:/D:/Kuliah/file_latihan_scala/PLAY/learn-to-play-scala/,root))),true,None)
Sending msg to client play-fork-run-34f4cc4e-22c6-4a00-81f8-4c9fb94e96db: TaskFinished(421,35848,Some(AttributeKey[sbt.UnresolvedWarningConfiguration]("unresolvedWarningConfiguration") in Scope(Build: file:/D:/Kuliah/file_latihan_scala/PLAY/learn-to-play-scala/, , Project: ProjectReference(file:/D:/Kuliah/file_latihan_scala/PLAY/learn-to-play-scala/,root), Task: AttributeKey[sbt.UpdateReport]("update"))),true,None)
Sending msg to client play-fork-run-34f4cc4e-22c6-4a00-81f8-4c9fb94e96db: TaskFinished(421,35869,None,true,None)
Sending msg to client play-fork-run-34f4cc4e-22c6-4a00-81f8-4c9fb94e96db: TaskStarted(421,35868,None)
Sending msg to client play-fork-run-34f4cc4e-22c6-4a00-81f8-4c9fb94e96db: TaskFinished(421,35844,Some(AttributeKey[scala.collection.Seq[sbt.ModuleID]]("allDependencies") in Scope(Build: file:/D:/Kuliah/file_latihan_scala/PLAY/learn-to-play-scala/, , Project: ProjectReference(file:/D:/Kuliah/file_latihan_scala/PLAY/learn-to-play-scala/,root))),true,None)
Sending msg to client play-fork-run-34f4cc4e-22c6-4a00-81f8-4c9fb94e96db: TaskStarted(421,35843,Some(AttributeKey[sbt.ModuleSettings]("moduleSettings") in Scope(Build: file:/D:/Kuliah/file_latihan_scala/PLAY/learn-to-play-scala/, , Project: ProjectReference(file:/D:/Kuliah/file_latihan_scala/PLAY/learn-to-play-scala/,root))))
Sending msg to client play-fork-run-34f4cc4e-22c6-4a00-81f8-4c9fb94e96db: TaskFinished(421,35870,None,true,None)
Sending msg to client play-fork-run-34f4cc4e-22c6-4a00-81f8-4c9fb94e96db: TaskFinished(421,35852,None,true,None)
Sending msg to client play-fork-run-34f4cc4e-22c6-4a00-81f8-4c9fb94e96db: TaskFinished(421,35874,None,true,None)
Sending msg to client play-fork-run-34f4cc4e-22c6-4a00-81f8-4c9fb94e96db: TaskFinished(421,35875,None,true,None)
Sending msg to client play-fork-run-34f4cc4e-22c6-4a00-81f8-4c9fb94e96db: TaskStarted(421,35873,Some(AttributeKey[scala.collection.Seq[sbt.Attributed[java.io.File]]]("unmanagedJars") in Scope(Build: file:/D:/Kuliah/file_latihan_scala/PLAY/learn-to-play-scala/, , Project: ProjectReference(file:/D:/Kuliah/file_latihan_scala/PLAY/learn-to-play-scala/,root), Config: runtime)))
Sending msg to client play-fork-run-34f4cc4e-22c6-4a00-81f8-4c9fb94e96db: TaskFinished(421,35878,None,true,None)
Sending msg to client play-fork-run-34f4cc4e-22c6-4a00-81f8-4c9fb94e96db: TaskFinished(421,35879,None,true,None)
Sending msg to client play-fork-run-34f4cc4e-22c6-4a00-81f8-4c9fb94e96db: TaskStarted(421,35877,Some(AttributeKey[scala.collection.Seq[sbt.Attributed[java.io.File]]]("unmanagedJars") in Scope(Build: file:/D:/Kuliah/file_latihan_scala/PLAY/learn-to-play-scala/, , Project: ProjectReference(file:/D:/Kuliah/file_latihan_scala/PLAY/learn-to-play-scala/,root), Config: compile)))
Sending msg to client play-fork-run-34f4cc4e-22c6-4a00-81f8-4c9fb94e96db: TaskFinished(421,35881,None,true,None)
Sending msg to client play-fork-run-34f4cc4e-22c6-4a00-81f8-4c9fb94e96db: TaskStarted(421,35880,None)
Sending msg to client play-fork-run-34f4cc4e-22c6-4a00-81f8-4c9fb94e96db: TaskFinished(421,35868,None,true,None)
Sending msg to client play-fork-run-34f4cc4e-22c6-4a00-81f8-4c9fb94e96db: TaskFinished(421,35834,Some(AttributeKey[scala.collection.immutable.Map[org.apache.ivy.core.module.id.ModuleRevisionId,org.apache.ivy.core.module.descriptor.ModuleDescriptor]]("projectDescriptors") in Scope(Build: file:/D:/Kuliah/file_latihan_scala/PLAY/learn-to-play-scala/, , Project: ProjectReference(file:/D:/Kuliah/file_latihan_scala/PLAY/learn-to-play-scala/,root))),true,None)
Sending msg to client play-fork-run-34f4cc4e-22c6-4a00-81f8-4c9fb94e96db: TaskStarted(421,35833,Some(AttributeKey[sbt.Resolver]("projectResolver") in Scope(Build: file:/D:/Kuliah/file_latihan_scala/PLAY/learn-to-play-scala/, , Project: ProjectReference(file:/D:/Kuliah/file_latihan_scala/PLAY/learn-to-play-scala/,root))))
Sending msg to client play-fork-run-34f4cc4e-22c6-4a00-81f8-4c9fb94e96db: TaskFinished(421,35843,Some(AttributeKey[sbt.ModuleSettings]("moduleSettings") in Scope(Build: file:/D:/Kuliah/file_latihan_scala/PLAY/learn-to-play-scala/, , Project: ProjectReference(file:/D:/Kuliah/file_latihan_scala/PLAY/learn-to-play-scala/,root))),true,None)
Sending msg to client play-fork-run-34f4cc4e-22c6-4a00-81f8-4c9fb94e96db: TaskFinished(421,35873,Some(AttributeKey[scala.collection.Seq[sbt.Attributed[java.io.File]]]("unmanagedJars") in Scope(Build: file:/D:/Kuliah/file_latihan_scala/PLAY/learn-to-play-scala/, , Project: ProjectReference(file:/D:/Kuliah/file_latihan_scala/PLAY/learn-to-play-scala/,root), Config: runtime)),true,None)
Sending msg to client play-fork-run-34f4cc4e-22c6-4a00-81f8-4c9fb94e96db: TaskFinished(421,35877,Some(AttributeKey[scala.collection.Seq[sbt.Attributed[java.io.File]]]("unmanagedJars") in Scope(Build: file:/D:/Kuliah/file_latihan_scala/PLAY/learn-to-play-scala/, , Project: ProjectReference(file:/D:/Kuliah/file_latihan_scala/PLAY/learn-to-play-scala/,root), Config: compile)),true,None)
Sending msg to client play-fork-run-34f4cc4e-22c6-4a00-81f8-4c9fb94e96db: TaskStarted(421,35882,None)
Sending msg to client play-fork-run-34f4cc4e-22c6-4a00-81f8-4c9fb94e96db: TaskFinished(421,35833,Some(AttributeKey[sbt.Resolver]("projectResolver") in Scope(Build: file:/D:/Kuliah/file_latihan_scala/PLAY/learn-to-play-scala/, , Project: ProjectReference(file:/D:/Kuliah/file_latihan_scala/PLAY/learn-to-play-scala/,root))),true,None)
Sending msg to client play-fork-run-34f4cc4e-22c6-4a00-81f8-4c9fb94e96db: TaskStarted(421,35832,Some(AttributeKey[scala.collection.Seq[sbt.Resolver]]("fullResolvers") in Scope(Build: file:/D:/Kuliah/file_latihan_scala/PLAY/learn-to-play-scala/, , Project: ProjectReference(file:/D:/Kuliah/file_latihan_scala/PLAY/learn-to-play-scala/,root))))
Sending msg to client play-fork-run-34f4cc4e-22c6-4a00-81f8-4c9fb94e96db: TaskFinished(421,35882,None,true,None)
Sending msg to client play-fork-run-34f4cc4e-22c6-4a00-81f8-4c9fb94e96db: TaskFinished(421,35880,None,true,None)
Sending msg to client play-fork-run-34f4cc4e-22c6-4a00-81f8-4c9fb94e96db: TaskStarted(421,35876,Some(AttributeKey[scala.collection.Seq[sbt.Attributed[java.io.File]]]("unmanagedJars") in Scope(Build: file:/D:/Kuliah/file_latihan_scala/PLAY/learn-to-play-scala/, , Project: ProjectReference(file:/D:/Kuliah/file_latihan_scala/PLAY/learn-to-play-scala/,root), Config: compile)))
Sending msg to client play-fork-run-34f4cc4e-22c6-4a00-81f8-4c9fb94e96db: TaskFinished(421,35832,Some(AttributeKey[scala.collection.Seq[sbt.Resolver]]("fullResolvers") in Scope(Build: file:/D:/Kuliah/file_latihan_scala/PLAY/learn-to-play-scala/, , Project: ProjectReference(file:/D:/Kuliah/file_latihan_scala/PLAY/learn-to-play-scala/,root))),true,None)
Sending msg to client play-fork-run-34f4cc4e-22c6-4a00-81f8-4c9fb94e96db: TaskStarted(421,35829,Some(AttributeKey[sbt.IvyConfiguration]("ivyConfiguration") in Scope(Build: file:/D:/Kuliah/file_latihan_scala/PLAY/learn-to-play-scala/, , Project: ProjectReference(file:/D:/Kuliah/file_latihan_scala/PLAY/learn-to-play-scala/,root))))
Sending msg to client play-fork-run-34f4cc4e-22c6-4a00-81f8-4c9fb94e96db: TaskFinished(421,35876,Some(AttributeKey[scala.collection.Seq[sbt.Attributed[java.io.File]]]("unmanagedJars") in Scope(Build: file:/D:/Kuliah/file_latihan_scala/PLAY/learn-to-play-scala/, , Project: ProjectReference(file:/D:/Kuliah/file_latihan_scala/PLAY/learn-to-play-scala/,root), Config: compile)),true,None)
Sending msg to client play-fork-run-34f4cc4e-22c6-4a00-81f8-4c9fb94e96db: TaskStarted(421,35872,None)
Sending msg to client play-fork-run-34f4cc4e-22c6-4a00-81f8-4c9fb94e96db: TaskFinished(421,35829,Some(AttributeKey[sbt.IvyConfiguration]("ivyConfiguration") in Scope(Build: file:/D:/Kuliah/file_latihan_scala/PLAY/learn-to-play-scala/, , Project: ProjectReference(file:/D:/Kuliah/file_latihan_scala/PLAY/learn-to-play-scala/,root))),true,None)
Sending msg to client play-fork-run-34f4cc4e-22c6-4a00-81f8-4c9fb94e96db: TaskStarted(421,35828,Some(AttributeKey[sbt.IvySbt]("ivySbt") in Scope(Build: file:/D:/Kuliah/file_latihan_scala/PLAY/learn-to-play-scala/, , Project: ProjectReference(file:/D:/Kuliah/file_latihan_scala/PLAY/learn-to-play-scala/,root))))
Sending msg to client play-fork-run-34f4cc4e-22c6-4a00-81f8-4c9fb94e96db: TaskFinished(421,35872,None,true,None)
Sending msg to client play-fork-run-34f4cc4e-22c6-4a00-81f8-4c9fb94e96db: TaskStarted(421,35871,None)
Sending msg to client play-fork-run-34f4cc4e-22c6-4a00-81f8-4c9fb94e96db: TaskFinished(421,35871,None,true,None)
Sending msg to client play-fork-run-34f4cc4e-22c6-4a00-81f8-4c9fb94e96db: TaskFinished(421,35864,None,true,None)
Sending msg to client play-fork-run-34f4cc4e-22c6-4a00-81f8-4c9fb94e96db: TaskStarted(421,35862,Some(AttributeKey[scala.collection.Seq[sbt.Attributed[java.io.File]]]("unmanagedClasspath") in Scope(Build: file:/D:/Kuliah/file_latihan_scala/PLAY/learn-to-play-scala/, , Project: ProjectReference(file:/D:/Kuliah/file_latihan_scala/PLAY/learn-to-play-scala/,root), Config: runtime)))
Sending msg to client play-fork-run-34f4cc4e-22c6-4a00-81f8-4c9fb94e96db: TaskFinished(421,35828,Some(AttributeKey[sbt.IvySbt]("ivySbt") in Scope(Build: file:/D:/Kuliah/file_latihan_scala/PLAY/learn-to-play-scala/, , Project: ProjectReference(file:/D:/Kuliah/file_latihan_scala/PLAY/learn-to-play-scala/,root))),true,None)
Sending msg to client play-fork-run-34f4cc4e-22c6-4a00-81f8-4c9fb94e96db: TaskStarted(421,35827,Some(AttributeKey[sbt.IvySbt$Module]("ivyModule") in Scope(Build: file:/D:/Kuliah/file_latihan_scala/PLAY/learn-to-play-scala/, , Project: ProjectReference(file:/D:/Kuliah/file_latihan_scala/PLAY/learn-to-play-scala/,root))))
Sending msg to client play-fork-run-34f4cc4e-22c6-4a00-81f8-4c9fb94e96db: TaskFinished(421,35862,Some(AttributeKey[scala.collection.Seq[sbt.Attributed[java.io.File]]]("unmanagedClasspath") in Scope(Build: file:/D:/Kuliah/file_latihan_scala/PLAY/learn-to-play-scala/, , Project: ProjectReference(file:/D:/Kuliah/file_latihan_scala/PLAY/learn-to-play-scala/,root), Config: runtime)),true,None)
Sending msg to client play-fork-run-34f4cc4e-22c6-4a00-81f8-4c9fb94e96db: TaskFinished(421,35827,Some(AttributeKey[sbt.IvySbt$Module]("ivyModule") in Scope(Build: file:/D:/Kuliah/file_latihan_scala/PLAY/learn-to-play-scala/, , Project: ProjectReference(file:/D:/Kuliah/file_latihan_scala/PLAY/learn-to-play-scala/,root))),true,None)
Sending msg to client play-fork-run-34f4cc4e-22c6-4a00-81f8-4c9fb94e96db: TaskStarted(421,35825,Some(AttributeKey[sbt.UpdateReport]("update") in Scope(Build: file:/D:/Kuliah/file_latihan_scala/PLAY/learn-to-play-scala/, , Project: ProjectReference(file:/D:/Kuliah/file_latihan_scala/PLAY/learn-to-play-scala/,root))))
Sending msg to client play-fork-run-34f4cc4e-22c6-4a00-81f8-4c9fb94e96db: TaskFinished(421,35825,Some(AttributeKey[sbt.UpdateReport]("update") in Scope(Build: file:/D:/Kuliah/file_latihan_scala/PLAY/learn-to-play-scala/, , Project: ProjectReference(file:/D:/Kuliah/file_latihan_scala/PLAY/learn-to-play-scala/,root))),true,None)
Sending msg to client play-fork-run-34f4cc4e-22c6-4a00-81f8-4c9fb94e96db: TaskStarted(421,35824,Some(AttributeKey[sbt.UpdateReport]("update") in Scope(Build: file:/D:/Kuliah/file_latihan_scala/PLAY/learn-to-play-scala/, , Project: ProjectReference(file:/D:/Kuliah/file_latihan_scala/PLAY/learn-to-play-scala/,root))))
Sending msg to client play-fork-run-34f4cc4e-22c6-4a00-81f8-4c9fb94e96db: TaskFinished(421,35824,Some(AttributeKey[sbt.UpdateReport]("update") in Scope(Build: file:/D:/Kuliah/file_latihan_scala/PLAY/learn-to-play-scala/, , Project: ProjectReference(file:/D:/Kuliah/file_latihan_scala/PLAY/learn-to-play-scala/,root))),true,None)
Sending msg to client play-fork-run-34f4cc4e-22c6-4a00-81f8-4c9fb94e96db: TaskStarted(421,35859,Some(AttributeKey[sbt.Configuration]("classpathConfiguration") in Scope(Build: file:/D:/Kuliah/file_latihan_scala/PLAY/learn-to-play-scala/, , Project: ProjectReference(file:/D:/Kuliah/file_latihan_scala/PLAY/learn-to-play-scala/,root), Config: compile)))
Sending msg to client play-fork-run-34f4cc4e-22c6-4a00-81f8-4c9fb94e96db: TaskStarted(421,35867,Some(AttributeKey[scala.collection.Seq[sbt.Attributed[java.io.File]]]("managedClasspath") in Scope(Build: file:/D:/Kuliah/file_latihan_scala/PLAY/learn-to-play-scala/, , Project: ProjectReference(file:/D:/Kuliah/file_latihan_scala/PLAY/learn-to-play-scala/,root), Config: docs)))
Sending msg to client play-fork-run-34f4cc4e-22c6-4a00-81f8-4c9fb94e96db: TaskFinished(421,35859,Some(AttributeKey[sbt.Configuration]("classpathConfiguration") in Scope(Build: file:/D:/Kuliah/file_latihan_scala/PLAY/learn-to-play-scala/, , Project: ProjectReference(file:/D:/Kuliah/file_latihan_scala/PLAY/learn-to-play-scala/,root), Config: compile)),true,None)
Sending msg to client play-fork-run-34f4cc4e-22c6-4a00-81f8-4c9fb94e96db: TaskStarted(421,35858,None)
Sending msg to client play-fork-run-34f4cc4e-22c6-4a00-81f8-4c9fb94e96db: TaskFinished(421,35867,Some(AttributeKey[scala.collection.Seq[sbt.Attributed[java.io.File]]]("managedClasspath") in Scope(Build: file:/D:/Kuliah/file_latihan_scala/PLAY/learn-to-play-scala/, , Project: ProjectReference(file:/D:/Kuliah/file_latihan_scala/PLAY/learn-to-play-scala/,root), Config: docs)),true,None)
Sending msg to client play-fork-run-34f4cc4e-22c6-4a00-81f8-4c9fb94e96db: TaskFinished(421,35858,None,true,None)
Sending msg to client play-fork-run-34f4cc4e-22c6-4a00-81f8-4c9fb94e96db: TaskStarted(421,35823,Some(AttributeKey[sbt.Configuration]("classpathConfiguration") in Scope(Build: file:/D:/Kuliah/file_latihan_scala/PLAY/learn-to-play-scala/, , Project: ProjectReference(file:/D:/Kuliah/file_latihan_scala/PLAY/learn-to-play-scala/,root), Config: runtime)))
Sending msg to client play-fork-run-34f4cc4e-22c6-4a00-81f8-4c9fb94e96db: TaskFinished(421,35823,Some(AttributeKey[sbt.Configuration]("classpathConfiguration") in Scope(Build: file:/D:/Kuliah/file_latihan_scala/PLAY/learn-to-play-scala/, , Project: ProjectReference(file:/D:/Kuliah/file_latihan_scala/PLAY/learn-to-play-scala/,root), Config: runtime)),true,None)
Sending msg to client play-fork-run-34f4cc4e-22c6-4a00-81f8-4c9fb94e96db: TaskStarted(421,35822,None)
Sending msg to client play-fork-run-34f4cc4e-22c6-4a00-81f8-4c9fb94e96db: TaskFinished(421,35822,None,true,None)
Sending msg to client play-fork-run-34f4cc4e-22c6-4a00-81f8-4c9fb94e96db: TaskStarted(421,35821,Some(AttributeKey[scala.collection.Seq[sbt.Attributed[java.io.File]]]("managedClasspath") in Scope(Build: file:/D:/Kuliah/file_latihan_scala/PLAY/learn-to-play-scala/, , Project: ProjectReference(file:/D:/Kuliah/file_latihan_scala/PLAY/learn-to-play-scala/,root), Config: runtime)))
Sending msg to client play-fork-run-34f4cc4e-22c6-4a00-81f8-4c9fb94e96db: TaskFinished(421,35821,Some(AttributeKey[scala.collection.Seq[sbt.Attributed[java.io.File]]]("managedClasspath") in Scope(Build: file:/D:/Kuliah/file_latihan_scala/PLAY/learn-to-play-scala/, , Project: ProjectReference(file:/D:/Kuliah/file_latihan_scala/PLAY/learn-to-play-scala/,root), Config: runtime)),true,None)
Sending msg to client play-fork-run-34f4cc4e-22c6-4a00-81f8-4c9fb94e96db: TaskStarted(421,35820,None)
Sending msg to client play-fork-run-34f4cc4e-22c6-4a00-81f8-4c9fb94e96db: TaskFinished(421,35820,None,true,None)
Sending msg to client play-fork-run-34f4cc4e-22c6-4a00-81f8-4c9fb94e96db: TaskStarted(421,35819,Some(AttributeKey[scala.collection.Seq[sbt.Attributed[java.io.File]]]("playDependencyClasspath") in Scope(Build: file:/D:/Kuliah/file_latihan_scala/PLAY/learn-to-play-scala/, , Project: ProjectReference(file:/D:/Kuliah/file_latihan_scala/PLAY/learn-to-play-scala/,root))))
Sending msg to client play-fork-run-34f4cc4e-22c6-4a00-81f8-4c9fb94e96db: TaskFinished(421,35819,Some(AttributeKey[scala.collection.Seq[sbt.Attributed[java.io.File]]]("playDependencyClasspath") in Scope(Build: file:/D:/Kuliah/file_latihan_scala/PLAY/learn-to-play-scala/, , Project: ProjectReference(file:/D:/Kuliah/file_latihan_scala/PLAY/learn-to-play-scala/,root))),true,None)
Sending msg to client play-fork-run-34f4cc4e-22c6-4a00-81f8-4c9fb94e96db: TaskStarted(421,35813,Some(AttributeKey[play.forkrun.protocol.ForkConfig]("playForkConfig") in Scope(Build: file:/D:/Kuliah/file_latihan_scala/PLAY/learn-to-play-scala/, , Project: ProjectReference(file:/D:/Kuliah/file_latihan_scala/PLAY/learn-to-play-scala/,root))))
Sending msg to client play-fork-run-34f4cc4e-22c6-4a00-81f8-4c9fb94e96db: TaskFinished(421,35813,Some(AttributeKey[play.forkrun.protocol.ForkConfig]("playForkConfig") in Scope(Build: file:/D:/Kuliah/file_latihan_scala/PLAY/learn-to-play-scala/, , Project: ProjectReference(file:/D:/Kuliah/file_latihan_scala/PLAY/learn-to-play-scala/,root))),true,None)
Sending msg to client play-fork-run-34f4cc4e-22c6-4a00-81f8-4c9fb94e96db: ValueChanged(AttributeKey[play.forkrun.protocol.ForkConfig]("playForkConfig") in Scope(Build: file:/D:/Kuliah/file_latihan_scala/PLAY/learn-to-play-scala/, , Project: ProjectReference(file:/D:/Kuliah/file_latihan_scala/PLAY/learn-to-play-scala/,root)),TaskSuccess(BuildValue(LazyValue(ForkConfig(D:\Kuliah\file_latihan_scala\PLAY\learn-to-play-scala,List(),List(d:\playframework-typesafe-activator-1.3.10\activator-dist-1.3.10\repository\org.scala-lang\scala-library\2.11.6\jars\scala-library.jar, C:\Users\muhrifqii\.ivy2\cache\com.typesafe.play\twirl-api_2.11\jars\twirl-api_2.11-1.0.2.jar, C:\Users\muhrifqii\.ivy2\cache\org.apache.commons\commons-lang3\jars\commons-lang3-3.1.jar, C:\Users\muhrifqii\.ivy2\cache\org.scala-lang.modules\scala-xml_2.11\bundles\scala-xml_2.11-1.0.1.jar, C:\Users\muhrifqii\.ivy2\cache\com.typesafe.play\play_2.11\jars\play_2.11-2.3.10.jar, C:\Users\muhrifqii\.ivy2\cache\com.typesafe.play\build-link\jars\build-link-2.3.10.jar, C:\Users\muhrifqii\.ivy2\cache\com.typesafe.play\play-exceptions\jars\play-exceptions-2.3.10.jar, C:\Users\muhrifqii\.ivy2\cache\org.javassist\javassist\bundles\javassist-3.18.2-GA.jar, C:\Users\muhrifqii\.ivy2\cache\com.typesafe.play\play-iteratees_2.11\jars\play-iteratees_2.11-2.3.10.jar, C:\Users\muhrifqii\.ivy2\cache\org.scala-stm\scala-stm_2.11\jars\scala-stm_2.11-0.7.jar, C:\Users\muhrifqii\.ivy2\cache\com.typesafe\config\bundles\config-1.2.1.jar, C:\Users\muhrifqii\.ivy2\cache\com.typesafe.play\play-json_2.11\jars\play-json_2.11-2.3.10.jar, C:\Users\muhrifqii\.ivy2\cache\com.typesafe.play\play-functional_2.11\jars\play-functional_2.11-2.3.10.jar, C:\Users\muhrifqii\.ivy2\cache\com.typesafe.play\play-datacommons_2.11\jars\play-datacommons_2.11-2.3.10.jar, C:\Users\muhrifqii\.ivy2\cache\joda-time\joda-time\jars\joda-time-2.3.jar, C:\Users\muhrifqii\.ivy2\cache\org.joda\joda-convert\jars\joda-convert-1.6.jar, C:\Users\muhrifqii\.ivy2\cache\com.fasterxml.jackson.core\jackson-annotations\bundles\jackson-annotations-2.3.2.jar, C:\Users\muhrifqii\.ivy2\cache\com.fasterxml.jackson.core\jackson-core\bundles\jackson-core-2.3.2.jar, C:\Users\muhrifqii\.ivy2\cache\com.fasterxml.jackson.core\jackson-databind\bundles\jackson-databind-2.3.2.jar, C:\Users\muhrifqii\.ivy2\cache\org.scala-lang\scala-reflect\jars\scala-reflect-2.11.1.jar, C:\Users\muhrifqii\.ivy2\cache\org.scala-lang.modules\scala-parser-combinators_2.11\bundles\scala-parser-combinators_2.11-1.0.1.jar, C:\Users\muhrifqii\.ivy2\cache\io.netty\netty\bundles\netty-3.9.9.Final.jar, C:\Users\muhrifqii\.ivy2\cache\com.typesafe.netty\netty-http-pipelining\jars\netty-http-pipelining-1.1.2.jar, C:\Users\muhrifqii\.ivy2\cache\org.slf4j\slf4j-api\jars\slf4j-api-1.7.6.jar, C:\Users\muhrifqii\.ivy2\cache\org.slf4j\jul-to-slf4j\jars\jul-to-slf4j-1.7.6.jar, C:\Users\muhrifqii\.ivy2\cache\org.slf4j\jcl-over-slf4j\jars\jcl-over-slf4j-1.7.6.jar, C:\Users\muhrifqii\.ivy2\cache\ch.qos.logback\logback-core\jars\logback-core-1.1.1.jar, C:\Users\muhrifqii\.ivy2\cache\ch.qos.logback\logback-classic\jars\logback-classic-1.1.1.jar, C:\Users\muhrifqii\.ivy2\cache\com.typesafe.akka\akka-actor_2.11\jars\akka-actor_2.11-2.3.4.jar, C:\Users\muhrifqii\.ivy2\cache\com.typesafe.akka\akka-slf4j_2.11\jars\akka-slf4j_2.11-2.3.4.jar, C:\Users\muhrifqii\.ivy2\cache\commons-codec\commons-codec\jars\commons-codec-1.9.jar, C:\Users\muhrifqii\.ivy2\cache\xerces\xercesImpl\jars\xercesImpl-2.11.0.jar, C:\Users\muhrifqii\.ivy2\cache\xml-apis\xml-apis\jars\xml-apis-1.4.01.jar, C:\Users\muhrifqii\.ivy2\cache\javax.transaction\jta\jars\jta-1.1.jar, C:\Users\muhrifqii\.ivy2\cache\com.typesafe.play\play-jdbc_2.11\jars\play-jdbc_2.11-2.3.10.jar, d:\playframework-typesafe-activator-1.3.10\activator-dist-1.3.10\repository\com.jolbox\bonecp\0.8.0.RELEASE\bundles\bonecp.jar, D:\playframework-typesafe-activator-1.3.10\activator-dist-1.3.10\repository\com.h2database\h2\1.3.175\jars\h2.jar, d:\playframework-typesafe-activator-1.3.10\activator-dist-1.3.10\repository\tyrex\tyrex\1.0.1\jars\tyrex.jar, C:\Users\muhrifqii\.ivy2\cache\com.typesafe.play\anorm_2.11\jars\anorm_2.11-2.3.10.jar, C:\Users\muhrifqii\.ivy2\cache\com.jsuereth\scala-arm_2.11\jars\scala-arm_2.11-1.4.jar, C:\Users\muhrifqii\.ivy2\cache\org.scala-lang.plugins\scala-continuations-library_2.11\bundles\scala-continuations-library_2.11-1.0.1.jar, C:\Users\muhrifqii\.ivy2\cache\com.typesafe.play\play-cache_2.11\jars\play-cache_2.11-2.3.10.jar, C:\Users\muhrifqii\.ivy2\cache\net.sf.ehcache\ehcache-core\jars\ehcache-core-2.6.8.jar, C:\Users\muhrifqii\.ivy2\cache\com.typesafe.play\play-ws_2.11\jars\play-ws_2.11-2.3.10.jar, C:\Users\muhrifqii\.ivy2\cache\com.google.guava\guava\bundles\guava-16.0.1.jar, C:\Users\muhrifqii\.ivy2\cache\com.ning\async-http-client\jars\async-http-client-1.8.15.jar, C:\Users\muhrifqii\.ivy2\cache\oauth.signpost\signpost-core\jars\signpost-core-1.2.1.2.jar, C:\Users\muhrifqii\.ivy2\cache\oauth.signpost\signpost-commonshttp4\jars\signpost-commonshttp4-1.2.1.2.jar, d:\playframework-typesafe-activator-1.3.10\activator-dist-1.3.10\repository\org.apache.httpcomponents\httpcore\4.0.1\jars\httpcore.jar, d:\playframework-typesafe-activator-1.3.10\activator-dist-1.3.10\repository\org.apache.httpcomponents\httpclient\4.0.1\jars\httpclient.jar, C:\Users\muhrifqii\.ivy2\cache\commons-logging\commons-logging\jars\commons-logging-1.1.1.jar),List((public/,D:\Kuliah\file_latihan_scala\PLAY\learn-to-play-scala\target\web\public\main)),List(C:\Users\muhrifqii\.ivy2\cache\com.typesafe.play\play-docs_2.11\jars\play-docs_2.11-2.3.10.jar, C:\Users\muhrifqii\.ivy2\cache\org.scala-lang\scala-library\jars\scala-library-2.11.1.jar, C:\Users\muhrifqii\.ivy2\cache\com.typesafe.play\play_2.11\jars\play_2.11-2.3.10.jar, C:\Users\muhrifqii\.ivy2\cache\com.typesafe.play\build-link\jars\build-link-2.3.10.jar, C:\Users\muhrifqii\.ivy2\cache\com.typesafe.play\play-exceptions\jars\play-exceptions-2.3.10.jar, C:\Users\muhrifqii\.ivy2\cache\org.javassist\javassist\bundles\javassist-3.18.2-GA.jar, C:\Users\muhrifqii\.ivy2\cache\com.typesafe.play\play-iteratees_2.11\jars\play-iteratees_2.11-2.3.10.jar, C:\Users\muhrifqii\.ivy2\cache\org.scala-stm\scala-stm_2.11\jars\scala-stm_2.11-0.7.jar, C:\Users\muhrifqii\.ivy2\cache\com.typesafe\config\bundles\config-1.2.1.jar, C:\Users\muhrifqii\.ivy2\cache\com.typesafe.play\play-json_2.11\jars\play-json_2.11-2.3.10.jar, C:\Users\muhrifqii\.ivy2\cache\com.typesafe.play\play-functional_2.11\jars\play-functional_2.11-2.3.10.jar, C:\Users\muhrifqii\.ivy2\cache\com.typesafe.play\play-datacommons_2.11\jars\play-datacommons_2.11-2.3.10.jar, C:\Users\muhrifqii\.ivy2\cache\joda-time\joda-time\jars\joda-time-2.3.jar, C:\Users\muhrifqii\.ivy2\cache\org.joda\joda-convert\jars\joda-convert-1.6.jar, C:\Users\muhrifqii\.ivy2\cache\com.fasterxml.jackson.core\jackson-annotations\bundles\jackson-annotations-2.3.2.jar, C:\Users\muhrifqii\.ivy2\cache\com.fasterxml.jackson.core\jackson-core\bundles\jackson-core-2.3.2.jar, C:\Users\muhrifqii\.ivy2\cache\com.fasterxml.jackson.core\jackson-databind\bundles\jackson-databind-2.3.2.jar, C:\Users\muhrifqii\.ivy2\cache\org.scala-lang\scala-reflect\jars\scala-reflect-2.11.1.jar, C:\Users\muhrifqii\.ivy2\cache\com.typesafe.play\twirl-api_2.11\jars\twirl-api_2.11-1.0.2.jar, C:\Users\muhrifqii\.ivy2\cache\org.apache.commons\commons-lang3\jars\commons-lang3-3.1.jar, C:\Users\muhrifqii\.ivy2\cache\org.scala-lang.modules\scala-xml_2.11\bundles\scala-xml_2.11-1.0.1.jar, C:\Users\muhrifqii\.ivy2\cache\org.scala-lang.modules\scala-parser-combinators_2.11\bundles\scala-parser-combinators_2.11-1.0.1.jar, C:\Users\muhrifqii\.ivy2\cache\io.netty\netty\bundles\netty-3.9.9.Final.jar, C:\Users\muhrifqii\.ivy2\cache\com.typesafe.netty\netty-http-pipelining\jars\netty-http-pipelining-1.1.2.jar, C:\Users\muhrifqii\.ivy2\cache\org.slf4j\slf4j-api\jars\slf4j-api-1.7.6.jar, C:\Users\muhrifqii\.ivy2\cache\org.slf4j\jul-to-slf4j\jars\jul-to-slf4j-1.7.6.jar, C:\Users\muhrifqii\.ivy2\cache\org.slf4j\jcl-over-slf4j\jars\jcl-over-slf4j-1.7.6.jar, C:\Users\muhrifqii\.ivy2\cache\ch.qos.logback\logback-core\jars\logback-core-1.1.1.jar, C:\Users\muhrifqii\.ivy2\cache\ch.qos.logback\logback-classic\jars\logback-classic-1.1.1.jar, C:\Users\muhrifqii\.ivy2\cache\com.typesafe.akka\akka-actor_2.11\jars\akka-actor_2.11-2.3.4.jar, C:\Users\muhrifqii\.ivy2\cache\com.typesafe.akka\akka-slf4j_2.11\jars\akka-slf4j_2.11-2.3.4.jar, C:\Users\muhrifqii\.ivy2\cache\commons-codec\commons-codec\jars\commons-codec-1.9.jar, C:\Users\muhrifqii\.ivy2\cache\xerces\xercesImpl\jars\xercesImpl-2.11.0.jar, C:\Users\muhrifqii\.ivy2\cache\xml-apis\xml-apis\jars\xml-apis-1.4.01.jar, C:\Users\muhrifqii\.ivy2\cache\javax.transaction\jta\jars\jta-1.1.jar, C:\Users\muhrifqii\.ivy2\cache\com.typesafe.play\play-doc_2.11\jars\play-doc_2.11-1.1.0.jar, d:\playframework-typesafe-activator-1.3.10\activator-dist-1.3.10\repository\org.pegdown\pegdown\1.4.0\jars\pegdown.jar, d:\playframework-typesafe-activator-1.3.10\activator-dist-1.3.10\repository\org.parboiled\parboiled-java\1.1.5\bundles\parboiled-java.jar, d:\playframework-typesafe-activator-1.3.10\activator-dist-1.3.10\repository\org.parboiled\parboiled-core\1.1.5\bundles\parboiled-core.jar, d:\playframework-typesafe-activator-1.3.10\activator-dist-1.3.10\repository\org.ow2.asm\asm\4.1\jars\asm.jar, d:\playframework-typesafe-activator-1.3.10\activator-dist-1.3.10\repository\org.ow2.asm\asm-tree\4.1\jars\asm-tree.jar, d:\playframework-typesafe-activator-1.3.10\activator-dist-1.3.10\repository\org.ow2.asm\asm-analysis\4.1\jars\asm-analysis.jar, d:\playframework-typesafe-activator-1.3.10\activator-dist-1.3.10\repository\org.ow2.asm\asm-util\4.1\jars\asm-util.jar, d:\playframework-typesafe-activator-1.3.10\activator-dist-1.3.10\repository\commons-io\commons-io\2.4\jars\commons-io.jar),List(),9000,DefaultWatchService,List(D:\Kuliah\file_latihan_scala\PLAY\learn-to-play-scala\app-2.11, D:\Kuliah\file_latihan_scala\PLAY\learn-to-play-scala\app, D:\Kuliah\file_latihan_scala\PLAY\learn-to-play-scala\conf, D:\Kuliah\file_latihan_scala\PLAY\learn-to-play-scala\app\assets, D:\Kuliah\file_latihan_scala\PLAY\learn-to-play-scala\public),D:\Kuliah\file_latihan_scala\PLAY\learn-to-play-scala\target,500,root/playForkNotifyStart,root/playForkReload,300000),scala.pickling.PicklerUnpickler$DelegatingPicklerUnpickler@22c4da1a),ForkConfig(D:\Kuliah\file_latihan_scala\PLAY\learn-to-play-scala,List(),List(d:\playframework-typesafe-activator-1.3.10\activator-dist-1.3.10\repository\org.scala-lang\scala-library\2.11.6\jars\scala-library.jar, C:\Users\muhrifqii\.ivy2\cache\com.typesafe.play\twirl-api_2.11\jars\twirl-api_2.11-1.0.2.jar, C:\Users\muhrifqii\.ivy2\cache\org.apache.commons\commons-lang3\jars\commons-lang3-3.1.jar, C:\Users\muhrifqii\.ivy2\cache\org.scala-lang.modules\scala-xml_2.11\bundles\scala-xml_2.11-1.0.1.jar, C:\Users\muhrifqii\.ivy2\cache\com.typesafe.play\play_2.11\jars\play_2.11-2.3.10.jar, C:\Users\muhrifqii\.ivy2\cache\com.typesafe.play\build-link\jars\build-link-2.3.10.jar, C:\Users\muhrifqii\.ivy2\cache\com.typesafe.play\play-exceptions\jars\play-exceptions-2.3.10.jar, C:\Users\muhrifqii\.ivy2\cache\org.javassist\javassist\bundles\javassist-3.18.2-GA.jar, C:\Users\muhrifqii\.ivy2\cache\com.typesafe.play\play-iteratees_2.11\jars\play-iteratees_2.11-2.3.10.jar, C:\Users\muhrifqii\.ivy2\cache\org.scala-stm\scala-stm_2.11\jars\scala-stm_2.11-0.7.jar, C:\Users\muhrifqii\.ivy2\cache\com.typesafe\config\bundles\config-1.2.1.jar, C:\Users\muhrifqii\.ivy2\cache\com.typesafe.play\play-json_2.11\jars\play-json_2.11-2.3.10.jar, C:\Users\muhrifqii\.ivy2\cache\com.typesafe.play\play-functional_2.11\jars\play-functional_2.11-2.3.10.jar, C:\Users\muhrifqii\.ivy2\cache\com.typesafe.play\play-datacommons_2.11\jars\play-datacommons_2.11-2.3.10.jar, C:\Users\muhrifqii\.ivy2\cache\joda-time\joda-time\jars\joda-time-2.3.jar, C:\Users\muhrifqii\.ivy2\cache\org.joda\joda-convert\jars\joda-convert-1.6.jar, C:\Users\muhrifqii\.ivy2\cache\com.fasterxml.jackson.core\jackson-annotations\bundles\jackson-annotations-2.3.2.jar, C:\Users\muhrifqii\.ivy2\cache\com.fasterxml.jackson.core\jackson-core\bundles\jackson-core-2.3.2.jar, C:\Users\muhrifqii\.ivy2\cache\com.fasterxml.jackson.core\jackson-databind\bundles\jackson-databind-2.3.2.jar, C:\Users\muhrifqii\.ivy2\cache\org.scala-lang\scala-reflect\jars\scala-reflect-2.11.1.jar, C:\Users\muhrifqii\.ivy2\cache\org.scala-lang.modules\scala-parser-combinators_2.11\bundles\scala-parser-combinators_2.11-1.0.1.jar, C:\Users\muhrifqii\.ivy2\cache\io.netty\netty\bundles\netty-3.9.9.Final.jar, C:\Users\muhrifqii\.ivy2\cache\com.typesafe.netty\netty-http-pipelining\jars\netty-http-pipelining-1.1.2.jar, C:\Users\muhrifqii\.ivy2\cache\org.slf4j\slf4j-api\jars\slf4j-api-1.7.6.jar, C:\Users\muhrifqii\.ivy2\cache\org.slf4j\jul-to-slf4j\jars\jul-to-slf4j-1.7.6.jar, C:\Users\muhrifqii\.ivy2\cache\org.slf4j\jcl-over-slf4j\jars\jcl-over-slf4j-1.7.6.jar, C:\Users\muhrifqii\.ivy2\cache\ch.qos.logback\logback-core\jars\logback-core-1.1.1.jar, C:\Users\muhrifqii\.ivy2\cache\ch.qos.logback\logback-classic\jars\logback-classic-1.1.1.jar, C:\Users\muhrifqii\.ivy2\cache\com.typesafe.akka\akka-actor_2.11\jars\akka-actor_2.11-2.3.4.jar, C:\Users\muhrifqii\.ivy2\cache\com.typesafe.akka\akka-slf4j_2.11\jars\akka-slf4j_2.11-2.3.4.jar, C:\Users\muhrifqii\.ivy2\cache\commons-codec\commons-codec\jars\commons-codec-1.9.jar, C:\Users\muhrifqii\.ivy2\cache\xerces\xercesImpl\jars\xercesImpl-2.11.0.jar, C:\Users\muhrifqii\.ivy2\cache\xml-apis\xml-apis\jars\xml-apis-1.4.01.jar, C:\Users\muhrifqii\.ivy2\cache\javax.transaction\jta\jars\jta-1.1.jar, C:\Users\muhrifqii\.ivy2\cache\com.typesafe.play\play-jdbc_2.11\jars\play-jdbc_2.11-2.3.10.jar, d:\playframework-typesafe-activator-1.3.10\activator-dist-1.3.10\repository\com.jolbox\bonecp\0.8.0.RELEASE\bundles\bonecp.jar, D:\playframework-typesafe-activator-1.3.10\activator-dist-1.3.10\repository\com.h2database\h2\1.3.175\jars\h2.jar, d:\playframework-typesafe-activator-1.3.10\activator-dist-1.3.10\repository\tyrex\tyrex\1.0.1\jars\tyrex.jar, C:\Users\muhrifqii\.ivy2\cache\com.typesafe.play\anorm_2.11\jars\anorm_2.11-2.3.10.jar, C:\Users\muhrifqii\.ivy2\cache\com.jsuereth\scala-arm_2.11\jars\scala-arm_2.11-1.4.jar, C:\Users\muhrifqii\.ivy2\cache\org.scala-lang.plugins\scala-continuations-library_2.11\bundles\scala-continuations-library_2.11-1.0.1.jar, C:\Users\muhrifqii\.ivy2\cache\com.typesafe.play\play-cache_2.11\jars\play-cache_2.11-2.3.10.jar, C:\Users\muhrifqii\.ivy2\cache\net.sf.ehcache\ehcache-core\jars\ehcache-core-2.6.8.jar, C:\Users\muhrifqii\.ivy2\cache\com.typesafe.play\play-ws_2.11\jars\play-ws_2.11-2.3.10.jar, C:\Users\muhrifqii\.ivy2\cache\com.google.guava\guava\bundles\guava-16.0.1.jar, C:\Users\muhrifqii\.ivy2\cache\com.ning\async-http-client\jars\async-http-client-1.8.15.jar, C:\Users\muhrifqii\.ivy2\cache\oauth.signpost\signpost-core\jars\signpost-core-1.2.1.2.jar, C:\Users\muhrifqii\.ivy2\cache\oauth.signpost\signpost-commonshttp4\jars\signpost-commonshttp4-1.2.1.2.jar, d:\playframework-typesafe-activator-1.3.10\activator-dist-1.3.10\repository\org.apache.httpcomponents\httpcore\4.0.1\jars\httpcore.jar, d:\playframework-typesafe-activator-1.3.10\activator-dist-1.3.10\repository\org.apache.httpcomponents\httpclient\4.0.1\jars\httpclient.jar, C:\Users\muhrifqii\.ivy2\cache\commons-logging\commons-logging\jars\commons-logging-1.1.1.jar),List((public/,D:\Kuliah\file_latihan_scala\PLAY\learn-to-play-scala\target\web\public\main)),List(C:\Users\muhrifqii\.ivy2\cache\com.typesafe.play\play-docs_2.11\jars\play-docs_2.11-2.3.10.jar, C:\Users\muhrifqii\.ivy2\cache\org.scala-lang\scala-library\jars\scala-library-2.11.1.jar, C:\Users\muhrifqii\.ivy2\cache\com.typesafe.play\play_2.11\jars\play_2.11-2.3.10.jar, C:\Users\muhrifqii\.ivy2\cache\com.typesafe.play\build-link\jars\build-link-2.3.10.jar, C:\Users\muhrifqii\.ivy2\cache\com.typesafe.play\play-exceptions\jars\play-exceptions-2.3.10.jar, C:\Users\muhrifqii\.ivy2\cache\org.javassist\javassist\bundles\javassist-3.18.2-GA.jar, C:\Users\muhrifqii\.ivy2\cache\com.typesafe.play\play-iteratees_2.11\jars\play-iteratees_2.11-2.3.10.jar, C:\Users\muhrifqii\.ivy2\cache\org.scala-stm\scala-stm_2.11\jars\scala-stm_2.11-0.7.jar, C:\Users\muhrifqii\.ivy2\cache\com.typesafe\config\bundles\config-1.2.1.jar, C:\Users\muhrifqii\.ivy2\cache\com.typesafe.play\play-json_2.11\jars\play-json_2.11-2.3.10.jar, C:\Users\muhrifqii\.ivy2\cache\com.typesafe.play\play-functional_2.11\jars\play-functional_2.11-2.3.10.jar, C:\Users\muhrifqii\.ivy2\cache\com.typesafe.play\play-datacommons_2.11\jars\play-datacommons_2.11-2.3.10.jar, C:\Users\muhrifqii\.ivy2\cache\joda-time\joda-time\jars\joda-time-2.3.jar, C:\Users\muhrifqii\.ivy2\cache\org.joda\joda-convert\jars\joda-convert-1.6.jar, C:\Users\muhrifqii\.ivy2\cache\com.fasterxml.jackson.core\jackson-annotations\bundles\jackson-annotations-2.3.2.jar, C:\Users\muhrifqii\.ivy2\cache\com.fasterxml.jackson.core\jackson-core\bundles\jackson-core-2.3.2.jar, C:\Users\muhrifqii\.ivy2\cache\com.fasterxml.jackson.core\jackson-databind\bundles\jackson-databind-2.3.2.jar, C:\Users\muhrifqii\.ivy2\cache\org.scala-lang\scala-reflect\jars\scala-reflect-2.11.1.jar, C:\Users\muhrifqii\.ivy2\cache\com.typesafe.play\twirl-api_2.11\jars\twirl-api_2.11-1.0.2.jar, C:\Users\muhrifqii\.ivy2\cache\org.apache.commons\commons-lang3\jars\commons-lang3-3.1.jar, C:\Users\muhrifqii\.ivy2\cache\org.scala-lang.modules\scala-xml_2.11\bundles\scala-xml_2.11-1.0.1.jar, C:\Users\muhrifqii\.ivy2\cache\org.scala-lang.modules\scala-parser-combinators_2.11\bundles\scala-parser-combinators_2.11-1.0.1.jar, C:\Users\muhrifqii\.ivy2\cache\io.netty\netty\bundles\netty-3.9.9.Final.jar, C:\Users\muhrifqii\.ivy2\cache\com.typesafe.netty\netty-http-pipelining\jars\netty-http-pipelining-1.1.2.jar, C:\Users\muhrifqii\.ivy2\cache\org.slf4j\slf4j-api\jars\slf4j-api-1.7.6.jar, C:\Users\muhrifqii\.ivy2\cache\org.slf4j\jul-to-slf4j\jars\jul-to-slf4j-1.7.6.jar, C:\Users\muhrifqii\.ivy2\cache\org.slf4j\jcl-over-slf4j\jars\jcl-over-slf4j-1.7.6.jar, C:\Users\muhrifqii\.ivy2\cache\ch.qos.logback\logback-core\jars\logback-core-1.1.1.jar, C:\Users\muhrifqii\.ivy2\cache\ch.qos.logback\logback-classic\jars\logback-classic-1.1.1.jar, C:\Users\muhrifqii\.ivy2\cache\com.typesafe.akka\akka-actor_2.11\jars\akka-actor_2.11-2.3.4.jar, C:\Users\muhrifqii\.ivy2\cache\com.typesafe.akka\akka-slf4j_2.11\jars\akka-slf4j_2.11-2.3.4.jar, C:\Users\muhrifqii\.ivy2\cache\commons-codec\commons-codec\jars\commons-codec-1.9.jar, C:\Users\muhrifqii\.ivy2\cache\xerces\xercesImpl\jars\xercesImpl-2.11.0.jar, C:\Users\muhrifqii\.ivy2\cache\xml-apis\xml-apis\jars\xml-apis-1.4.01.jar, C:\Users\muhrifqii\.ivy2\cache\javax.transaction\jta\jars\jta-1.1.jar, C:\Users\muhrifqii\.ivy2\cache\com.typesafe.play\play-doc_2.11\jars\play-doc_2.11-1.1.0.jar, d:\playframework-typesafe-activator-1.3.10\activator-dist-1.3.10\repository\org.pegdown\pegdown\1.4.0\jars\pegdown.jar, d:\playframework-typesafe-activator-1.3.10\activator-dist-1.3.10\repository\org.parboiled\parboiled-java\1.1.5\bundles\parboiled-java.jar, d:\playframework-typesafe-activator-1.3.10\activator-dist-1.3.10\repository\org.parboiled\parboiled-core\1.1.5\bundles\parboiled-core.jar, d:\playframework-typesafe-activator-1.3.10\activator-dist-1.3.10\repository\org.ow2.asm\asm\4.1\jars\asm.jar, d:\playframework-typesafe-activator-1.3.10\activator-dist-1.3.10\repository\org.ow2.asm\asm-tree\4.1\jars\asm-tree.jar, d:\playframework-typesafe-activator-1.3.10\activator-dist-1.3.10\repository\org.ow2.asm\asm-analysis\4.1\jars\asm-analysis.jar, d:\playframework-typesafe-activator-1.3.10\activator-dist-1.3.10\repository\org.ow2.asm\asm-util\4.1\jars\asm-util.jar, d:\playframework-typesafe-activator-1.3.10\activator-dist-1.3.10\repository\commons-io\commons-io\2.4\jars\commons-io.jar),List(),9000,DefaultWatchService,List(D:\Kuliah\file_latihan_scala\PLAY\learn-to-play-scala\app-2.11, D:\Kuliah\file_latihan_scala\PLAY\learn-to-play-scala\app, D:\Kuliah\file_latihan_scala\PLAY\learn-to-play-scala\conf, D:\Kuliah\file_latihan_scala\PLAY\learn-to-play-scala\app\assets, D:\Kuliah\file_latihan_scala\PLAY\learn-to-play-scala\public),D:\Kuliah\file_latihan_scala\PLAY\learn-to-play-scala\target,500,root/playForkNotifyStart,root/playForkReload,300000))))
Sending msg to client play-fork-run-34f4cc4e-22c6-4a00-81f8-4c9fb94e96db: TaskStarted(421,35812,None)
Sending msg to client play-fork-run-34f4cc4e-22c6-4a00-81f8-4c9fb94e96db: TaskFinished(421,35812,None,true,None)
Sending msg to client play-fork-run-34f4cc4e-22c6-4a00-81f8-4c9fb94e96db: TaskStarted(421,35811,None)
Sending msg to client play-fork-run-34f4cc4e-22c6-4a00-81f8-4c9fb94e96db: TaskFinished(421,35811,None,true,None)
Sending msg to client play-fork-run-34f4cc4e-22c6-4a00-81f8-4c9fb94e96db: DetachedLogEvent(LogMessage(debug,cancel strategy finish enabled=false lastCommand=Some(LastCommand(CommandExecutionWork(ExecutionId(421),{file:/D:/Kuliah/file_latihan_scala/PLAY/learn-to-play-scala/}root/*:playForkConfig,Set(LiveClient(play-fork-run 34f4cc4e-22c6-4a00-81f8-4c9fb94e96db)),sbt.server.WorkCancellationStatus$$anon$1@9f4761a)))))
Sending msg to client play-fork-run-34f4cc4e-22c6-4a00-81f8-4c9fb94e96db: DetachedLogEvent(LogSuccess(Total time: 0 s, completed Jun 4, 2016 9:07:22 PM))
Sending msg to client play-fork-run-34f4cc4e-22c6-4a00-81f8-4c9fb94e96db: DetachedLogEvent(LogMessage(debug,> server-post-command-cleanup))
Sending msg to client play-fork-run-34f4cc4e-22c6-4a00-81f8-4c9fb94e96db: ExecutionSuccess(421)
Sending msg to client play-fork-run-34f4cc4e-22c6-4a00-81f8-4c9fb94e96db: DetachedLogEvent(LogMessage(debug,> server-handle-next-server-request))
Sending msg to client play-fork-run-34f4cc4e-22c6-4a00-81f8-4c9fb94e96db: BackgroundJobLogEvent(48,LogMessage(info,))
Sending msg to client play-fork-run-34f4cc4e-22c6-4a00-81f8-4c9fb94e96db: BackgroundJobLogEvent(48,LogMessage(info,--- (Running the application, auto-reloading is enabled) ---))
Sending msg to client play-fork-run-34f4cc4e-22c6-4a00-81f8-4c9fb94e96db: BackgroundJobLogEvent(48,LogMessage(info,))
Sending msg to client play-fork-run-34f4cc4e-22c6-4a00-81f8-4c9fb94e96db: BackgroundJobLogEvent(48,LogMessage(info,play - Listening for HTTP on /0:0:0:0:0:0:0:0:9000))
Sending msg to client play-fork-run-34f4cc4e-22c6-4a00-81f8-4c9fb94e96db: BackgroundJobLogEvent(48,LogMessage(info,))
Sending msg to client play-fork-run-34f4cc4e-22c6-4a00-81f8-4c9fb94e96db: BackgroundJobLogEvent(48,LogMessage(info,(Server started, use Ctrl+D to stop and go back to the console...)))
Sending msg to client play-fork-run-34f4cc4e-22c6-4a00-81f8-4c9fb94e96db: BackgroundJobLogEvent(48,LogMessage(info,))
Got request: ExecutionRequest(root/playForkNotifyStart http://localhost:9000)
Reading next message from client.
Sending msg to client play-fork-run-34f4cc4e-22c6-4a00-81f8-4c9fb94e96db: (8,ExecutionRequestReceived(422))
Sending msg to client play-fork-run-34f4cc4e-22c6-4a00-81f8-4c9fb94e96db: ExecutionWaiting(422,root/playForkNotifyStart http://localhost:9000,ClientInfo(34f4cc4e-22c6-4a00-81f8-4c9fb94e96db,play-fork-run,Play Fork Run,1,Vector()))
Sending msg to client play-fork-run-34f4cc4e-22c6-4a00-81f8-4c9fb94e96db: ExecutionStarting(422)
Sending msg to client play-fork-run-34f4cc4e-22c6-4a00-81f8-4c9fb94e96db: DetachedLogEvent(LogMessage(debug,> root/playForkNotifyStart http://localhost:9000))
Sending msg to client play-fork-run-34f4cc4e-22c6-4a00-81f8-4c9fb94e96db: DetachedLogEvent(LogMessage(debug,Evaluating tasks: *:playForkNotifyStart))
Sending msg to client play-fork-run-34f4cc4e-22c6-4a00-81f8-4c9fb94e96db: DetachedLogEvent(LogMessage(debug,Running task... Cancel: sbt.server.ServerTaskCancellation@45ca8aea, check cycles: false))
Sending msg to client play-fork-run-34f4cc4e-22c6-4a00-81f8-4c9fb94e96db: DetachedLogEvent(LogMessage(debug,cancel strategy start enabled=true lastCommand=Some(LastCommand(CommandExecutionWork(ExecutionId(422),root/playForkNotifyStart http://localhost:9000,Set(LiveClient(play-fork-run 34f4cc4e-22c6-4a00-81f8-4c9fb94e96db)),sbt.server.WorkCancellationStatus$$anon$1@4b45ad6d)))))
Sending msg to client play-fork-run-34f4cc4e-22c6-4a00-81f8-4c9fb94e96db: TaskStarted(422,35887,Some(AttributeKey[sbt.SendEventService]("sendEventService") in Scope(Global)))
Sending msg to client play-fork-run-34f4cc4e-22c6-4a00-81f8-4c9fb94e96db: TaskFinished(422,35887,Some(AttributeKey[sbt.SendEventService]("sendEventService") in Scope(Global)),true,None)
Sending msg to client play-fork-run-34f4cc4e-22c6-4a00-81f8-4c9fb94e96db: TaskStarted(422,35886,Some(AttributeKey[scala.Function1[java.lang.String,void]]("playForkStarted") in Scope(Build: file:/D:/Kuliah/file_latihan_scala/PLAY/learn-to-play-scala/, , Project: ProjectReference(file:/D:/Kuliah/file_latihan_scala/PLAY/learn-to-play-scala/,root))))
Sending msg to client play-fork-run-34f4cc4e-22c6-4a00-81f8-4c9fb94e96db: TaskFinished(422,35886,Some(AttributeKey[scala.Function1[java.lang.String,void]]("playForkStarted") in Scope(Build: file:/D:/Kuliah/file_latihan_scala/PLAY/learn-to-play-scala/, , Project: ProjectReference(file:/D:/Kuliah/file_latihan_scala/PLAY/learn-to-play-scala/,root))),true,None)
Sending msg to client play-fork-run-34f4cc4e-22c6-4a00-81f8-4c9fb94e96db: TaskStarted(422,35885,Some(AttributeKey[void]("playForkNotifyStart") in Scope(Build: file:/D:/Kuliah/file_latihan_scala/PLAY/learn-to-play-scala/, , Project: ProjectReference(file:/D:/Kuliah/file_latihan_scala/PLAY/learn-to-play-scala/,root))))
Sending msg to client play-fork-run-34f4cc4e-22c6-4a00-81f8-4c9fb94e96db: TaskEvent(35885,LazyValue(PlayServerStarted(http://localhost:9000),play.forkrun.protocol.Serializers$PlayForkrunProtocolPlayServerStartedPickler1$2$@24db65fd))
Sending msg to client play-fork-run-34f4cc4e-22c6-4a00-81f8-4c9fb94e96db: TaskFinished(422,35885,Some(AttributeKey[void]("playForkNotifyStart") in Scope(Build: file:/D:/Kuliah/file_latihan_scala/PLAY/learn-to-play-scala/, , Project: ProjectReference(file:/D:/Kuliah/file_latihan_scala/PLAY/learn-to-play-scala/,root))),true,None)
Sending msg to client play-fork-run-34f4cc4e-22c6-4a00-81f8-4c9fb94e96db: TaskStarted(422,35884,None)
Sending msg to client play-fork-run-34f4cc4e-22c6-4a00-81f8-4c9fb94e96db: TaskFinished(422,35884,None,true,None)
Sending msg to client play-fork-run-34f4cc4e-22c6-4a00-81f8-4c9fb94e96db: TaskStarted(422,35883,None)
Sending msg to client play-fork-run-34f4cc4e-22c6-4a00-81f8-4c9fb94e96db: TaskFinished(422,35883,None,true,None)
Sending msg to client play-fork-run-34f4cc4e-22c6-4a00-81f8-4c9fb94e96db: DetachedLogEvent(LogMessage(debug,cancel strategy finish enabled=false lastCommand=Some(LastCommand(CommandExecutionWork(ExecutionId(422),root/playForkNotifyStart http://localhost:9000,Set(LiveClient(play-fork-run 34f4cc4e-22c6-4a00-81f8-4c9fb94e96db)),sbt.server.WorkCancellationStatus$$anon$1@4b45ad6d)))))
Sending msg to client play-fork-run-34f4cc4e-22c6-4a00-81f8-4c9fb94e96db: DetachedLogEvent(LogSuccess(Total time: 0 s, completed Jun 4, 2016 9:07:25 PM))
Sending msg to client play-fork-run-34f4cc4e-22c6-4a00-81f8-4c9fb94e96db: DetachedLogEvent(LogMessage(debug,> server-post-command-cleanup))
Sending msg to client play-fork-run-34f4cc4e-22c6-4a00-81f8-4c9fb94e96db: ExecutionSuccess(422)
Sending msg to client play-fork-run-34f4cc4e-22c6-4a00-81f8-4c9fb94e96db: DetachedLogEvent(LogMessage(debug,> server-handle-next-server-request))
Sending msg to client play-fork-run-34f4cc4e-22c6-4a00-81f8-4c9fb94e96db: ExecutionWaiting(423,jobStop 48,ClientInfo(90f56cee-108d-4e44-ace7-6a2bd69feca7,activator,Activator,3,Vector()))
Sending msg to client play-fork-run-34f4cc4e-22c6-4a00-81f8-4c9fb94e96db: ExecutionStarting(423)
Sending msg to client play-fork-run-34f4cc4e-22c6-4a00-81f8-4c9fb94e96db: DetachedLogEvent(LogMessage(debug,> jobStop 48))
Sending msg to client play-fork-run-34f4cc4e-22c6-4a00-81f8-4c9fb94e96db: DetachedLogEvent(LogMessage(debug,Evaluating tasks: *:jobStop))
Sending msg to client play-fork-run-34f4cc4e-22c6-4a00-81f8-4c9fb94e96db: DetachedLogEvent(LogMessage(debug,Running task... Cancel: sbt.server.ServerTaskCancellation@59f1f26, check cycles: false))
Sending msg to client play-fork-run-34f4cc4e-22c6-4a00-81f8-4c9fb94e96db: DetachedLogEvent(LogMessage(debug,cancel strategy start enabled=true lastCommand=Some(LastCommand(CommandExecutionWork(ExecutionId(423),jobStop 48,Set(LiveClient(activator 90f56cee-108d-4e44-ace7-6a2bd69feca7)),sbt.server.WorkCancellationStatus$$anon$1@7ebce422)))))
Sending msg to client play-fork-run-34f4cc4e-22c6-4a00-81f8-4c9fb94e96db: TaskStarted(423,35890,Some(AttributeKey[void]("jobStop") in Scope(Global)))
Sending msg to client play-fork-run-34f4cc4e-22c6-4a00-81f8-4c9fb94e96db: TaskFinished(423,35890,Some(AttributeKey[void]("jobStop") in Scope(Global)),true,None)
Sending msg to client play-fork-run-34f4cc4e-22c6-4a00-81f8-4c9fb94e96db: TaskStarted(423,35889,None)
Sending msg to client play-fork-run-34f4cc4e-22c6-4a00-81f8-4c9fb94e96db: BackgroundJobLogEvent(48,LogMessage(info,Stopping Play fork run ...))
Sending msg to client play-fork-run-34f4cc4e-22c6-4a00-81f8-4c9fb94e96db: TaskFinished(423,35889,None,true,None)
Sending msg to client play-fork-run-34f4cc4e-22c6-4a00-81f8-4c9fb94e96db: TaskStarted(423,35888,None)
Sending msg to client play-fork-run-34f4cc4e-22c6-4a00-81f8-4c9fb94e96db: TaskFinished(423,35888,None,true,None)
Sending msg to client play-fork-run-34f4cc4e-22c6-4a00-81f8-4c9fb94e96db: DetachedLogEvent(LogMessage(debug,cancel strategy finish enabled=false lastCommand=Some(LastCommand(CommandExecutionWork(ExecutionId(423),jobStop 48,Set(LiveClient(activator 90f56cee-108d-4e44-ace7-6a2bd69feca7)),sbt.server.WorkCancellationStatus$$anon$1@7ebce422)))))
Sending msg to client play-fork-run-34f4cc4e-22c6-4a00-81f8-4c9fb94e96db: DetachedLogEvent(LogSuccess(Total time: 0 s, completed Jun 4, 2016 9:08:03 PM))
Sending msg to client play-fork-run-34f4cc4e-22c6-4a00-81f8-4c9fb94e96db: DetachedLogEvent(LogMessage(debug,> server-post-command-cleanup))
Sending msg to client play-fork-run-34f4cc4e-22c6-4a00-81f8-4c9fb94e96db: ExecutionSuccess(423)
Sending msg to client play-fork-run-34f4cc4e-22c6-4a00-81f8-4c9fb94e96db: DetachedLogEvent(LogMessage(debug,> server-handle-next-server-request))
Got request: UnlistenToEvents()
Reading next message from client.
Sending msg to client play-fork-run-34f4cc4e-22c6-4a00-81f8-4c9fb94e96db: (9,ReceivedResponse())
Got request: UnlistenToValue(AttributeKey[play.forkrun.protocol.ForkConfig]("playForkConfig") in Scope(Build: file:/D:/Kuliah/file_latihan_scala/PLAY/learn-to-play-scala/, , Project: ProjectReference(file:/D:/Kuliah/file_latihan_scala/PLAY/learn-to-play-scala/,root)))
Reading next message from client.
Client play-fork-run-34f4cc4e-22c6-4a00-81f8-4c9fb94e96db EOF, shutting down.
Stopping client.
Client play-fork-run-34f4cc4e-22c6-4a00-81f8-4c9fb94e96db thread exiting.
Dropping message (10,ReceivedResponse()) to dead client play-fork-run-34f4cc4e-22c6-4a00-81f8-4c9fb94e96db
Dropping message (0,ReceivedResponse()) to dead client play-fork-run-34f4cc4e-22c6-4a00-81f8-4c9fb94e96db
