New log file opened at Sat Jun 04 21:19:17 ICT 2016 by 2792@Rifqi
Sending msg to client play-fork-run-6c3896db-326f-444b-a1c6-7fd8903c65a8: DetachedLogEvent(LogMessage(debug,sbt server socket logs are in: D:\Kuliah\file_latihan_scala\PLAY\learn-to-play-scala\.sbtserver\connections\master.log))
Sending msg to client play-fork-run-6c3896db-326f-444b-a1c6-7fd8903c65a8: DetachedLogEvent(LogMessage(debug,sbt client logs are in: D:\Kuliah\file_latihan_scala\PLAY\learn-to-play-scala\.sbtserver\connections\play-fork-run-6c3896db-326f-444b-a1c6-7fd8903c65a8.log))
Sending msg to client play-fork-run-6c3896db-326f-444b-a1c6-7fd8903c65a8: DetachedLogEvent(LogMessage(debug,sbt general server logs are in: D:\Kuliah\file_latihan_scala\PLAY\learn-to-play-scala\.sbtserver\master.log))
Reading next message from client.
Got request: DaemonRequest(true)
Reading next message from client.
Sending msg to client play-fork-run-6c3896db-326f-444b-a1c6-7fd8903c65a8: (3,ReceivedResponse())
Got request: ListenToEvents()
Reading next message from client.
Sending msg to client play-fork-run-6c3896db-326f-444b-a1c6-7fd8903c65a8: BackgroundJobStarted(443,BackgroundJobInfo(5,backgroundRun,AttributeKey[sbt.BackgroundJobHandle]("backgroundRun") in Scope(Build: file:/D:/Kuliah/file_latihan_scala/PLAY/learn-to-play-scala/, , Project: ProjectReference(file:/D:/Kuliah/file_latihan_scala/PLAY/learn-to-play-scala/,root), Config: compile)))
Sending msg to client play-fork-run-6c3896db-326f-444b-a1c6-7fd8903c65a8: (4,ReceivedResponse())
Got request: KeyLookupRequest(root/playForkConfig)
Reading next message from client.
Sending msg to client play-fork-run-6c3896db-326f-444b-a1c6-7fd8903c65a8: (5,KeyLookupResponse(root/playForkConfig,Vector(AttributeKey[play.forkrun.protocol.ForkConfig]("playForkConfig") in Scope(Build: file:/D:/Kuliah/file_latihan_scala/PLAY/learn-to-play-scala/, , Project: ProjectReference(file:/D:/Kuliah/file_latihan_scala/PLAY/learn-to-play-scala/,root)))))
Got request: ListenToValue(AttributeKey[play.forkrun.protocol.ForkConfig]("playForkConfig") in Scope(Build: file:/D:/Kuliah/file_latihan_scala/PLAY/learn-to-play-scala/, , Project: ProjectReference(file:/D:/Kuliah/file_latihan_scala/PLAY/learn-to-play-scala/,root)))
Reading next message from client.
Sending msg to client play-fork-run-6c3896db-326f-444b-a1c6-7fd8903c65a8: (6,ReceivedResponse())
Got request: KeyExecutionRequest(AttributeKey[play.forkrun.protocol.ForkConfig]("playForkConfig") in Scope(Build: file:/D:/Kuliah/file_latihan_scala/PLAY/learn-to-play-scala/, , Project: ProjectReference(file:/D:/Kuliah/file_latihan_scala/PLAY/learn-to-play-scala/,root)))
Reading next message from client.
Sending msg to client play-fork-run-6c3896db-326f-444b-a1c6-7fd8903c65a8: (7,ExecutionRequestReceived(444))
Sending msg to client play-fork-run-6c3896db-326f-444b-a1c6-7fd8903c65a8: ExecutionWaiting(444,{file:/D:/Kuliah/file_latihan_scala/PLAY/learn-to-play-scala/}root/*:playForkConfig,ClientInfo(6c3896db-326f-444b-a1c6-7fd8903c65a8,play-fork-run,Play Fork Run,1,Vector()))
Sending msg to client play-fork-run-6c3896db-326f-444b-a1c6-7fd8903c65a8: ExecutionStarting(444)
Sending msg to client play-fork-run-6c3896db-326f-444b-a1c6-7fd8903c65a8: DetachedLogEvent(LogMessage(debug,> {file:/D:/Kuliah/file_latihan_scala/PLAY/learn-to-play-scala/}root/*:playForkConfig))
Sending msg to client play-fork-run-6c3896db-326f-444b-a1c6-7fd8903c65a8: DetachedLogEvent(LogMessage(debug,Evaluating tasks: *:playForkConfig))
Sending msg to client play-fork-run-6c3896db-326f-444b-a1c6-7fd8903c65a8: DetachedLogEvent(LogMessage(debug,Running task... Cancel: sbt.server.ServerTaskCancellation@73f6de7a, check cycles: false))
Sending msg to client play-fork-run-6c3896db-326f-444b-a1c6-7fd8903c65a8: DetachedLogEvent(LogMessage(debug,cancel strategy start enabled=true lastCommand=Some(LastCommand(CommandExecutionWork(ExecutionId(444),{file:/D:/Kuliah/file_latihan_scala/PLAY/learn-to-play-scala/}root/*:playForkConfig,Set(LiveClient(play-fork-run 6c3896db-326f-444b-a1c6-7fd8903c65a8)),sbt.server.WorkCancellationStatus$$anon$1@71eebc51)))))
Sending msg to client play-fork-run-6c3896db-326f-444b-a1c6-7fd8903c65a8: TaskStarted(444,37002,Some(AttributeKey[scala.collection.Seq[java.lang.String]]("javaOptions") in Scope(Global)))
Sending msg to client play-fork-run-6c3896db-326f-444b-a1c6-7fd8903c65a8: TaskStarted(444,37012,None)
Sending msg to client play-fork-run-6c3896db-326f-444b-a1c6-7fd8903c65a8: TaskStarted(444,37014,Some(AttributeKey[scala.collection.Seq[sbt.Credentials]]("credentials") in Scope(Global)))
Sending msg to client play-fork-run-6c3896db-326f-444b-a1c6-7fd8903c65a8: TaskStarted(444,37016,None)
Sending msg to client play-fork-run-6c3896db-326f-444b-a1c6-7fd8903c65a8: TaskStarted(444,37019,Some(AttributeKey[scala.collection.Seq[sbt.Resolver]]("externalResolvers") in Scope(Build: file:/D:/Kuliah/file_latihan_scala/PLAY/learn-to-play-scala/, , Project: ProjectReference(file:/D:/Kuliah/file_latihan_scala/PLAY/learn-to-play-scala/,root))))
Sending msg to client play-fork-run-6c3896db-326f-444b-a1c6-7fd8903c65a8: TaskStarted(444,37023,Some(AttributeKey[scala.Option[scala.collection.Seq[sbt.Resolver]]]("bootResolvers") in Scope(Build: file:/D:/Kuliah/file_latihan_scala/PLAY/learn-to-play-scala/, , Project: ProjectReference(file:/D:/Kuliah/file_latihan_scala/PLAY/learn-to-play-scala/,root))))
Sending msg to client play-fork-run-6c3896db-326f-444b-a1c6-7fd8903c65a8: TaskStarted(444,37025,None)
Sending msg to client play-fork-run-6c3896db-326f-444b-a1c6-7fd8903c65a8: TaskStarted(444,37026,Some(AttributeKey[boolean]("skip") in Scope(Global)))
Sending msg to client play-fork-run-6c3896db-326f-444b-a1c6-7fd8903c65a8: TaskStarted(444,37027,Some(AttributeKey[java.lang.String]("updateCacheName") in Scope(Build: file:/D:/Kuliah/file_latihan_scala/PLAY/learn-to-play-scala/, , Project: ProjectReference(file:/D:/Kuliah/file_latihan_scala/PLAY/learn-to-play-scala/,root))))
Sending msg to client play-fork-run-6c3896db-326f-444b-a1c6-7fd8903c65a8: TaskStarted(444,37029,None)
Sending msg to client play-fork-run-6c3896db-326f-444b-a1c6-7fd8903c65a8: TaskStarted(444,37036,None)
Sending msg to client play-fork-run-6c3896db-326f-444b-a1c6-7fd8903c65a8: TaskStarted(444,37037,None)
Sending msg to client play-fork-run-6c3896db-326f-444b-a1c6-7fd8903c65a8: TaskStarted(444,37048,None)
Sending msg to client play-fork-run-6c3896db-326f-444b-a1c6-7fd8903c65a8: TaskStarted(444,37055,Some(AttributeKey[scala.Tuple2[java.lang.String,java.io.File]]("playPrefixAndAssets") in Scope(Build: file:/D:/Kuliah/file_latihan_scala/PLAY/learn-to-play-scala/, , Project: ProjectReference(file:/D:/Kuliah/file_latihan_scala/PLAY/learn-to-play-scala/,root))))
Sending msg to client play-fork-run-6c3896db-326f-444b-a1c6-7fd8903c65a8: TaskFinished(444,37002,Some(AttributeKey[scala.collection.Seq[java.lang.String]]("javaOptions") in Scope(Global)),true,None)
Sending msg to client play-fork-run-6c3896db-326f-444b-a1c6-7fd8903c65a8: TaskFinished(444,37012,None,true,None)
Sending msg to client play-fork-run-6c3896db-326f-444b-a1c6-7fd8903c65a8: TaskStarted(444,37011,Some(AttributeKey[sbt.BuildStructure]("buildStructure") in Scope(Global)))
Sending msg to client play-fork-run-6c3896db-326f-444b-a1c6-7fd8903c65a8: TaskStarted(444,37030,Some(AttributeKey[java.io.File]("dependencyCacheDirectory") in Scope(Build: file:/D:/Kuliah/file_latihan_scala/PLAY/learn-to-play-scala/, , Project: ProjectReference(file:/D:/Kuliah/file_latihan_scala/PLAY/learn-to-play-scala/,root))))
Sending msg to client play-fork-run-6c3896db-326f-444b-a1c6-7fd8903c65a8: TaskStarted(444,37051,Some(AttributeKey[scala.collection.Seq[java.lang.String]]("playMonitoredFiles") in Scope(Build: file:/D:/Kuliah/file_latihan_scala/PLAY/learn-to-play-scala/, , Project: ProjectReference(file:/D:/Kuliah/file_latihan_scala/PLAY/learn-to-play-scala/,root))))
Sending msg to client play-fork-run-6c3896db-326f-444b-a1c6-7fd8903c65a8: TaskFinished(444,37014,Some(AttributeKey[scala.collection.Seq[sbt.Credentials]]("credentials") in Scope(Global)),true,None)
Sending msg to client play-fork-run-6c3896db-326f-444b-a1c6-7fd8903c65a8: TaskFinished(444,37016,None,true,None)
Sending msg to client play-fork-run-6c3896db-326f-444b-a1c6-7fd8903c65a8: TaskStarted(444,37015,None)
Sending msg to client play-fork-run-6c3896db-326f-444b-a1c6-7fd8903c65a8: TaskStarted(444,37022,None)
Sending msg to client play-fork-run-6c3896db-326f-444b-a1c6-7fd8903c65a8: TaskStarted(444,37024,None)
Sending msg to client play-fork-run-6c3896db-326f-444b-a1c6-7fd8903c65a8: TaskStarted(444,37031,None)
Sending msg to client play-fork-run-6c3896db-326f-444b-a1c6-7fd8903c65a8: TaskStarted(444,37034,None)
Sending msg to client play-fork-run-6c3896db-326f-444b-a1c6-7fd8903c65a8: TaskStarted(444,37041,None)
Sending msg to client play-fork-run-6c3896db-326f-444b-a1c6-7fd8903c65a8: TaskStarted(444,37049,None)
Sending msg to client play-fork-run-6c3896db-326f-444b-a1c6-7fd8903c65a8: TaskStarted(444,37050,None)
Sending msg to client play-fork-run-6c3896db-326f-444b-a1c6-7fd8903c65a8: TaskFinished(444,37019,Some(AttributeKey[scala.collection.Seq[sbt.Resolver]]("externalResolvers") in Scope(Build: file:/D:/Kuliah/file_latihan_scala/PLAY/learn-to-play-scala/, , Project: ProjectReference(file:/D:/Kuliah/file_latihan_scala/PLAY/learn-to-play-scala/,root))),true,None)
Sending msg to client play-fork-run-6c3896db-326f-444b-a1c6-7fd8903c65a8: TaskFinished(444,37023,Some(AttributeKey[scala.Option[scala.collection.Seq[sbt.Resolver]]]("bootResolvers") in Scope(Build: file:/D:/Kuliah/file_latihan_scala/PLAY/learn-to-play-scala/, , Project: ProjectReference(file:/D:/Kuliah/file_latihan_scala/PLAY/learn-to-play-scala/,root))),true,None)
Sending msg to client play-fork-run-6c3896db-326f-444b-a1c6-7fd8903c65a8: TaskFinished(444,37025,None,true,None)
Sending msg to client play-fork-run-6c3896db-326f-444b-a1c6-7fd8903c65a8: TaskFinished(444,37026,Some(AttributeKey[boolean]("skip") in Scope(Global)),true,None)
Sending msg to client play-fork-run-6c3896db-326f-444b-a1c6-7fd8903c65a8: TaskFinished(444,37027,Some(AttributeKey[java.lang.String]("updateCacheName") in Scope(Build: file:/D:/Kuliah/file_latihan_scala/PLAY/learn-to-play-scala/, , Project: ProjectReference(file:/D:/Kuliah/file_latihan_scala/PLAY/learn-to-play-scala/,root))),true,None)
Sending msg to client play-fork-run-6c3896db-326f-444b-a1c6-7fd8903c65a8: TaskFinished(444,37029,None,true,None)
Sending msg to client play-fork-run-6c3896db-326f-444b-a1c6-7fd8903c65a8: TaskFinished(444,37036,None,true,None)
Sending msg to client play-fork-run-6c3896db-326f-444b-a1c6-7fd8903c65a8: TaskFinished(444,37037,None,true,None)
Sending msg to client play-fork-run-6c3896db-326f-444b-a1c6-7fd8903c65a8: TaskStarted(444,37035,Some(AttributeKey[scala.collection.Seq[sbt.UpdateReport]]("transitiveUpdate") in Scope(Build: file:/D:/Kuliah/file_latihan_scala/PLAY/learn-to-play-scala/, , Project: ProjectReference(file:/D:/Kuliah/file_latihan_scala/PLAY/learn-to-play-scala/,root))))
Sending msg to client play-fork-run-6c3896db-326f-444b-a1c6-7fd8903c65a8: TaskFinished(444,37048,None,true,None)
Sending msg to client play-fork-run-6c3896db-326f-444b-a1c6-7fd8903c65a8: TaskFinished(444,37055,Some(AttributeKey[scala.Tuple2[java.lang.String,java.io.File]]("playPrefixAndAssets") in Scope(Build: file:/D:/Kuliah/file_latihan_scala/PLAY/learn-to-play-scala/, , Project: ProjectReference(file:/D:/Kuliah/file_latihan_scala/PLAY/learn-to-play-scala/,root))),true,None)
Sending msg to client play-fork-run-6c3896db-326f-444b-a1c6-7fd8903c65a8: TaskStarted(444,37054,None)
Sending msg to client play-fork-run-6c3896db-326f-444b-a1c6-7fd8903c65a8: TaskFinished(444,37011,Some(AttributeKey[sbt.BuildStructure]("buildStructure") in Scope(Global)),true,None)
Sending msg to client play-fork-run-6c3896db-326f-444b-a1c6-7fd8903c65a8: TaskStarted(444,37010,Some(AttributeKey[sbt.Settings[sbt.Scope]]("settingsData") in Scope(Global)))
Sending msg to client play-fork-run-6c3896db-326f-444b-a1c6-7fd8903c65a8: TaskFinished(444,37030,Some(AttributeKey[java.io.File]("dependencyCacheDirectory") in Scope(Build: file:/D:/Kuliah/file_latihan_scala/PLAY/learn-to-play-scala/, , Project: ProjectReference(file:/D:/Kuliah/file_latihan_scala/PLAY/learn-to-play-scala/,root))),true,None)
Sending msg to client play-fork-run-6c3896db-326f-444b-a1c6-7fd8903c65a8: TaskFinished(444,37051,Some(AttributeKey[scala.collection.Seq[java.lang.String]]("playMonitoredFiles") in Scope(Build: file:/D:/Kuliah/file_latihan_scala/PLAY/learn-to-play-scala/, , Project: ProjectReference(file:/D:/Kuliah/file_latihan_scala/PLAY/learn-to-play-scala/,root))),true,None)
Sending msg to client play-fork-run-6c3896db-326f-444b-a1c6-7fd8903c65a8: TaskFinished(444,37031,None,true,None)
Sending msg to client play-fork-run-6c3896db-326f-444b-a1c6-7fd8903c65a8: TaskFinished(444,37034,None,true,None)
Sending msg to client play-fork-run-6c3896db-326f-444b-a1c6-7fd8903c65a8: TaskStarted(444,37033,Some(AttributeKey[scala.collection.immutable.Map[sbt.ModuleID,sbt.SourcePosition]]("dependencyPositions") in Scope(Build: file:/D:/Kuliah/file_latihan_scala/PLAY/learn-to-play-scala/, , Project: ProjectReference(file:/D:/Kuliah/file_latihan_scala/PLAY/learn-to-play-scala/,root))))
Sending msg to client play-fork-run-6c3896db-326f-444b-a1c6-7fd8903c65a8: TaskFinished(444,37041,None,true,None)
Sending msg to client play-fork-run-6c3896db-326f-444b-a1c6-7fd8903c65a8: TaskFinished(444,37049,None,true,None)
Sending msg to client play-fork-run-6c3896db-326f-444b-a1c6-7fd8903c65a8: TaskFinished(444,37022,None,true,None)
Sending msg to client play-fork-run-6c3896db-326f-444b-a1c6-7fd8903c65a8: TaskFinished(444,37024,None,true,None)
Sending msg to client play-fork-run-6c3896db-326f-444b-a1c6-7fd8903c65a8: TaskFinished(444,37015,None,true,None)
Sending msg to client play-fork-run-6c3896db-326f-444b-a1c6-7fd8903c65a8: TaskFinished(444,37050,None,true,None)
Sending msg to client play-fork-run-6c3896db-326f-444b-a1c6-7fd8903c65a8: TaskFinished(444,37035,Some(AttributeKey[scala.collection.Seq[sbt.UpdateReport]]("transitiveUpdate") in Scope(Build: file:/D:/Kuliah/file_latihan_scala/PLAY/learn-to-play-scala/, , Project: ProjectReference(file:/D:/Kuliah/file_latihan_scala/PLAY/learn-to-play-scala/,root))),true,None)
Sending msg to client play-fork-run-6c3896db-326f-444b-a1c6-7fd8903c65a8: TaskFinished(444,37054,None,true,None)
Sending msg to client play-fork-run-6c3896db-326f-444b-a1c6-7fd8903c65a8: TaskStarted(444,37053,None)
Sending msg to client play-fork-run-6c3896db-326f-444b-a1c6-7fd8903c65a8: TaskFinished(444,37010,Some(AttributeKey[sbt.Settings[sbt.Scope]]("settingsData") in Scope(Global)),true,None)
Sending msg to client play-fork-run-6c3896db-326f-444b-a1c6-7fd8903c65a8: TaskStarted(444,37009,Some(AttributeKey[scala.collection.Seq[sbt.ModuleID]]("projectDependencies") in Scope(Build: file:/D:/Kuliah/file_latihan_scala/PLAY/learn-to-play-scala/, , Project: ProjectReference(file:/D:/Kuliah/file_latihan_scala/PLAY/learn-to-play-scala/,root))))
Sending msg to client play-fork-run-6c3896db-326f-444b-a1c6-7fd8903c65a8: TaskStarted(444,37021,Some(AttributeKey[scala.collection.immutable.Map[org.apache.ivy.core.module.id.ModuleRevisionId,org.apache.ivy.core.module.descriptor.ModuleDescriptor]]("projectDescriptors") in Scope(Build: file:/D:/Kuliah/file_latihan_scala/PLAY/learn-to-play-scala/, , Project: ProjectReference(file:/D:/Kuliah/file_latihan_scala/PLAY/learn-to-play-scala/,root))))
Sending msg to client play-fork-run-6c3896db-326f-444b-a1c6-7fd8903c65a8: TaskStarted(444,37028,None)
Sending msg to client play-fork-run-6c3896db-326f-444b-a1c6-7fd8903c65a8: TaskStarted(444,37042,None)
Sending msg to client play-fork-run-6c3896db-326f-444b-a1c6-7fd8903c65a8: TaskFinished(444,37033,Some(AttributeKey[scala.collection.immutable.Map[sbt.ModuleID,sbt.SourcePosition]]("dependencyPositions") in Scope(Build: file:/D:/Kuliah/file_latihan_scala/PLAY/learn-to-play-scala/, , Project: ProjectReference(file:/D:/Kuliah/file_latihan_scala/PLAY/learn-to-play-scala/,root))),true,None)
Sending msg to client play-fork-run-6c3896db-326f-444b-a1c6-7fd8903c65a8: TaskStarted(444,37032,Some(AttributeKey[sbt.UnresolvedWarningConfiguration]("unresolvedWarningConfiguration") in Scope(Build: file:/D:/Kuliah/file_latihan_scala/PLAY/learn-to-play-scala/, , Project: ProjectReference(file:/D:/Kuliah/file_latihan_scala/PLAY/learn-to-play-scala/,root), Task: AttributeKey[sbt.UpdateReport]("update"))))
Sending msg to client play-fork-run-6c3896db-326f-444b-a1c6-7fd8903c65a8: TaskFinished(444,37053,None,true,None)
Sending msg to client play-fork-run-6c3896db-326f-444b-a1c6-7fd8903c65a8: TaskStarted(444,37052,Some(AttributeKey[scala.collection.Seq[scala.Tuple2[java.lang.String,java.io.File]]]("playAllAssets") in Scope(Build: file:/D:/Kuliah/file_latihan_scala/PLAY/learn-to-play-scala/, , Project: ProjectReference(file:/D:/Kuliah/file_latihan_scala/PLAY/learn-to-play-scala/,root))))
Sending msg to client play-fork-run-6c3896db-326f-444b-a1c6-7fd8903c65a8: TaskFinished(444,37009,Some(AttributeKey[scala.collection.Seq[sbt.ModuleID]]("projectDependencies") in Scope(Build: file:/D:/Kuliah/file_latihan_scala/PLAY/learn-to-play-scala/, , Project: ProjectReference(file:/D:/Kuliah/file_latihan_scala/PLAY/learn-to-play-scala/,root))),true,None)
Sending msg to client play-fork-run-6c3896db-326f-444b-a1c6-7fd8903c65a8: TaskStarted(444,37008,Some(AttributeKey[scala.collection.Seq[sbt.ModuleID]]("allDependencies") in Scope(Build: file:/D:/Kuliah/file_latihan_scala/PLAY/learn-to-play-scala/, , Project: ProjectReference(file:/D:/Kuliah/file_latihan_scala/PLAY/learn-to-play-scala/,root))))
Sending msg to client play-fork-run-6c3896db-326f-444b-a1c6-7fd8903c65a8: TaskStarted(444,37056,None)
Sending msg to client play-fork-run-6c3896db-326f-444b-a1c6-7fd8903c65a8: TaskStarted(444,37061,None)
Sending msg to client play-fork-run-6c3896db-326f-444b-a1c6-7fd8903c65a8: TaskStarted(444,37063,None)
Sending msg to client play-fork-run-6c3896db-326f-444b-a1c6-7fd8903c65a8: TaskStarted(444,37064,None)
Sending msg to client play-fork-run-6c3896db-326f-444b-a1c6-7fd8903c65a8: TaskStarted(444,37066,None)
Sending msg to client play-fork-run-6c3896db-326f-444b-a1c6-7fd8903c65a8: TaskStarted(444,37067,None)
Sending msg to client play-fork-run-6c3896db-326f-444b-a1c6-7fd8903c65a8: TaskStarted(444,37069,None)
Sending msg to client play-fork-run-6c3896db-326f-444b-a1c6-7fd8903c65a8: TaskFinished(444,37032,Some(AttributeKey[sbt.UnresolvedWarningConfiguration]("unresolvedWarningConfiguration") in Scope(Build: file:/D:/Kuliah/file_latihan_scala/PLAY/learn-to-play-scala/, , Project: ProjectReference(file:/D:/Kuliah/file_latihan_scala/PLAY/learn-to-play-scala/,root), Task: AttributeKey[sbt.UpdateReport]("update"))),true,None)
Sending msg to client play-fork-run-6c3896db-326f-444b-a1c6-7fd8903c65a8: TaskFinished(444,37052,Some(AttributeKey[scala.collection.Seq[scala.Tuple2[java.lang.String,java.io.File]]]("playAllAssets") in Scope(Build: file:/D:/Kuliah/file_latihan_scala/PLAY/learn-to-play-scala/, , Project: ProjectReference(file:/D:/Kuliah/file_latihan_scala/PLAY/learn-to-play-scala/,root))),true,None)
Sending msg to client play-fork-run-6c3896db-326f-444b-a1c6-7fd8903c65a8: TaskFinished(444,37008,Some(AttributeKey[scala.collection.Seq[sbt.ModuleID]]("allDependencies") in Scope(Build: file:/D:/Kuliah/file_latihan_scala/PLAY/learn-to-play-scala/, , Project: ProjectReference(file:/D:/Kuliah/file_latihan_scala/PLAY/learn-to-play-scala/,root))),true,None)
Sending msg to client play-fork-run-6c3896db-326f-444b-a1c6-7fd8903c65a8: TaskStarted(444,37007,Some(AttributeKey[sbt.ModuleSettings]("moduleSettings") in Scope(Build: file:/D:/Kuliah/file_latihan_scala/PLAY/learn-to-play-scala/, , Project: ProjectReference(file:/D:/Kuliah/file_latihan_scala/PLAY/learn-to-play-scala/,root))))
Sending msg to client play-fork-run-6c3896db-326f-444b-a1c6-7fd8903c65a8: TaskFinished(444,37056,None,true,None)
Sending msg to client play-fork-run-6c3896db-326f-444b-a1c6-7fd8903c65a8: TaskFinished(444,37028,None,true,None)
Sending msg to client play-fork-run-6c3896db-326f-444b-a1c6-7fd8903c65a8: TaskFinished(444,37061,None,true,None)
Sending msg to client play-fork-run-6c3896db-326f-444b-a1c6-7fd8903c65a8: TaskStarted(444,37060,None)
Sending msg to client play-fork-run-6c3896db-326f-444b-a1c6-7fd8903c65a8: TaskFinished(444,37063,None,true,None)
Sending msg to client play-fork-run-6c3896db-326f-444b-a1c6-7fd8903c65a8: TaskFinished(444,37064,None,true,None)
Sending msg to client play-fork-run-6c3896db-326f-444b-a1c6-7fd8903c65a8: TaskStarted(444,37062,Some(AttributeKey[scala.collection.Seq[sbt.Attributed[java.io.File]]]("unmanagedJars") in Scope(Build: file:/D:/Kuliah/file_latihan_scala/PLAY/learn-to-play-scala/, , Project: ProjectReference(file:/D:/Kuliah/file_latihan_scala/PLAY/learn-to-play-scala/,root), Config: compile)))
Sending msg to client play-fork-run-6c3896db-326f-444b-a1c6-7fd8903c65a8: TaskFinished(444,37066,None,true,None)
Sending msg to client play-fork-run-6c3896db-326f-444b-a1c6-7fd8903c65a8: TaskFinished(444,37067,None,true,None)
Sending msg to client play-fork-run-6c3896db-326f-444b-a1c6-7fd8903c65a8: TaskStarted(444,37065,Some(AttributeKey[scala.collection.Seq[sbt.Attributed[java.io.File]]]("unmanagedJars") in Scope(Build: file:/D:/Kuliah/file_latihan_scala/PLAY/learn-to-play-scala/, , Project: ProjectReference(file:/D:/Kuliah/file_latihan_scala/PLAY/learn-to-play-scala/,root), Config: runtime)))
Sending msg to client play-fork-run-6c3896db-326f-444b-a1c6-7fd8903c65a8: TaskFinished(444,37069,None,true,None)
Sending msg to client play-fork-run-6c3896db-326f-444b-a1c6-7fd8903c65a8: TaskStarted(444,37068,None)
Sending msg to client play-fork-run-6c3896db-326f-444b-a1c6-7fd8903c65a8: TaskFinished(444,37007,Some(AttributeKey[sbt.ModuleSettings]("moduleSettings") in Scope(Build: file:/D:/Kuliah/file_latihan_scala/PLAY/learn-to-play-scala/, , Project: ProjectReference(file:/D:/Kuliah/file_latihan_scala/PLAY/learn-to-play-scala/,root))),true,None)
Sending msg to client play-fork-run-6c3896db-326f-444b-a1c6-7fd8903c65a8: TaskStarted(444,37070,None)
Sending msg to client play-fork-run-6c3896db-326f-444b-a1c6-7fd8903c65a8: TaskFinished(444,37062,Some(AttributeKey[scala.collection.Seq[sbt.Attributed[java.io.File]]]("unmanagedJars") in Scope(Build: file:/D:/Kuliah/file_latihan_scala/PLAY/learn-to-play-scala/, , Project: ProjectReference(file:/D:/Kuliah/file_latihan_scala/PLAY/learn-to-play-scala/,root), Config: compile)),true,None)
Sending msg to client play-fork-run-6c3896db-326f-444b-a1c6-7fd8903c65a8: TaskFinished(444,37065,Some(AttributeKey[scala.collection.Seq[sbt.Attributed[java.io.File]]]("unmanagedJars") in Scope(Build: file:/D:/Kuliah/file_latihan_scala/PLAY/learn-to-play-scala/, , Project: ProjectReference(file:/D:/Kuliah/file_latihan_scala/PLAY/learn-to-play-scala/,root), Config: runtime)),true,None)
Sending msg to client play-fork-run-6c3896db-326f-444b-a1c6-7fd8903c65a8: TaskFinished(444,37068,None,true,None)
Sending msg to client play-fork-run-6c3896db-326f-444b-a1c6-7fd8903c65a8: TaskFinished(444,37021,Some(AttributeKey[scala.collection.immutable.Map[org.apache.ivy.core.module.id.ModuleRevisionId,org.apache.ivy.core.module.descriptor.ModuleDescriptor]]("projectDescriptors") in Scope(Build: file:/D:/Kuliah/file_latihan_scala/PLAY/learn-to-play-scala/, , Project: ProjectReference(file:/D:/Kuliah/file_latihan_scala/PLAY/learn-to-play-scala/,root))),true,None)
Sending msg to client play-fork-run-6c3896db-326f-444b-a1c6-7fd8903c65a8: TaskStarted(444,37020,Some(AttributeKey[sbt.Resolver]("projectResolver") in Scope(Build: file:/D:/Kuliah/file_latihan_scala/PLAY/learn-to-play-scala/, , Project: ProjectReference(file:/D:/Kuliah/file_latihan_scala/PLAY/learn-to-play-scala/,root))))
Sending msg to client play-fork-run-6c3896db-326f-444b-a1c6-7fd8903c65a8: TaskFinished(444,37070,None,true,None)
Sending msg to client play-fork-run-6c3896db-326f-444b-a1c6-7fd8903c65a8: TaskFinished(444,37060,None,true,None)
Sending msg to client play-fork-run-6c3896db-326f-444b-a1c6-7fd8903c65a8: TaskStarted(444,37059,Some(AttributeKey[scala.collection.Seq[sbt.Attributed[java.io.File]]]("unmanagedJars") in Scope(Build: file:/D:/Kuliah/file_latihan_scala/PLAY/learn-to-play-scala/, , Project: ProjectReference(file:/D:/Kuliah/file_latihan_scala/PLAY/learn-to-play-scala/,root), Config: compile)))
Sending msg to client play-fork-run-6c3896db-326f-444b-a1c6-7fd8903c65a8: TaskFinished(444,37020,Some(AttributeKey[sbt.Resolver]("projectResolver") in Scope(Build: file:/D:/Kuliah/file_latihan_scala/PLAY/learn-to-play-scala/, , Project: ProjectReference(file:/D:/Kuliah/file_latihan_scala/PLAY/learn-to-play-scala/,root))),true,None)
Sending msg to client play-fork-run-6c3896db-326f-444b-a1c6-7fd8903c65a8: TaskStarted(444,37018,Some(AttributeKey[scala.collection.Seq[sbt.Resolver]]("fullResolvers") in Scope(Build: file:/D:/Kuliah/file_latihan_scala/PLAY/learn-to-play-scala/, , Project: ProjectReference(file:/D:/Kuliah/file_latihan_scala/PLAY/learn-to-play-scala/,root))))
Sending msg to client play-fork-run-6c3896db-326f-444b-a1c6-7fd8903c65a8: TaskFinished(444,37059,Some(AttributeKey[scala.collection.Seq[sbt.Attributed[java.io.File]]]("unmanagedJars") in Scope(Build: file:/D:/Kuliah/file_latihan_scala/PLAY/learn-to-play-scala/, , Project: ProjectReference(file:/D:/Kuliah/file_latihan_scala/PLAY/learn-to-play-scala/,root), Config: compile)),true,None)
Sending msg to client play-fork-run-6c3896db-326f-444b-a1c6-7fd8903c65a8: TaskStarted(444,37058,None)
Sending msg to client play-fork-run-6c3896db-326f-444b-a1c6-7fd8903c65a8: TaskFinished(444,37018,Some(AttributeKey[scala.collection.Seq[sbt.Resolver]]("fullResolvers") in Scope(Build: file:/D:/Kuliah/file_latihan_scala/PLAY/learn-to-play-scala/, , Project: ProjectReference(file:/D:/Kuliah/file_latihan_scala/PLAY/learn-to-play-scala/,root))),true,None)
Sending msg to client play-fork-run-6c3896db-326f-444b-a1c6-7fd8903c65a8: TaskStarted(444,37017,Some(AttributeKey[sbt.IvyConfiguration]("ivyConfiguration") in Scope(Build: file:/D:/Kuliah/file_latihan_scala/PLAY/learn-to-play-scala/, , Project: ProjectReference(file:/D:/Kuliah/file_latihan_scala/PLAY/learn-to-play-scala/,root))))
Sending msg to client play-fork-run-6c3896db-326f-444b-a1c6-7fd8903c65a8: TaskFinished(444,37058,None,true,None)
Sending msg to client play-fork-run-6c3896db-326f-444b-a1c6-7fd8903c65a8: TaskStarted(444,37057,None)
Sending msg to client play-fork-run-6c3896db-326f-444b-a1c6-7fd8903c65a8: TaskFinished(444,37017,Some(AttributeKey[sbt.IvyConfiguration]("ivyConfiguration") in Scope(Build: file:/D:/Kuliah/file_latihan_scala/PLAY/learn-to-play-scala/, , Project: ProjectReference(file:/D:/Kuliah/file_latihan_scala/PLAY/learn-to-play-scala/,root))),true,None)
Sending msg to client play-fork-run-6c3896db-326f-444b-a1c6-7fd8903c65a8: TaskStarted(444,37013,Some(AttributeKey[sbt.IvySbt]("ivySbt") in Scope(Build: file:/D:/Kuliah/file_latihan_scala/PLAY/learn-to-play-scala/, , Project: ProjectReference(file:/D:/Kuliah/file_latihan_scala/PLAY/learn-to-play-scala/,root))))
Sending msg to client play-fork-run-6c3896db-326f-444b-a1c6-7fd8903c65a8: TaskFinished(444,37057,None,true,None)
Sending msg to client play-fork-run-6c3896db-326f-444b-a1c6-7fd8903c65a8: TaskFinished(444,37042,None,true,None)
Sending msg to client play-fork-run-6c3896db-326f-444b-a1c6-7fd8903c65a8: TaskStarted(444,37040,Some(AttributeKey[scala.collection.Seq[sbt.Attributed[java.io.File]]]("unmanagedClasspath") in Scope(Build: file:/D:/Kuliah/file_latihan_scala/PLAY/learn-to-play-scala/, , Project: ProjectReference(file:/D:/Kuliah/file_latihan_scala/PLAY/learn-to-play-scala/,root), Config: runtime)))
Sending msg to client play-fork-run-6c3896db-326f-444b-a1c6-7fd8903c65a8: TaskFinished(444,37013,Some(AttributeKey[sbt.IvySbt]("ivySbt") in Scope(Build: file:/D:/Kuliah/file_latihan_scala/PLAY/learn-to-play-scala/, , Project: ProjectReference(file:/D:/Kuliah/file_latihan_scala/PLAY/learn-to-play-scala/,root))),true,None)
Sending msg to client play-fork-run-6c3896db-326f-444b-a1c6-7fd8903c65a8: TaskStarted(444,37006,Some(AttributeKey[sbt.IvySbt$Module]("ivyModule") in Scope(Build: file:/D:/Kuliah/file_latihan_scala/PLAY/learn-to-play-scala/, , Project: ProjectReference(file:/D:/Kuliah/file_latihan_scala/PLAY/learn-to-play-scala/,root))))
Sending msg to client play-fork-run-6c3896db-326f-444b-a1c6-7fd8903c65a8: TaskFinished(444,37040,Some(AttributeKey[scala.collection.Seq[sbt.Attributed[java.io.File]]]("unmanagedClasspath") in Scope(Build: file:/D:/Kuliah/file_latihan_scala/PLAY/learn-to-play-scala/, , Project: ProjectReference(file:/D:/Kuliah/file_latihan_scala/PLAY/learn-to-play-scala/,root), Config: runtime)),true,None)
Sending msg to client play-fork-run-6c3896db-326f-444b-a1c6-7fd8903c65a8: TaskFinished(444,37006,Some(AttributeKey[sbt.IvySbt$Module]("ivyModule") in Scope(Build: file:/D:/Kuliah/file_latihan_scala/PLAY/learn-to-play-scala/, , Project: ProjectReference(file:/D:/Kuliah/file_latihan_scala/PLAY/learn-to-play-scala/,root))),true,None)
Sending msg to client play-fork-run-6c3896db-326f-444b-a1c6-7fd8903c65a8: TaskStarted(444,37005,Some(AttributeKey[sbt.UpdateReport]("update") in Scope(Build: file:/D:/Kuliah/file_latihan_scala/PLAY/learn-to-play-scala/, , Project: ProjectReference(file:/D:/Kuliah/file_latihan_scala/PLAY/learn-to-play-scala/,root))))
Sending msg to client play-fork-run-6c3896db-326f-444b-a1c6-7fd8903c65a8: TaskFinished(444,37005,Some(AttributeKey[sbt.UpdateReport]("update") in Scope(Build: file:/D:/Kuliah/file_latihan_scala/PLAY/learn-to-play-scala/, , Project: ProjectReference(file:/D:/Kuliah/file_latihan_scala/PLAY/learn-to-play-scala/,root))),true,None)
Sending msg to client play-fork-run-6c3896db-326f-444b-a1c6-7fd8903c65a8: TaskStarted(444,37004,Some(AttributeKey[sbt.UpdateReport]("update") in Scope(Build: file:/D:/Kuliah/file_latihan_scala/PLAY/learn-to-play-scala/, , Project: ProjectReference(file:/D:/Kuliah/file_latihan_scala/PLAY/learn-to-play-scala/,root))))
Sending msg to client play-fork-run-6c3896db-326f-444b-a1c6-7fd8903c65a8: TaskFinished(444,37004,Some(AttributeKey[sbt.UpdateReport]("update") in Scope(Build: file:/D:/Kuliah/file_latihan_scala/PLAY/learn-to-play-scala/, , Project: ProjectReference(file:/D:/Kuliah/file_latihan_scala/PLAY/learn-to-play-scala/,root))),true,None)
Sending msg to client play-fork-run-6c3896db-326f-444b-a1c6-7fd8903c65a8: TaskStarted(444,37003,Some(AttributeKey[scala.collection.Seq[sbt.Attributed[java.io.File]]]("managedClasspath") in Scope(Build: file:/D:/Kuliah/file_latihan_scala/PLAY/learn-to-play-scala/, , Project: ProjectReference(file:/D:/Kuliah/file_latihan_scala/PLAY/learn-to-play-scala/,root), Config: docs)))
Sending msg to client play-fork-run-6c3896db-326f-444b-a1c6-7fd8903c65a8: TaskStarted(444,37047,Some(AttributeKey[sbt.Configuration]("classpathConfiguration") in Scope(Build: file:/D:/Kuliah/file_latihan_scala/PLAY/learn-to-play-scala/, , Project: ProjectReference(file:/D:/Kuliah/file_latihan_scala/PLAY/learn-to-play-scala/,root), Config: compile)))
Sending msg to client play-fork-run-6c3896db-326f-444b-a1c6-7fd8903c65a8: TaskFinished(444,37003,Some(AttributeKey[scala.collection.Seq[sbt.Attributed[java.io.File]]]("managedClasspath") in Scope(Build: file:/D:/Kuliah/file_latihan_scala/PLAY/learn-to-play-scala/, , Project: ProjectReference(file:/D:/Kuliah/file_latihan_scala/PLAY/learn-to-play-scala/,root), Config: docs)),true,None)
Sending msg to client play-fork-run-6c3896db-326f-444b-a1c6-7fd8903c65a8: TaskFinished(444,37047,Some(AttributeKey[sbt.Configuration]("classpathConfiguration") in Scope(Build: file:/D:/Kuliah/file_latihan_scala/PLAY/learn-to-play-scala/, , Project: ProjectReference(file:/D:/Kuliah/file_latihan_scala/PLAY/learn-to-play-scala/,root), Config: compile)),true,None)
Sending msg to client play-fork-run-6c3896db-326f-444b-a1c6-7fd8903c65a8: TaskStarted(444,37046,None)
Sending msg to client play-fork-run-6c3896db-326f-444b-a1c6-7fd8903c65a8: TaskFinished(444,37046,None,true,None)
Sending msg to client play-fork-run-6c3896db-326f-444b-a1c6-7fd8903c65a8: TaskStarted(444,37045,Some(AttributeKey[sbt.Configuration]("classpathConfiguration") in Scope(Build: file:/D:/Kuliah/file_latihan_scala/PLAY/learn-to-play-scala/, , Project: ProjectReference(file:/D:/Kuliah/file_latihan_scala/PLAY/learn-to-play-scala/,root), Config: runtime)))
Sending msg to client play-fork-run-6c3896db-326f-444b-a1c6-7fd8903c65a8: TaskFinished(444,37045,Some(AttributeKey[sbt.Configuration]("classpathConfiguration") in Scope(Build: file:/D:/Kuliah/file_latihan_scala/PLAY/learn-to-play-scala/, , Project: ProjectReference(file:/D:/Kuliah/file_latihan_scala/PLAY/learn-to-play-scala/,root), Config: runtime)),true,None)
Sending msg to client play-fork-run-6c3896db-326f-444b-a1c6-7fd8903c65a8: TaskStarted(444,37044,None)
Sending msg to client play-fork-run-6c3896db-326f-444b-a1c6-7fd8903c65a8: TaskFinished(444,37044,None,true,None)
Sending msg to client play-fork-run-6c3896db-326f-444b-a1c6-7fd8903c65a8: TaskStarted(444,37043,Some(AttributeKey[scala.collection.Seq[sbt.Attributed[java.io.File]]]("managedClasspath") in Scope(Build: file:/D:/Kuliah/file_latihan_scala/PLAY/learn-to-play-scala/, , Project: ProjectReference(file:/D:/Kuliah/file_latihan_scala/PLAY/learn-to-play-scala/,root), Config: runtime)))
Sending msg to client play-fork-run-6c3896db-326f-444b-a1c6-7fd8903c65a8: TaskFinished(444,37043,Some(AttributeKey[scala.collection.Seq[sbt.Attributed[java.io.File]]]("managedClasspath") in Scope(Build: file:/D:/Kuliah/file_latihan_scala/PLAY/learn-to-play-scala/, , Project: ProjectReference(file:/D:/Kuliah/file_latihan_scala/PLAY/learn-to-play-scala/,root), Config: runtime)),true,None)
Sending msg to client play-fork-run-6c3896db-326f-444b-a1c6-7fd8903c65a8: TaskStarted(444,37039,None)
Sending msg to client play-fork-run-6c3896db-326f-444b-a1c6-7fd8903c65a8: TaskFinished(444,37039,None,true,None)
Sending msg to client play-fork-run-6c3896db-326f-444b-a1c6-7fd8903c65a8: TaskStarted(444,37038,Some(AttributeKey[scala.collection.Seq[sbt.Attributed[java.io.File]]]("playDependencyClasspath") in Scope(Build: file:/D:/Kuliah/file_latihan_scala/PLAY/learn-to-play-scala/, , Project: ProjectReference(file:/D:/Kuliah/file_latihan_scala/PLAY/learn-to-play-scala/,root))))
Sending msg to client play-fork-run-6c3896db-326f-444b-a1c6-7fd8903c65a8: TaskFinished(444,37038,Some(AttributeKey[scala.collection.Seq[sbt.Attributed[java.io.File]]]("playDependencyClasspath") in Scope(Build: file:/D:/Kuliah/file_latihan_scala/PLAY/learn-to-play-scala/, , Project: ProjectReference(file:/D:/Kuliah/file_latihan_scala/PLAY/learn-to-play-scala/,root))),true,None)
Sending msg to client play-fork-run-6c3896db-326f-444b-a1c6-7fd8903c65a8: TaskStarted(444,37001,Some(AttributeKey[play.forkrun.protocol.ForkConfig]("playForkConfig") in Scope(Build: file:/D:/Kuliah/file_latihan_scala/PLAY/learn-to-play-scala/, , Project: ProjectReference(file:/D:/Kuliah/file_latihan_scala/PLAY/learn-to-play-scala/,root))))
Sending msg to client play-fork-run-6c3896db-326f-444b-a1c6-7fd8903c65a8: TaskFinished(444,37001,Some(AttributeKey[play.forkrun.protocol.ForkConfig]("playForkConfig") in Scope(Build: file:/D:/Kuliah/file_latihan_scala/PLAY/learn-to-play-scala/, , Project: ProjectReference(file:/D:/Kuliah/file_latihan_scala/PLAY/learn-to-play-scala/,root))),true,None)
Sending msg to client play-fork-run-6c3896db-326f-444b-a1c6-7fd8903c65a8: DetachedLogEvent(LogStdErr(No dynamic serializer found (using manifest play.forkrun.protocol.ForkConfig) for ForkConfig(D:\Kuliah\file_latihan_scala\PLAY\learn-to-play-scala,List(),List(d:\playframework-typesafe-activator-1.3.10\activator-dist-1.3.10\repository\org.scala-lang\scala-library\2.11.6\jars\scala-library.jar, C:\Users\muhrifqii\.ivy2\cache\com.typesafe.play\twirl-api_2.11\jars\twirl-api_2.11-1.0.2.jar, C:\Users\muhrifqii\.ivy2\cache\org.apache.commons\commons-lang3\jars\commons-lang3-3.1.jar, C:\Users\muhrifqii\.ivy2\cache\org.scala-lang.modules\scala-xml_2.11\bundles\scala-xml_2.11-1.0.1.jar, C:\Users\muhrifqii\.ivy2\cache\com.typesafe.play\play_2.11\jars\play_2.11-2.3.10.jar, C:\Users\muhrifqii\.ivy2\cache\com.typesafe.play\build-link\jars\build-link-2.3.10.jar, C:\Users\muhrifqii\.ivy2\cache\com.typesafe.play\play-exceptions\jars\play-exceptions-2.3.10.jar, C:\Users\muhrifqii\.ivy2\cache\org.javassist\javassist\bundles\javassist-3.18.2-GA.jar, C:\Users\muhrifqii\.ivy2\cache\com.typesafe.play\play-iteratees_2.11\jars\play-iteratees_2.11-2.3.10.jar, C:\Users\muhrifqii\.ivy2\cache\org.scala-stm\scala-stm_2.11\jars\scala-stm_2.11-0.7.jar, C:\Users\muhrifqii\.ivy2\cache\com.typesafe\config\bundles\config-1.2.1.jar, C:\Users\muhrifqii\.ivy2\cache\com.typesafe.play\play-json_2.11\jars\play-json_2.11-2.3.10.jar, C:\Users\muhrifqii\.ivy2\cache\com.typesafe.play\play-functional_2.11\jars\play-functional_2.11-2.3.10.jar, C:\Users\muhrifqii\.ivy2\cache\com.typesafe.play\play-datacommons_2.11\jars\play-datacommons_2.11-2.3.10.jar, C:\Users\muhrifqii\.ivy2\cache\joda-time\joda-time\jars\joda-time-2.3.jar, C:\Users\muhrifqii\.ivy2\cache\org.joda\joda-convert\jars\joda-convert-1.6.jar, C:\Users\muhrifqii\.ivy2\cache\com.fasterxml.jackson.core\jackson-annotations\bundles\jackson-annotations-2.3.2.jar, C:\Users\muhrifqii\.ivy2\cache\com.fasterxml.jackson.core\jackson-core\bundles\jackson-core-2.3.2.jar, C:\Users\muhrifqii\.ivy2\cache\com.fasterxml.jackson.core\jackson-databind\bundles\jackson-databind-2.3.2.jar, C:\Users\muhrifqii\.ivy2\cache\org.scala-lang\scala-reflect\jars\scala-reflect-2.11.1.jar, C:\Users\muhrifqii\.ivy2\cache\org.scala-lang.modules\scala-parser-combinators_2.11\bundles\scala-parser-combinators_2.11-1.0.1.jar, C:\Users\muhrifqii\.ivy2\cache\io.netty\netty\bundles\netty-3.9.9.Final.jar, C:\Users\muhrifqii\.ivy2\cache\com.typesafe.netty\netty-http-pipelining\jars\netty-http-pipelining-1.1.2.jar, C:\Users\muhrifqii\.ivy2\cache\org.slf4j\slf4j-api\jars\slf4j-api-1.7.6.jar, C:\Users\muhrifqii\.ivy2\cache\org.slf4j\jul-to-slf4j\jars\jul-to-slf4j-1.7.6.jar, C:\Users\muhrifqii\.ivy2\cache\org.slf4j\jcl-over-slf4j\jars\jcl-over-slf4j-1.7.6.jar, C:\Users\muhrifqii\.ivy2\cache\ch.qos.logback\logback-core\jars\logback-core-1.1.1.jar, C:\Users\muhrifqii\.ivy2\cache\ch.qos.logback\logback-classic\jars\logback-classic-1.1.1.jar, C:\Users\muhrifqii\.ivy2\cache\com.typesafe.akka\akka-actor_2.11\jars\akka-actor_2.11-2.3.4.jar, C:\Users\muhrifqii\.ivy2\cache\com.typesafe.akka\akka-slf4j_2.11\jars\akka-slf4j_2.11-2.3.4.jar, C:\Users\muhrifqii\.ivy2\cache\commons-codec\commons-codec\jars\commons-codec-1.9.jar, C:\Users\muhrifqii\.ivy2\cache\xerces\xercesImpl\jars\xercesImpl-2.11.0.jar, C:\Users\muhrifqii\.ivy2\cache\xml-apis\xml-apis\jars\xml-apis-1.4.01.jar, C:\Users\muhrifqii\.ivy2\cache\javax.transaction\jta\jars\jta-1.1.jar, C:\Users\muhrifqii\.ivy2\cache\com.typesafe.play\play-jdbc_2.11\jars\play-jdbc_2.11-2.3.10.jar, d:\playframework-typesafe-activator-1.3.10\activator-dist-1.3.10\repository\com.jolbox\bonecp\0.8.0.RELEASE\bundles\bonecp.jar, D:\playframework-typesafe-activator-1.3.10\activator-dist-1.3.10\repository\com.h2database\h2\1.3.175\jars\h2.jar, d:\playframework-typesafe-activator-1.3.10\activator-dist-1.3.10\repository\tyrex\tyrex\1.0.1\jars\tyrex.jar, C:\Users\muhrifqii\.ivy2\cache\com.typesafe.play\anorm_2.11\jars\anorm_2.11-2.3.10.jar, C:\Users\muhrifqii\.ivy2\cache\com.jsuereth\scala-arm_2.11\jars\scala-arm_2.11-1.4.jar, C:\Users\muhrifqii\.ivy2\cache\org.scala-lang.plugins\scala-continuations-library_2.11\bundles\scala-continuations-library_2.11-1.0.1.jar, C:\Users\muhrifqii\.ivy2\cache\com.typesafe.play\play-cache_2.11\jars\play-cache_2.11-2.3.10.jar, C:\Users\muhrifqii\.ivy2\cache\net.sf.ehcache\ehcache-core\jars\ehcache-core-2.6.8.jar, C:\Users\muhrifqii\.ivy2\cache\com.typesafe.play\play-ws_2.11\jars\play-ws_2.11-2.3.10.jar, C:\Users\muhrifqii\.ivy2\cache\com.google.guava\guava\bundles\guava-16.0.1.jar, C:\Users\muhrifqii\.ivy2\cache\com.ning\async-http-client\jars\async-http-client-1.8.15.jar, C:\Users\muhrifqii\.ivy2\cache\oauth.signpost\signpost-core\jars\signpost-core-1.2.1.2.jar, C:\Users\muhrifqii\.ivy2\cache\oauth.signpost\signpost-commonshttp4\jars\signpost-commonshttp4-1.2.1.2.jar, d:\playframework-typesafe-activator-1.3.10\activator-dist-1.3.10\repository\org.apache.httpcomponents\httpcore\4.0.1\jars\httpcore.jar, d:\playframework-typesafe-activator-1.3.10\activator-dist-1.3.10\repository\org.apache.httpcomponents\httpclient\4.0.1\jars\httpclient.jar, C:\Users\muhrifqii\.ivy2\cache\commons-logging\commons-logging\jars\commons-logging-1.1.1.jar),List((public/,D:\Kuliah\file_latihan_scala\PLAY\learn-to-play-scala\target\web\public\main)),List(C:\Users\muhrifqii\.ivy2\cache\com.typesafe.play\play-docs_2.11\jars\play-docs_2.11-2.3.10.jar, C:\Users\muhrifqii\.ivy2\cache\org.scala-lang\scala-library\jars\scala-library-2.11.1.jar, C:\Users\muhrifqii\.ivy2\cache\com.typesafe.play\play_2.11\jars\play_2.11-2.3.10.jar, C:\Users\muhrifqii\.ivy2\cache\com.typesafe.play\build-link\jars\build-link-2.3.10.jar, C:\Users\muhrifqii\.ivy2\cache\com.typesafe.play\play-exceptions\jars\play-exceptions-2.3.10.jar, C:\Users\muhrifqii\.ivy2\cache\org.javassist\javassist\bundles\javassist-3.18.2-GA.jar, C:\Users\muhrifqii\.ivy2\cache\com.typesafe.play\play-iteratees_2.11\jars\play-iteratees_2.11-2.3.10.jar, C:\Users\muhrifqii\.ivy2\cache\org.scala-stm\scala-stm_2.11\jars\scala-stm_2.11-0.7.jar, C:\Users\muhrifqii\.ivy2\cache\com.typesafe\config\bundles\config-1.2.1.jar, C:\Users\muhrifqii\.ivy2\cache\com.typesafe.play\play-json_2.11\jars\play-json_2.11-2.3.10.jar, C:\Users\muhrifqii\.ivy2\cache\com.typesafe.play\play-functional_2.11\jars\play-functional_2.11-2.3.10.jar, C:\Users\muhrifqii\.ivy2\cache\com.typesafe.play\play-datacommons_2.11\jars\play-datacommons_2.11-2.3.10.jar, C:\Users\muhrifqii\.ivy2\cache\joda-time\joda-time\jars\joda-time-2.3.jar, C:\Users\muhrifqii\.ivy2\cache\org.joda\joda-convert\jars\joda-convert-1.6.jar, C:\Users\muhrifqii\.ivy2\cache\com.fasterxml.jackson.core\jackson-annotations\bundles\jackson-annotations-2.3.2.jar, C:\Users\muhrifqii\.ivy2\cache\com.fasterxml.jackson.core\jackson-core\bundles\jackson-core-2.3.2.jar, C:\Users\muhrifqii\.ivy2\cache\com.fasterxml.jackson.core\jackson-databind\bundles\jackson-databind-2.3.2.jar, C:\Users\muhrifqii\.ivy2\cache\org.scala-lang\scala-reflect\jars\scala-reflect-2.11.1.jar, C:\Users\muhrifqii\.ivy2\cache\com.typesafe.play\twirl-api_2.11\jars\twirl-api_2.11-1.0.2.jar, C:\Users\muhrifqii\.ivy2\cache\org.apache.commons\commons-lang3\jars\commons-lang3-3.1.jar, C:\Users\muhrifqii\.ivy2\cache\org.scala-lang.modules\scala-xml_2.11\bundles\scala-xml_2.11-1.0.1.jar, C:\Users\muhrifqii\.ivy2\cache\org.scala-lang.modules\scala-parser-combinators_2.11\bundles\scala-parser-combinators_2.11-1.0.1.jar, C:\Users\muhrifqii\.ivy2\cache\io.netty\netty\bundles\netty-3.9.9.Final.jar, C:\Users\muhrifqii\.ivy2\cache\com.typesafe.netty\netty-http-pipelining\jars\netty-http-pipelining-1.1.2.jar, C:\Users\muhrifqii\.ivy2\cache\org.slf4j\slf4j-api\jars\slf4j-api-1.7.6.jar, C:\Users\muhrifqii\.ivy2\cache\org.slf4j\jul-to-slf4j\jars\jul-to-slf4j-1.7.6.jar, C:\Users\muhrifqii\.ivy2\cache\org.slf4j\jcl-over-slf4j\jars\jcl-over-slf4j-1.7.6.jar, C:\Users\muhrifqii\.ivy2\cache\ch.qos.logback\logback-core\jars\logback-core-1.1.1.jar, C:\Users\muhrifqii\.ivy2\cache\ch.qos.logback\logback-classic\jars\logback-classic-1.1.1.jar, C:\Users\muhrifqii\.ivy2\cache\com.typesafe.akka\akka-actor_2.11\jars\akka-actor_2.11-2.3.4.jar, C:\Users\muhrifqii\.ivy2\cache\com.typesafe.akka\akka-slf4j_2.11\jars\akka-slf4j_2.11-2.3.4.jar, C:\Users\muhrifqii\.ivy2\cache\commons-codec\commons-codec\jars\commons-codec-1.9.jar, C:\Users\muhrifqii\.ivy2\cache\xerces\xercesImpl\jars\xercesImpl-2.11.0.jar, C:\Users\muhrifqii\.ivy2\cache\xml-apis\xml-apis\jars\xml-apis-1.4.01.jar, C:\Users\muhrifqii\.ivy2\cache\javax.transaction\jta\jars\jta-1.1.jar, C:\Users\muhrifqii\.ivy2\cache\com.typesafe.play\play-doc_2.11\jars\play-doc_2.11-1.1.0.jar, d:\playframework-typesafe-activator-1.3.10\activator-dist-1.3.10\repository\org.pegdown\pegdown\1.4.0\jars\pegdown.jar, d:\playframework-typesafe-activator-1.3.10\activator-dist-1.3.10\repository\org.parboiled\parboiled-java\1.1.5\bundles\parboiled-java.jar, d:\playframework-typesafe-activator-1.3.10\activator-dist-1.3.10\repository\org.parboiled\parboiled-core\1.1.5\bundles\parboiled-core.jar, d:\playframework-typesafe-activator-1.3.10\activator-dist-1.3.10\repository\org.ow2.asm\asm\4.1\jars\asm.jar, d:\playframework-typesafe-activator-1.3.10\activator-dist-1.3.10\repository\org.ow2.asm\asm-tree\4.1\jars\asm-tree.jar, d:\playframework-typesafe-activator-1.3.10\activator-dist-1.3.10\repository\org.ow2.asm\asm-analysis\4.1\jars\asm-analysis.jar, d:\playframework-typesafe-activator-1.3.10\activator-dist-1.3.10\repository\org.ow2.asm\asm-util\4.1\jars\asm-util.jar, d:\playframework-typesafe-activator-1.3.10\activator-dist-1.3.10\repository\commons-io\commons-io\2.4\jars\commons-io.jar),List(),9000,DefaultWatchService,List(D:\Kuliah\file_latihan_scala\PLAY\learn-to-play-scala\app-2.11, D:\Kuliah\file_latihan_scala\PLAY\learn-to-play-scala\app, D:\Kuliah\file_latihan_scala\PLAY\learn-to-play-scala\conf, D:\Kuliah\file_latihan_scala\PLAY\learn-to-play-scala\app\assets, D:\Kuliah\file_latihan_scala\PLAY\learn-to-play-scala\public),D:\Kuliah\file_latihan_scala\PLAY\learn-to-play-scala\target,500,root/playForkNotifyStart,root/playForkReload,300000)))
Sending msg to client play-fork-run-6c3896db-326f-444b-a1c6-7fd8903c65a8: ValueChanged(AttributeKey[play.forkrun.protocol.ForkConfig]("playForkConfig") in Scope(Build: file:/D:/Kuliah/file_latihan_scala/PLAY/learn-to-play-scala/, , Project: ProjectReference(file:/D:/Kuliah/file_latihan_scala/PLAY/learn-to-play-scala/,root)),TaskSuccess(BuildValue(LazyValue(TransientValue(),sbt.server.TransientValue$SbtServerTransientValuePickler1$2$@74b18a88),ForkConfig(D:\Kuliah\file_latihan_scala\PLAY\learn-to-play-scala,List(),List(d:\playframework-typesafe-activator-1.3.10\activator-dist-1.3.10\repository\org.scala-lang\scala-library\2.11.6\jars\scala-library.jar, C:\Users\muhrifqii\.ivy2\cache\com.typesafe.play\twirl-api_2.11\jars\twirl-api_2.11-1.0.2.jar, C:\Users\muhrifqii\.ivy2\cache\org.apache.commons\commons-lang3\jars\commons-lang3-3.1.jar, C:\Users\muhrifqii\.ivy2\cache\org.scala-lang.modules\scala-xml_2.11\bundles\scala-xml_2.11-1.0.1.jar, C:\Users\muhrifqii\.ivy2\cache\com.typesafe.play\play_2.11\jars\play_2.11-2.3.10.jar, C:\Users\muhrifqii\.ivy2\cache\com.typesafe.play\build-link\jars\build-link-2.3.10.jar, C:\Users\muhrifqii\.ivy2\cache\com.typesafe.play\play-exceptions\jars\play-exceptions-2.3.10.jar, C:\Users\muhrifqii\.ivy2\cache\org.javassist\javassist\bundles\javassist-3.18.2-GA.jar, C:\Users\muhrifqii\.ivy2\cache\com.typesafe.play\play-iteratees_2.11\jars\play-iteratees_2.11-2.3.10.jar, C:\Users\muhrifqii\.ivy2\cache\org.scala-stm\scala-stm_2.11\jars\scala-stm_2.11-0.7.jar, C:\Users\muhrifqii\.ivy2\cache\com.typesafe\config\bundles\config-1.2.1.jar, C:\Users\muhrifqii\.ivy2\cache\com.typesafe.play\play-json_2.11\jars\play-json_2.11-2.3.10.jar, C:\Users\muhrifqii\.ivy2\cache\com.typesafe.play\play-functional_2.11\jars\play-functional_2.11-2.3.10.jar, C:\Users\muhrifqii\.ivy2\cache\com.typesafe.play\play-datacommons_2.11\jars\play-datacommons_2.11-2.3.10.jar, C:\Users\muhrifqii\.ivy2\cache\joda-time\joda-time\jars\joda-time-2.3.jar, C:\Users\muhrifqii\.ivy2\cache\org.joda\joda-convert\jars\joda-convert-1.6.jar, C:\Users\muhrifqii\.ivy2\cache\com.fasterxml.jackson.core\jackson-annotations\bundles\jackson-annotations-2.3.2.jar, C:\Users\muhrifqii\.ivy2\cache\com.fasterxml.jackson.core\jackson-core\bundles\jackson-core-2.3.2.jar, C:\Users\muhrifqii\.ivy2\cache\com.fasterxml.jackson.core\jackson-databind\bundles\jackson-databind-2.3.2.jar, C:\Users\muhrifqii\.ivy2\cache\org.scala-lang\scala-reflect\jars\scala-reflect-2.11.1.jar, C:\Users\muhrifqii\.ivy2\cache\org.scala-lang.modules\scala-parser-combinators_2.11\bundles\scala-parser-combinators_2.11-1.0.1.jar, C:\Users\muhrifqii\.ivy2\cache\io.netty\netty\bundles\netty-3.9.9.Final.jar, C:\Users\muhrifqii\.ivy2\cache\com.typesafe.netty\netty-http-pipelining\jars\netty-http-pipelining-1.1.2.jar, C:\Users\muhrifqii\.ivy2\cache\org.slf4j\slf4j-api\jars\slf4j-api-1.7.6.jar, C:\Users\muhrifqii\.ivy2\cache\org.slf4j\jul-to-slf4j\jars\jul-to-slf4j-1.7.6.jar, C:\Users\muhrifqii\.ivy2\cache\org.slf4j\jcl-over-slf4j\jars\jcl-over-slf4j-1.7.6.jar, C:\Users\muhrifqii\.ivy2\cache\ch.qos.logback\logback-core\jars\logback-core-1.1.1.jar, C:\Users\muhrifqii\.ivy2\cache\ch.qos.logback\logback-classic\jars\logback-classic-1.1.1.jar, C:\Users\muhrifqii\.ivy2\cache\com.typesafe.akka\akka-actor_2.11\jars\akka-actor_2.11-2.3.4.jar, C:\Users\muhrifqii\.ivy2\cache\com.typesafe.akka\akka-slf4j_2.11\jars\akka-slf4j_2.11-2.3.4.jar, C:\Users\muhrifqii\.ivy2\cache\commons-codec\commons-codec\jars\commons-codec-1.9.jar, C:\Users\muhrifqii\.ivy2\cache\xerces\xercesImpl\jars\xercesImpl-2.11.0.jar, C:\Users\muhrifqii\.ivy2\cache\xml-apis\xml-apis\jars\xml-apis-1.4.01.jar, C:\Users\muhrifqii\.ivy2\cache\javax.transaction\jta\jars\jta-1.1.jar, C:\Users\muhrifqii\.ivy2\cache\com.typesafe.play\play-jdbc_2.11\jars\play-jdbc_2.11-2.3.10.jar, d:\playframework-typesafe-activator-1.3.10\activator-dist-1.3.10\repository\com.jolbox\bonecp\0.8.0.RELEASE\bundles\bonecp.jar, D:\playframework-typesafe-activator-1.3.10\activator-dist-1.3.10\repository\com.h2database\h2\1.3.175\jars\h2.jar, d:\playframework-typesafe-activator-1.3.10\activator-dist-1.3.10\repository\tyrex\tyrex\1.0.1\jars\tyrex.jar, C:\Users\muhrifqii\.ivy2\cache\com.typesafe.play\anorm_2.11\jars\anorm_2.11-2.3.10.jar, C:\Users\muhrifqii\.ivy2\cache\com.jsuereth\scala-arm_2.11\jars\scala-arm_2.11-1.4.jar, C:\Users\muhrifqii\.ivy2\cache\org.scala-lang.plugins\scala-continuations-library_2.11\bundles\scala-continuations-library_2.11-1.0.1.jar, C:\Users\muhrifqii\.ivy2\cache\com.typesafe.play\play-cache_2.11\jars\play-cache_2.11-2.3.10.jar, C:\Users\muhrifqii\.ivy2\cache\net.sf.ehcache\ehcache-core\jars\ehcache-core-2.6.8.jar, C:\Users\muhrifqii\.ivy2\cache\com.typesafe.play\play-ws_2.11\jars\play-ws_2.11-2.3.10.jar, C:\Users\muhrifqii\.ivy2\cache\com.google.guava\guava\bundles\guava-16.0.1.jar, C:\Users\muhrifqii\.ivy2\cache\com.ning\async-http-client\jars\async-http-client-1.8.15.jar, C:\Users\muhrifqii\.ivy2\cache\oauth.signpost\signpost-core\jars\signpost-core-1.2.1.2.jar, C:\Users\muhrifqii\.ivy2\cache\oauth.signpost\signpost-commonshttp4\jars\signpost-commonshttp4-1.2.1.2.jar, d:\playframework-typesafe-activator-1.3.10\activator-dist-1.3.10\repository\org.apache.httpcomponents\httpcore\4.0.1\jars\httpcore.jar, d:\playframework-typesafe-activator-1.3.10\activator-dist-1.3.10\repository\org.apache.httpcomponents\httpclient\4.0.1\jars\httpclient.jar, C:\Users\muhrifqii\.ivy2\cache\commons-logging\commons-logging\jars\commons-logging-1.1.1.jar),List((public/,D:\Kuliah\file_latihan_scala\PLAY\learn-to-play-scala\target\web\public\main)),List(C:\Users\muhrifqii\.ivy2\cache\com.typesafe.play\play-docs_2.11\jars\play-docs_2.11-2.3.10.jar, C:\Users\muhrifqii\.ivy2\cache\org.scala-lang\scala-library\jars\scala-library-2.11.1.jar, C:\Users\muhrifqii\.ivy2\cache\com.typesafe.play\play_2.11\jars\play_2.11-2.3.10.jar, C:\Users\muhrifqii\.ivy2\cache\com.typesafe.play\build-link\jars\build-link-2.3.10.jar, C:\Users\muhrifqii\.ivy2\cache\com.typesafe.play\play-exceptions\jars\play-exceptions-2.3.10.jar, C:\Users\muhrifqii\.ivy2\cache\org.javassist\javassist\bundles\javassist-3.18.2-GA.jar, C:\Users\muhrifqii\.ivy2\cache\com.typesafe.play\play-iteratees_2.11\jars\play-iteratees_2.11-2.3.10.jar, C:\Users\muhrifqii\.ivy2\cache\org.scala-stm\scala-stm_2.11\jars\scala-stm_2.11-0.7.jar, C:\Users\muhrifqii\.ivy2\cache\com.typesafe\config\bundles\config-1.2.1.jar, C:\Users\muhrifqii\.ivy2\cache\com.typesafe.play\play-json_2.11\jars\play-json_2.11-2.3.10.jar, C:\Users\muhrifqii\.ivy2\cache\com.typesafe.play\play-functional_2.11\jars\play-functional_2.11-2.3.10.jar, C:\Users\muhrifqii\.ivy2\cache\com.typesafe.play\play-datacommons_2.11\jars\play-datacommons_2.11-2.3.10.jar, C:\Users\muhrifqii\.ivy2\cache\joda-time\joda-time\jars\joda-time-2.3.jar, C:\Users\muhrifqii\.ivy2\cache\org.joda\joda-convert\jars\joda-convert-1.6.jar, C:\Users\muhrifqii\.ivy2\cache\com.fasterxml.jackson.core\jackson-annotations\bundles\jackson-annotations-2.3.2.jar, C:\Users\muhrifqii\.ivy2\cache\com.fasterxml.jackson.core\jackson-core\bundles\jackson-core-2.3.2.jar, C:\Users\muhrifqii\.ivy2\cache\com.fasterxml.jackson.core\jackson-databind\bundles\jackson-databind-2.3.2.jar, C:\Users\muhrifqii\.ivy2\cache\org.scala-lang\scala-reflect\jars\scala-reflect-2.11.1.jar, C:\Users\muhrifqii\.ivy2\cache\com.typesafe.play\twirl-api_2.11\jars\twirl-api_2.11-1.0.2.jar, C:\Users\muhrifqii\.ivy2\cache\org.apache.commons\commons-lang3\jars\commons-lang3-3.1.jar, C:\Users\muhrifqii\.ivy2\cache\org.scala-lang.modules\scala-xml_2.11\bundles\scala-xml_2.11-1.0.1.jar, C:\Users\muhrifqii\.ivy2\cache\org.scala-lang.modules\scala-parser-combinators_2.11\bundles\scala-parser-combinators_2.11-1.0.1.jar, C:\Users\muhrifqii\.ivy2\cache\io.netty\netty\bundles\netty-3.9.9.Final.jar, C:\Users\muhrifqii\.ivy2\cache\com.typesafe.netty\netty-http-pipelining\jars\netty-http-pipelining-1.1.2.jar, C:\Users\muhrifqii\.ivy2\cache\org.slf4j\slf4j-api\jars\slf4j-api-1.7.6.jar, C:\Users\muhrifqii\.ivy2\cache\org.slf4j\jul-to-slf4j\jars\jul-to-slf4j-1.7.6.jar, C:\Users\muhrifqii\.ivy2\cache\org.slf4j\jcl-over-slf4j\jars\jcl-over-slf4j-1.7.6.jar, C:\Users\muhrifqii\.ivy2\cache\ch.qos.logback\logback-core\jars\logback-core-1.1.1.jar, C:\Users\muhrifqii\.ivy2\cache\ch.qos.logback\logback-classic\jars\logback-classic-1.1.1.jar, C:\Users\muhrifqii\.ivy2\cache\com.typesafe.akka\akka-actor_2.11\jars\akka-actor_2.11-2.3.4.jar, C:\Users\muhrifqii\.ivy2\cache\com.typesafe.akka\akka-slf4j_2.11\jars\akka-slf4j_2.11-2.3.4.jar, C:\Users\muhrifqii\.ivy2\cache\commons-codec\commons-codec\jars\commons-codec-1.9.jar, C:\Users\muhrifqii\.ivy2\cache\xerces\xercesImpl\jars\xercesImpl-2.11.0.jar, C:\Users\muhrifqii\.ivy2\cache\xml-apis\xml-apis\jars\xml-apis-1.4.01.jar, C:\Users\muhrifqii\.ivy2\cache\javax.transaction\jta\jars\jta-1.1.jar, C:\Users\muhrifqii\.ivy2\cache\com.typesafe.play\play-doc_2.11\jars\play-doc_2.11-1.1.0.jar, d:\playframework-typesafe-activator-1.3.10\activator-dist-1.3.10\repository\org.pegdown\pegdown\1.4.0\jars\pegdown.jar, d:\playframework-typesafe-activator-1.3.10\activator-dist-1.3.10\repository\org.parboiled\parboiled-java\1.1.5\bundles\parboiled-java.jar, d:\playframework-typesafe-activator-1.3.10\activator-dist-1.3.10\repository\org.parboiled\parboiled-core\1.1.5\bundles\parboiled-core.jar, d:\playframework-typesafe-activator-1.3.10\activator-dist-1.3.10\repository\org.ow2.asm\asm\4.1\jars\asm.jar, d:\playframework-typesafe-activator-1.3.10\activator-dist-1.3.10\repository\org.ow2.asm\asm-tree\4.1\jars\asm-tree.jar, d:\playframework-typesafe-activator-1.3.10\activator-dist-1.3.10\repository\org.ow2.asm\asm-analysis\4.1\jars\asm-analysis.jar, d:\playframework-typesafe-activator-1.3.10\activator-dist-1.3.10\repository\org.ow2.asm\asm-util\4.1\jars\asm-util.jar, d:\playframework-typesafe-activator-1.3.10\activator-dist-1.3.10\repository\commons-io\commons-io\2.4\jars\commons-io.jar),List(),9000,DefaultWatchService,List(D:\Kuliah\file_latihan_scala\PLAY\learn-to-play-scala\app-2.11, D:\Kuliah\file_latihan_scala\PLAY\learn-to-play-scala\app, D:\Kuliah\file_latihan_scala\PLAY\learn-to-play-scala\conf, D:\Kuliah\file_latihan_scala\PLAY\learn-to-play-scala\app\assets, D:\Kuliah\file_latihan_scala\PLAY\learn-to-play-scala\public),D:\Kuliah\file_latihan_scala\PLAY\learn-to-play-scala\target,500,root/playForkNotifyStart,root/playForkReload,300000))))
Sending msg to client play-fork-run-6c3896db-326f-444b-a1c6-7fd8903c65a8: TaskStarted(444,37000,None)
Sending msg to client play-fork-run-6c3896db-326f-444b-a1c6-7fd8903c65a8: TaskFinished(444,37000,None,true,None)
Sending msg to client play-fork-run-6c3896db-326f-444b-a1c6-7fd8903c65a8: TaskStarted(444,36999,None)
Sending msg to client play-fork-run-6c3896db-326f-444b-a1c6-7fd8903c65a8: TaskFinished(444,36999,None,true,None)
Sending msg to client play-fork-run-6c3896db-326f-444b-a1c6-7fd8903c65a8: DetachedLogEvent(LogMessage(debug,cancel strategy finish enabled=false lastCommand=Some(LastCommand(CommandExecutionWork(ExecutionId(444),{file:/D:/Kuliah/file_latihan_scala/PLAY/learn-to-play-scala/}root/*:playForkConfig,Set(LiveClient(play-fork-run 6c3896db-326f-444b-a1c6-7fd8903c65a8)),sbt.server.WorkCancellationStatus$$anon$1@71eebc51)))))
Sending msg to client play-fork-run-6c3896db-326f-444b-a1c6-7fd8903c65a8: DetachedLogEvent(LogSuccess(Total time: 0 s, completed Jun 4, 2016 9:19:18 PM))
Sending msg to client play-fork-run-6c3896db-326f-444b-a1c6-7fd8903c65a8: DetachedLogEvent(LogMessage(debug,> server-post-command-cleanup))
Sending msg to client play-fork-run-6c3896db-326f-444b-a1c6-7fd8903c65a8: ExecutionSuccess(444)
Sending msg to client play-fork-run-6c3896db-326f-444b-a1c6-7fd8903c65a8: DetachedLogEvent(LogMessage(debug,> server-handle-next-server-request))
Sending msg to client play-fork-run-6c3896db-326f-444b-a1c6-7fd8903c65a8: BackgroundJobLogEvent(5,LogMessage(error,scala.pickling.PicklingException: Not a primitive: scala.Nothing, found JNothing))
Sending msg to client play-fork-run-6c3896db-326f-444b-a1c6-7fd8903c65a8: BackgroundJobLogEvent(5,LogMessage(error,	at sbt.serialization.json.VerifyingJSONPickleReader.sbt$serialization$json$VerifyingJSONPickleReader$$unpickleHelper$1(JSONPickleFormat.scala:367)))
Sending msg to client play-fork-run-6c3896db-326f-444b-a1c6-7fd8903c65a8: BackgroundJobLogEvent(5,LogMessage(error,	at sbt.serialization.json.VerifyingJSONPickleReader.readPrimitive(JSONPickleFormat.scala:373)))
Sending msg to client play-fork-run-6c3896db-326f-444b-a1c6-7fd8903c65a8: BackgroundJobLogEvent(5,LogMessage(error,	at scala.pickling.pickler.PrimitivePickler.unpickle(Primitives.scala:28)))
Sending msg to client play-fork-run-6c3896db-326f-444b-a1c6-7fd8903c65a8: BackgroundJobLogEvent(5,LogMessage(error,	at play.forkrun.protocol.Serializers$PlayForkrunProtocolForkConfigUnpickler$macro$14$2$.unpickle(Serializers.scala:75)))
Sending msg to client play-fork-run-6c3896db-326f-444b-a1c6-7fd8903c65a8: BackgroundJobLogEvent(5,LogMessage(error,	at scala.pickling.Unpickler$class.unpickleEntry(Pickler.scala:79)))
Sending msg to client play-fork-run-6c3896db-326f-444b-a1c6-7fd8903c65a8: BackgroundJobLogEvent(5,LogMessage(error,	at play.forkrun.protocol.Serializers$PlayForkrunProtocolForkConfigUnpickler$macro$14$2$.unpickleEntry(Serializers.scala:75)))
Sending msg to client play-fork-run-6c3896db-326f-444b-a1c6-7fd8903c65a8: BackgroundJobLogEvent(5,LogMessage(error,	at scala.pickling.functions$.unpickle(functions.scala:11)))
Sending msg to client play-fork-run-6c3896db-326f-444b-a1c6-7fd8903c65a8: BackgroundJobLogEvent(5,LogMessage(error,	at sbt.serialization.JsonValue$$anonfun$parse$1.apply(SerializedValue.scala:104)))
Sending msg to client play-fork-run-6c3896db-326f-444b-a1c6-7fd8903c65a8: BackgroundJobLogEvent(5,LogMessage(error,	at scala.util.Try$.apply(Try.scala:191)))
Sending msg to client play-fork-run-6c3896db-326f-444b-a1c6-7fd8903c65a8: BackgroundJobLogEvent(5,LogMessage(error,	at sbt.serialization.JsonValue.parse(SerializedValue.scala:104)))
Sending msg to client play-fork-run-6c3896db-326f-444b-a1c6-7fd8903c65a8: BackgroundJobLogEvent(5,LogMessage(error,	at sbt.protocol.BuildValue.value(Values.scala:11)))
Sending msg to client play-fork-run-6c3896db-326f-444b-a1c6-7fd8903c65a8: BackgroundJobLogEvent(5,LogMessage(error,	at sbt.protocol.TaskSuccess.resultWithCustomThrowable(Values.scala:65)))
Sending msg to client play-fork-run-6c3896db-326f-444b-a1c6-7fd8903c65a8: BackgroundJobLogEvent(5,LogMessage(error,	at sbt.protocol.TaskResult$class.result(Values.scala:56)))
Sending msg to client play-fork-run-6c3896db-326f-444b-a1c6-7fd8903c65a8: BackgroundJobLogEvent(5,LogMessage(error,	at sbt.protocol.TaskSuccess.result(Values.scala:62)))
Sending msg to client play-fork-run-6c3896db-326f-444b-a1c6-7fd8903c65a8: BackgroundJobLogEvent(5,LogMessage(error,	at play.forkrun.ForkRun$$anonfun$settingUp$1.applyOrElse(ForkRun.scala:161)))
Sending msg to client play-fork-run-6c3896db-326f-444b-a1c6-7fd8903c65a8: BackgroundJobLogEvent(5,LogMessage(error,	at akka.actor.Actor$class.aroundReceive(Actor.scala:465)))
Sending msg to client play-fork-run-6c3896db-326f-444b-a1c6-7fd8903c65a8: BackgroundJobLogEvent(5,LogMessage(error,	at play.forkrun.ForkRun.aroundReceive(ForkRun.scala:148)))
Sending msg to client play-fork-run-6c3896db-326f-444b-a1c6-7fd8903c65a8: BackgroundJobLogEvent(5,LogMessage(error,	at akka.actor.ActorCell.receiveMessage(ActorCell.scala:516)))
Sending msg to client play-fork-run-6c3896db-326f-444b-a1c6-7fd8903c65a8: BackgroundJobLogEvent(5,LogMessage(error,	at akka.actor.ActorCell.invoke(ActorCell.scala:487)))
Sending msg to client play-fork-run-6c3896db-326f-444b-a1c6-7fd8903c65a8: BackgroundJobLogEvent(5,LogMessage(error,	at akka.dispatch.Mailbox.processMailbox(Mailbox.scala:254)))
Sending msg to client play-fork-run-6c3896db-326f-444b-a1c6-7fd8903c65a8: BackgroundJobLogEvent(5,LogMessage(error,	at akka.dispatch.Mailbox.run(Mailbox.scala:221)))
Sending msg to client play-fork-run-6c3896db-326f-444b-a1c6-7fd8903c65a8: BackgroundJobLogEvent(5,LogMessage(error,	at akka.dispatch.Mailbox.exec(Mailbox.scala:231)))
Sending msg to client play-fork-run-6c3896db-326f-444b-a1c6-7fd8903c65a8: BackgroundJobLogEvent(5,LogMessage(error,	at scala.concurrent.forkjoin.ForkJoinTask.doExec(ForkJoinTask.java:260)))
Sending msg to client play-fork-run-6c3896db-326f-444b-a1c6-7fd8903c65a8: BackgroundJobLogEvent(5,LogMessage(error,	at scala.concurrent.forkjoin.ForkJoinPool$WorkQueue.runTask(ForkJoinPool.java:1339)))
Sending msg to client play-fork-run-6c3896db-326f-444b-a1c6-7fd8903c65a8: BackgroundJobLogEvent(5,LogMessage(error,	at scala.concurrent.forkjoin.ForkJoinPool.runWorker(ForkJoinPool.java:1979)))
Sending msg to client play-fork-run-6c3896db-326f-444b-a1c6-7fd8903c65a8: BackgroundJobLogEvent(5,LogMessage(error,	at scala.concurrent.forkjoin.ForkJoinWorkerThread.run(ForkJoinWorkerThread.java:107)))
Sending msg to client play-fork-run-6c3896db-326f-444b-a1c6-7fd8903c65a8: BackgroundJobLogEvent(5,LogMessage(error,Play fork run has failed due to:))
Sending msg to client play-fork-run-6c3896db-326f-444b-a1c6-7fd8903c65a8: BackgroundJobLogEvent(5,LogMessage(error,scala.pickling.PicklingException: error in unpickle of primitive unpickler 'java.lang.Integer':))
Sending msg to client play-fork-run-6c3896db-326f-444b-a1c6-7fd8903c65a8: BackgroundJobLogEvent(5,LogMessage(info,tag in unpickle: 'scala.Nothing'))
Sending msg to client play-fork-run-6c3896db-326f-444b-a1c6-7fd8903c65a8: BackgroundJobLogEvent(5,LogMessage(info,message:))
Sending msg to client play-fork-run-6c3896db-326f-444b-a1c6-7fd8903c65a8: BackgroundJobLogEvent(5,LogMessage(info,Not a primitive: scala.Nothing, found JNothing))
Sending msg to client play-fork-run-6c3896db-326f-444b-a1c6-7fd8903c65a8: BackgroundJobLogEvent(5,LogMessage(error,	at scala.pickling.pickler.PrimitivePickler.unpickle(Primitives.scala:31)))
Sending msg to client play-fork-run-6c3896db-326f-444b-a1c6-7fd8903c65a8: BackgroundJobLogEvent(5,LogMessage(error,	at play.forkrun.protocol.Serializers$PlayForkrunProtocolForkConfigUnpickler$macro$14$2$.unpickle(Serializers.scala:75)))
Sending msg to client play-fork-run-6c3896db-326f-444b-a1c6-7fd8903c65a8: BackgroundJobLogEvent(5,LogMessage(error,	at scala.pickling.Unpickler$class.unpickleEntry(Pickler.scala:79)))
Sending msg to client play-fork-run-6c3896db-326f-444b-a1c6-7fd8903c65a8: BackgroundJobLogEvent(5,LogMessage(error,	at play.forkrun.protocol.Serializers$PlayForkrunProtocolForkConfigUnpickler$macro$14$2$.unpickleEntry(Serializers.scala:75)))
Sending msg to client play-fork-run-6c3896db-326f-444b-a1c6-7fd8903c65a8: BackgroundJobLogEvent(5,LogMessage(error,	at scala.pickling.functions$.unpickle(functions.scala:11)))
Sending msg to client play-fork-run-6c3896db-326f-444b-a1c6-7fd8903c65a8: BackgroundJobLogEvent(5,LogMessage(error,	at sbt.serialization.JsonValue$$anonfun$parse$1.apply(SerializedValue.scala:104)))
Sending msg to client play-fork-run-6c3896db-326f-444b-a1c6-7fd8903c65a8: BackgroundJobLogEvent(5,LogMessage(error,	at scala.util.Try$.apply(Try.scala:191)))
Sending msg to client play-fork-run-6c3896db-326f-444b-a1c6-7fd8903c65a8: BackgroundJobLogEvent(5,LogMessage(error,	at sbt.serialization.JsonValue.parse(SerializedValue.scala:104)))
Sending msg to client play-fork-run-6c3896db-326f-444b-a1c6-7fd8903c65a8: BackgroundJobLogEvent(5,LogMessage(error,	at sbt.protocol.BuildValue.value(Values.scala:11)))
Sending msg to client play-fork-run-6c3896db-326f-444b-a1c6-7fd8903c65a8: BackgroundJobLogEvent(5,LogMessage(error,	at sbt.protocol.TaskSuccess.resultWithCustomThrowable(Values.scala:65)))
Sending msg to client play-fork-run-6c3896db-326f-444b-a1c6-7fd8903c65a8: BackgroundJobLogEvent(5,LogMessage(error,	at sbt.protocol.TaskResult$class.result(Values.scala:56)))
Sending msg to client play-fork-run-6c3896db-326f-444b-a1c6-7fd8903c65a8: BackgroundJobLogEvent(5,LogMessage(error,	at sbt.protocol.TaskSuccess.result(Values.scala:62)))
Sending msg to client play-fork-run-6c3896db-326f-444b-a1c6-7fd8903c65a8: BackgroundJobLogEvent(5,LogMessage(error,	at play.forkrun.ForkRun$$anonfun$settingUp$1.applyOrElse(ForkRun.scala:161)))
Sending msg to client play-fork-run-6c3896db-326f-444b-a1c6-7fd8903c65a8: BackgroundJobLogEvent(5,LogMessage(error,	at akka.actor.Actor$class.aroundReceive(Actor.scala:465)))
Sending msg to client play-fork-run-6c3896db-326f-444b-a1c6-7fd8903c65a8: BackgroundJobLogEvent(5,LogMessage(error,	at play.forkrun.ForkRun.aroundReceive(ForkRun.scala:148)))
Sending msg to client play-fork-run-6c3896db-326f-444b-a1c6-7fd8903c65a8: BackgroundJobLogEvent(5,LogMessage(error,	at akka.actor.ActorCell.receiveMessage(ActorCell.scala:516)))
Sending msg to client play-fork-run-6c3896db-326f-444b-a1c6-7fd8903c65a8: BackgroundJobLogEvent(5,LogMessage(error,	at akka.actor.ActorCell.invoke(ActorCell.scala:487)))
Sending msg to client play-fork-run-6c3896db-326f-444b-a1c6-7fd8903c65a8: BackgroundJobLogEvent(5,LogMessage(error,	at akka.dispatch.Mailbox.processMailbox(Mailbox.scala:254)))
Sending msg to client play-fork-run-6c3896db-326f-444b-a1c6-7fd8903c65a8: BackgroundJobLogEvent(5,LogMessage(error,	at akka.dispatch.Mailbox.run(Mailbox.scala:221)))
Sending msg to client play-fork-run-6c3896db-326f-444b-a1c6-7fd8903c65a8: BackgroundJobLogEvent(5,LogMessage(error,	at akka.dispatch.Mailbox.exec(Mailbox.scala:231)))
Sending msg to client play-fork-run-6c3896db-326f-444b-a1c6-7fd8903c65a8: BackgroundJobLogEvent(5,LogMessage(error,	at scala.concurrent.forkjoin.ForkJoinTask.doExec(ForkJoinTask.java:260)))
Sending msg to client play-fork-run-6c3896db-326f-444b-a1c6-7fd8903c65a8: BackgroundJobLogEvent(5,LogMessage(error,	at scala.concurrent.forkjoin.ForkJoinPool$WorkQueue.runTask(ForkJoinPool.java:1339)))
Sending msg to client play-fork-run-6c3896db-326f-444b-a1c6-7fd8903c65a8: BackgroundJobLogEvent(5,LogMessage(error,	at scala.concurrent.forkjoin.ForkJoinPool.runWorker(ForkJoinPool.java:1979)))
Sending msg to client play-fork-run-6c3896db-326f-444b-a1c6-7fd8903c65a8: BackgroundJobLogEvent(5,LogMessage(error,	at scala.concurrent.forkjoin.ForkJoinWorkerThread.run(ForkJoinWorkerThread.java:107)))
Got request: UnlistenToEvents()
Reading next message from client.
Sending msg to client play-fork-run-6c3896db-326f-444b-a1c6-7fd8903c65a8: (8,ReceivedResponse())
Got request: UnlistenToValue(AttributeKey[play.forkrun.protocol.ForkConfig]("playForkConfig") in Scope(Build: file:/D:/Kuliah/file_latihan_scala/PLAY/learn-to-play-scala/, , Project: ProjectReference(file:/D:/Kuliah/file_latihan_scala/PLAY/learn-to-play-scala/,root)))
Reading next message from client.
Client play-fork-run-6c3896db-326f-444b-a1c6-7fd8903c65a8 EOF, shutting down.
Stopping client.
Client play-fork-run-6c3896db-326f-444b-a1c6-7fd8903c65a8 thread exiting.
Dropping message (9,ReceivedResponse()) to dead client play-fork-run-6c3896db-326f-444b-a1c6-7fd8903c65a8
Dropping message (0,ReceivedResponse()) to dead client play-fork-run-6c3896db-326f-444b-a1c6-7fd8903c65a8
