New log file opened at Sat Jun 04 21:16:51 ICT 2016 by 2792@Rifqi
Sending msg to client play-fork-run-ab697e30-5ecb-4a53-ba15-0b46f0a3fb0d: DetachedLogEvent(LogMessage(debug,sbt server socket logs are in: D:\Kuliah\file_latihan_scala\PLAY\learn-to-play-scala\.sbtserver\connections\master.log))
Sending msg to client play-fork-run-ab697e30-5ecb-4a53-ba15-0b46f0a3fb0d: DetachedLogEvent(LogMessage(debug,sbt general server logs are in: D:\Kuliah\file_latihan_scala\PLAY\learn-to-play-scala\.sbtserver\master.log))
Sending msg to client play-fork-run-ab697e30-5ecb-4a53-ba15-0b46f0a3fb0d: DetachedLogEvent(LogMessage(debug,sbt client logs are in: D:\Kuliah\file_latihan_scala\PLAY\learn-to-play-scala\.sbtserver\connections\play-fork-run-ab697e30-5ecb-4a53-ba15-0b46f0a3fb0d.log))
Reading next message from client.
Got request: DaemonRequest(true)
Reading next message from client.
Sending msg to client play-fork-run-ab697e30-5ecb-4a53-ba15-0b46f0a3fb0d: (3,ReceivedResponse())
Got request: ListenToEvents()
Reading next message from client.
Sending msg to client play-fork-run-ab697e30-5ecb-4a53-ba15-0b46f0a3fb0d: BackgroundJobStarted(434,BackgroundJobInfo(3,backgroundRun,AttributeKey[sbt.BackgroundJobHandle]("backgroundRun") in Scope(Build: file:/D:/Kuliah/file_latihan_scala/PLAY/learn-to-play-scala/, , Project: ProjectReference(file:/D:/Kuliah/file_latihan_scala/PLAY/learn-to-play-scala/,root), Config: compile)))
Sending msg to client play-fork-run-ab697e30-5ecb-4a53-ba15-0b46f0a3fb0d: BackgroundJobStarted(432,BackgroundJobInfo(2,backgroundRun,AttributeKey[sbt.BackgroundJobHandle]("backgroundRun") in Scope(Build: file:/D:/Kuliah/file_latihan_scala/PLAY/learn-to-play-scala/, , Project: ProjectReference(file:/D:/Kuliah/file_latihan_scala/PLAY/learn-to-play-scala/,root), Config: compile)))
Sending msg to client play-fork-run-ab697e30-5ecb-4a53-ba15-0b46f0a3fb0d: (4,ReceivedResponse())
Got request: KeyLookupRequest(root/playForkConfig)
Reading next message from client.
Sending msg to client play-fork-run-ab697e30-5ecb-4a53-ba15-0b46f0a3fb0d: (5,KeyLookupResponse(root/playForkConfig,Vector(AttributeKey[play.forkrun.protocol.ForkConfig]("playForkConfig") in Scope(Build: file:/D:/Kuliah/file_latihan_scala/PLAY/learn-to-play-scala/, , Project: ProjectReference(file:/D:/Kuliah/file_latihan_scala/PLAY/learn-to-play-scala/,root)))))
Got request: ListenToValue(AttributeKey[play.forkrun.protocol.ForkConfig]("playForkConfig") in Scope(Build: file:/D:/Kuliah/file_latihan_scala/PLAY/learn-to-play-scala/, , Project: ProjectReference(file:/D:/Kuliah/file_latihan_scala/PLAY/learn-to-play-scala/,root)))
Reading next message from client.
Sending msg to client play-fork-run-ab697e30-5ecb-4a53-ba15-0b46f0a3fb0d: (6,ReceivedResponse())
Got request: KeyExecutionRequest(AttributeKey[play.forkrun.protocol.ForkConfig]("playForkConfig") in Scope(Build: file:/D:/Kuliah/file_latihan_scala/PLAY/learn-to-play-scala/, , Project: ProjectReference(file:/D:/Kuliah/file_latihan_scala/PLAY/learn-to-play-scala/,root)))
Reading next message from client.
Sending msg to client play-fork-run-ab697e30-5ecb-4a53-ba15-0b46f0a3fb0d: (7,ExecutionRequestReceived(435))
Sending msg to client play-fork-run-ab697e30-5ecb-4a53-ba15-0b46f0a3fb0d: ExecutionWaiting(435,{file:/D:/Kuliah/file_latihan_scala/PLAY/learn-to-play-scala/}root/*:playForkConfig,ClientInfo(ab697e30-5ecb-4a53-ba15-0b46f0a3fb0d,play-fork-run,Play Fork Run,1,Vector()))
Sending msg to client play-fork-run-ab697e30-5ecb-4a53-ba15-0b46f0a3fb0d: ExecutionStarting(435)
Sending msg to client play-fork-run-ab697e30-5ecb-4a53-ba15-0b46f0a3fb0d: DetachedLogEvent(LogMessage(debug,> {file:/D:/Kuliah/file_latihan_scala/PLAY/learn-to-play-scala/}root/*:playForkConfig))
Sending msg to client play-fork-run-ab697e30-5ecb-4a53-ba15-0b46f0a3fb0d: DetachedLogEvent(LogMessage(debug,Evaluating tasks: *:playForkConfig))
Sending msg to client play-fork-run-ab697e30-5ecb-4a53-ba15-0b46f0a3fb0d: DetachedLogEvent(LogMessage(debug,Running task... Cancel: sbt.server.ServerTaskCancellation@28f05993, check cycles: false))
Sending msg to client play-fork-run-ab697e30-5ecb-4a53-ba15-0b46f0a3fb0d: DetachedLogEvent(LogMessage(debug,cancel strategy start enabled=true lastCommand=Some(LastCommand(CommandExecutionWork(ExecutionId(435),{file:/D:/Kuliah/file_latihan_scala/PLAY/learn-to-play-scala/}root/*:playForkConfig,Set(LiveClient(play-fork-run ab697e30-5ecb-4a53-ba15-0b46f0a3fb0d)),sbt.server.WorkCancellationStatus$$anon$1@53ff3637)))))
Sending msg to client play-fork-run-ab697e30-5ecb-4a53-ba15-0b46f0a3fb0d: TaskStarted(435,36527,Some(AttributeKey[scala.collection.Seq[java.lang.String]]("javaOptions") in Scope(Global)))
Sending msg to client play-fork-run-ab697e30-5ecb-4a53-ba15-0b46f0a3fb0d: TaskStarted(435,36537,None)
Sending msg to client play-fork-run-ab697e30-5ecb-4a53-ba15-0b46f0a3fb0d: TaskStarted(435,36539,Some(AttributeKey[scala.collection.Seq[sbt.Credentials]]("credentials") in Scope(Global)))
Sending msg to client play-fork-run-ab697e30-5ecb-4a53-ba15-0b46f0a3fb0d: TaskStarted(435,36541,None)
Sending msg to client play-fork-run-ab697e30-5ecb-4a53-ba15-0b46f0a3fb0d: TaskStarted(435,36544,Some(AttributeKey[scala.collection.Seq[sbt.Resolver]]("externalResolvers") in Scope(Build: file:/D:/Kuliah/file_latihan_scala/PLAY/learn-to-play-scala/, , Project: ProjectReference(file:/D:/Kuliah/file_latihan_scala/PLAY/learn-to-play-scala/,root))))
Sending msg to client play-fork-run-ab697e30-5ecb-4a53-ba15-0b46f0a3fb0d: TaskStarted(435,36548,Some(AttributeKey[scala.Option[scala.collection.Seq[sbt.Resolver]]]("bootResolvers") in Scope(Build: file:/D:/Kuliah/file_latihan_scala/PLAY/learn-to-play-scala/, , Project: ProjectReference(file:/D:/Kuliah/file_latihan_scala/PLAY/learn-to-play-scala/,root))))
Sending msg to client play-fork-run-ab697e30-5ecb-4a53-ba15-0b46f0a3fb0d: TaskStarted(435,36550,None)
Sending msg to client play-fork-run-ab697e30-5ecb-4a53-ba15-0b46f0a3fb0d: TaskStarted(435,36551,Some(AttributeKey[boolean]("skip") in Scope(Global)))
Sending msg to client play-fork-run-ab697e30-5ecb-4a53-ba15-0b46f0a3fb0d: TaskStarted(435,36552,Some(AttributeKey[java.lang.String]("updateCacheName") in Scope(Build: file:/D:/Kuliah/file_latihan_scala/PLAY/learn-to-play-scala/, , Project: ProjectReference(file:/D:/Kuliah/file_latihan_scala/PLAY/learn-to-play-scala/,root))))
Sending msg to client play-fork-run-ab697e30-5ecb-4a53-ba15-0b46f0a3fb0d: TaskStarted(435,36554,None)
Sending msg to client play-fork-run-ab697e30-5ecb-4a53-ba15-0b46f0a3fb0d: TaskStarted(435,36561,None)
Sending msg to client play-fork-run-ab697e30-5ecb-4a53-ba15-0b46f0a3fb0d: TaskStarted(435,36562,None)
Sending msg to client play-fork-run-ab697e30-5ecb-4a53-ba15-0b46f0a3fb0d: TaskStarted(435,36573,None)
Sending msg to client play-fork-run-ab697e30-5ecb-4a53-ba15-0b46f0a3fb0d: TaskStarted(435,36580,Some(AttributeKey[scala.Tuple2[java.lang.String,java.io.File]]("playPrefixAndAssets") in Scope(Build: file:/D:/Kuliah/file_latihan_scala/PLAY/learn-to-play-scala/, , Project: ProjectReference(file:/D:/Kuliah/file_latihan_scala/PLAY/learn-to-play-scala/,root))))
Sending msg to client play-fork-run-ab697e30-5ecb-4a53-ba15-0b46f0a3fb0d: TaskFinished(435,36537,None,true,None)
Sending msg to client play-fork-run-ab697e30-5ecb-4a53-ba15-0b46f0a3fb0d: TaskStarted(435,36536,Some(AttributeKey[sbt.BuildStructure]("buildStructure") in Scope(Global)))
Sending msg to client play-fork-run-ab697e30-5ecb-4a53-ba15-0b46f0a3fb0d: TaskStarted(435,36555,Some(AttributeKey[java.io.File]("dependencyCacheDirectory") in Scope(Build: file:/D:/Kuliah/file_latihan_scala/PLAY/learn-to-play-scala/, , Project: ProjectReference(file:/D:/Kuliah/file_latihan_scala/PLAY/learn-to-play-scala/,root))))
Sending msg to client play-fork-run-ab697e30-5ecb-4a53-ba15-0b46f0a3fb0d: TaskStarted(435,36576,Some(AttributeKey[scala.collection.Seq[java.lang.String]]("playMonitoredFiles") in Scope(Build: file:/D:/Kuliah/file_latihan_scala/PLAY/learn-to-play-scala/, , Project: ProjectReference(file:/D:/Kuliah/file_latihan_scala/PLAY/learn-to-play-scala/,root))))
Sending msg to client play-fork-run-ab697e30-5ecb-4a53-ba15-0b46f0a3fb0d: TaskFinished(435,36544,Some(AttributeKey[scala.collection.Seq[sbt.Resolver]]("externalResolvers") in Scope(Build: file:/D:/Kuliah/file_latihan_scala/PLAY/learn-to-play-scala/, , Project: ProjectReference(file:/D:/Kuliah/file_latihan_scala/PLAY/learn-to-play-scala/,root))),true,None)
Sending msg to client play-fork-run-ab697e30-5ecb-4a53-ba15-0b46f0a3fb0d: TaskFinished(435,36527,Some(AttributeKey[scala.collection.Seq[java.lang.String]]("javaOptions") in Scope(Global)),true,None)
Sending msg to client play-fork-run-ab697e30-5ecb-4a53-ba15-0b46f0a3fb0d: TaskFinished(435,36541,None,true,None)
Sending msg to client play-fork-run-ab697e30-5ecb-4a53-ba15-0b46f0a3fb0d: TaskStarted(435,36540,None)
Sending msg to client play-fork-run-ab697e30-5ecb-4a53-ba15-0b46f0a3fb0d: TaskStarted(435,36547,None)
Sending msg to client play-fork-run-ab697e30-5ecb-4a53-ba15-0b46f0a3fb0d: TaskStarted(435,36549,None)
Sending msg to client play-fork-run-ab697e30-5ecb-4a53-ba15-0b46f0a3fb0d: TaskStarted(435,36556,None)
Sending msg to client play-fork-run-ab697e30-5ecb-4a53-ba15-0b46f0a3fb0d: TaskStarted(435,36559,None)
Sending msg to client play-fork-run-ab697e30-5ecb-4a53-ba15-0b46f0a3fb0d: TaskStarted(435,36566,None)
Sending msg to client play-fork-run-ab697e30-5ecb-4a53-ba15-0b46f0a3fb0d: TaskStarted(435,36574,None)
Sending msg to client play-fork-run-ab697e30-5ecb-4a53-ba15-0b46f0a3fb0d: TaskStarted(435,36575,None)
Sending msg to client play-fork-run-ab697e30-5ecb-4a53-ba15-0b46f0a3fb0d: TaskFinished(435,36539,Some(AttributeKey[scala.collection.Seq[sbt.Credentials]]("credentials") in Scope(Global)),true,None)
Sending msg to client play-fork-run-ab697e30-5ecb-4a53-ba15-0b46f0a3fb0d: TaskFinished(435,36548,Some(AttributeKey[scala.Option[scala.collection.Seq[sbt.Resolver]]]("bootResolvers") in Scope(Build: file:/D:/Kuliah/file_latihan_scala/PLAY/learn-to-play-scala/, , Project: ProjectReference(file:/D:/Kuliah/file_latihan_scala/PLAY/learn-to-play-scala/,root))),true,None)
Sending msg to client play-fork-run-ab697e30-5ecb-4a53-ba15-0b46f0a3fb0d: TaskFinished(435,36550,None,true,None)
Sending msg to client play-fork-run-ab697e30-5ecb-4a53-ba15-0b46f0a3fb0d: TaskFinished(435,36552,Some(AttributeKey[java.lang.String]("updateCacheName") in Scope(Build: file:/D:/Kuliah/file_latihan_scala/PLAY/learn-to-play-scala/, , Project: ProjectReference(file:/D:/Kuliah/file_latihan_scala/PLAY/learn-to-play-scala/,root))),true,None)
Sending msg to client play-fork-run-ab697e30-5ecb-4a53-ba15-0b46f0a3fb0d: TaskFinished(435,36554,None,true,None)
Sending msg to client play-fork-run-ab697e30-5ecb-4a53-ba15-0b46f0a3fb0d: TaskFinished(435,36551,Some(AttributeKey[boolean]("skip") in Scope(Global)),true,None)
Sending msg to client play-fork-run-ab697e30-5ecb-4a53-ba15-0b46f0a3fb0d: TaskFinished(435,36561,None,true,None)
Sending msg to client play-fork-run-ab697e30-5ecb-4a53-ba15-0b46f0a3fb0d: TaskFinished(435,36562,None,true,None)
Sending msg to client play-fork-run-ab697e30-5ecb-4a53-ba15-0b46f0a3fb0d: TaskStarted(435,36560,Some(AttributeKey[scala.collection.Seq[sbt.UpdateReport]]("transitiveUpdate") in Scope(Build: file:/D:/Kuliah/file_latihan_scala/PLAY/learn-to-play-scala/, , Project: ProjectReference(file:/D:/Kuliah/file_latihan_scala/PLAY/learn-to-play-scala/,root))))
Sending msg to client play-fork-run-ab697e30-5ecb-4a53-ba15-0b46f0a3fb0d: TaskFinished(435,36573,None,true,None)
Sending msg to client play-fork-run-ab697e30-5ecb-4a53-ba15-0b46f0a3fb0d: TaskFinished(435,36580,Some(AttributeKey[scala.Tuple2[java.lang.String,java.io.File]]("playPrefixAndAssets") in Scope(Build: file:/D:/Kuliah/file_latihan_scala/PLAY/learn-to-play-scala/, , Project: ProjectReference(file:/D:/Kuliah/file_latihan_scala/PLAY/learn-to-play-scala/,root))),true,None)
Sending msg to client play-fork-run-ab697e30-5ecb-4a53-ba15-0b46f0a3fb0d: TaskStarted(435,36579,None)
Sending msg to client play-fork-run-ab697e30-5ecb-4a53-ba15-0b46f0a3fb0d: TaskFinished(435,36536,Some(AttributeKey[sbt.BuildStructure]("buildStructure") in Scope(Global)),true,None)
Sending msg to client play-fork-run-ab697e30-5ecb-4a53-ba15-0b46f0a3fb0d: TaskStarted(435,36535,Some(AttributeKey[sbt.Settings[sbt.Scope]]("settingsData") in Scope(Global)))
Sending msg to client play-fork-run-ab697e30-5ecb-4a53-ba15-0b46f0a3fb0d: TaskFinished(435,36555,Some(AttributeKey[java.io.File]("dependencyCacheDirectory") in Scope(Build: file:/D:/Kuliah/file_latihan_scala/PLAY/learn-to-play-scala/, , Project: ProjectReference(file:/D:/Kuliah/file_latihan_scala/PLAY/learn-to-play-scala/,root))),true,None)
Sending msg to client play-fork-run-ab697e30-5ecb-4a53-ba15-0b46f0a3fb0d: TaskFinished(435,36549,None,true,None)
Sending msg to client play-fork-run-ab697e30-5ecb-4a53-ba15-0b46f0a3fb0d: TaskFinished(435,36576,Some(AttributeKey[scala.collection.Seq[java.lang.String]]("playMonitoredFiles") in Scope(Build: file:/D:/Kuliah/file_latihan_scala/PLAY/learn-to-play-scala/, , Project: ProjectReference(file:/D:/Kuliah/file_latihan_scala/PLAY/learn-to-play-scala/,root))),true,None)
Sending msg to client play-fork-run-ab697e30-5ecb-4a53-ba15-0b46f0a3fb0d: TaskFinished(435,36556,None,true,None)
Sending msg to client play-fork-run-ab697e30-5ecb-4a53-ba15-0b46f0a3fb0d: TaskFinished(435,36540,None,true,None)
Sending msg to client play-fork-run-ab697e30-5ecb-4a53-ba15-0b46f0a3fb0d: TaskFinished(435,36547,None,true,None)
Sending msg to client play-fork-run-ab697e30-5ecb-4a53-ba15-0b46f0a3fb0d: TaskFinished(435,36559,None,true,None)
Sending msg to client play-fork-run-ab697e30-5ecb-4a53-ba15-0b46f0a3fb0d: TaskStarted(435,36558,Some(AttributeKey[scala.collection.immutable.Map[sbt.ModuleID,sbt.SourcePosition]]("dependencyPositions") in Scope(Build: file:/D:/Kuliah/file_latihan_scala/PLAY/learn-to-play-scala/, , Project: ProjectReference(file:/D:/Kuliah/file_latihan_scala/PLAY/learn-to-play-scala/,root))))
Sending msg to client play-fork-run-ab697e30-5ecb-4a53-ba15-0b46f0a3fb0d: TaskFinished(435,36566,None,true,None)
Sending msg to client play-fork-run-ab697e30-5ecb-4a53-ba15-0b46f0a3fb0d: TaskFinished(435,36574,None,true,None)
Sending msg to client play-fork-run-ab697e30-5ecb-4a53-ba15-0b46f0a3fb0d: TaskFinished(435,36575,None,true,None)
Sending msg to client play-fork-run-ab697e30-5ecb-4a53-ba15-0b46f0a3fb0d: TaskFinished(435,36560,Some(AttributeKey[scala.collection.Seq[sbt.UpdateReport]]("transitiveUpdate") in Scope(Build: file:/D:/Kuliah/file_latihan_scala/PLAY/learn-to-play-scala/, , Project: ProjectReference(file:/D:/Kuliah/file_latihan_scala/PLAY/learn-to-play-scala/,root))),true,None)
Sending msg to client play-fork-run-ab697e30-5ecb-4a53-ba15-0b46f0a3fb0d: TaskFinished(435,36579,None,true,None)
Sending msg to client play-fork-run-ab697e30-5ecb-4a53-ba15-0b46f0a3fb0d: TaskStarted(435,36578,None)
Sending msg to client play-fork-run-ab697e30-5ecb-4a53-ba15-0b46f0a3fb0d: TaskFinished(435,36535,Some(AttributeKey[sbt.Settings[sbt.Scope]]("settingsData") in Scope(Global)),true,None)
Sending msg to client play-fork-run-ab697e30-5ecb-4a53-ba15-0b46f0a3fb0d: TaskStarted(435,36534,Some(AttributeKey[scala.collection.Seq[sbt.ModuleID]]("projectDependencies") in Scope(Build: file:/D:/Kuliah/file_latihan_scala/PLAY/learn-to-play-scala/, , Project: ProjectReference(file:/D:/Kuliah/file_latihan_scala/PLAY/learn-to-play-scala/,root))))
Sending msg to client play-fork-run-ab697e30-5ecb-4a53-ba15-0b46f0a3fb0d: TaskStarted(435,36546,Some(AttributeKey[scala.collection.immutable.Map[org.apache.ivy.core.module.id.ModuleRevisionId,org.apache.ivy.core.module.descriptor.ModuleDescriptor]]("projectDescriptors") in Scope(Build: file:/D:/Kuliah/file_latihan_scala/PLAY/learn-to-play-scala/, , Project: ProjectReference(file:/D:/Kuliah/file_latihan_scala/PLAY/learn-to-play-scala/,root))))
Sending msg to client play-fork-run-ab697e30-5ecb-4a53-ba15-0b46f0a3fb0d: TaskStarted(435,36553,None)
Sending msg to client play-fork-run-ab697e30-5ecb-4a53-ba15-0b46f0a3fb0d: TaskStarted(435,36567,None)
Sending msg to client play-fork-run-ab697e30-5ecb-4a53-ba15-0b46f0a3fb0d: TaskFinished(435,36558,Some(AttributeKey[scala.collection.immutable.Map[sbt.ModuleID,sbt.SourcePosition]]("dependencyPositions") in Scope(Build: file:/D:/Kuliah/file_latihan_scala/PLAY/learn-to-play-scala/, , Project: ProjectReference(file:/D:/Kuliah/file_latihan_scala/PLAY/learn-to-play-scala/,root))),true,None)
Sending msg to client play-fork-run-ab697e30-5ecb-4a53-ba15-0b46f0a3fb0d: TaskStarted(435,36557,Some(AttributeKey[sbt.UnresolvedWarningConfiguration]("unresolvedWarningConfiguration") in Scope(Build: file:/D:/Kuliah/file_latihan_scala/PLAY/learn-to-play-scala/, , Project: ProjectReference(file:/D:/Kuliah/file_latihan_scala/PLAY/learn-to-play-scala/,root), Task: AttributeKey[sbt.UpdateReport]("update"))))
Sending msg to client play-fork-run-ab697e30-5ecb-4a53-ba15-0b46f0a3fb0d: TaskFinished(435,36578,None,true,None)
Sending msg to client play-fork-run-ab697e30-5ecb-4a53-ba15-0b46f0a3fb0d: TaskStarted(435,36577,Some(AttributeKey[scala.collection.Seq[scala.Tuple2[java.lang.String,java.io.File]]]("playAllAssets") in Scope(Build: file:/D:/Kuliah/file_latihan_scala/PLAY/learn-to-play-scala/, , Project: ProjectReference(file:/D:/Kuliah/file_latihan_scala/PLAY/learn-to-play-scala/,root))))
Sending msg to client play-fork-run-ab697e30-5ecb-4a53-ba15-0b46f0a3fb0d: TaskFinished(435,36534,Some(AttributeKey[scala.collection.Seq[sbt.ModuleID]]("projectDependencies") in Scope(Build: file:/D:/Kuliah/file_latihan_scala/PLAY/learn-to-play-scala/, , Project: ProjectReference(file:/D:/Kuliah/file_latihan_scala/PLAY/learn-to-play-scala/,root))),true,None)
Sending msg to client play-fork-run-ab697e30-5ecb-4a53-ba15-0b46f0a3fb0d: TaskStarted(435,36533,Some(AttributeKey[scala.collection.Seq[sbt.ModuleID]]("allDependencies") in Scope(Build: file:/D:/Kuliah/file_latihan_scala/PLAY/learn-to-play-scala/, , Project: ProjectReference(file:/D:/Kuliah/file_latihan_scala/PLAY/learn-to-play-scala/,root))))
Sending msg to client play-fork-run-ab697e30-5ecb-4a53-ba15-0b46f0a3fb0d: TaskStarted(435,36582,None)
Sending msg to client play-fork-run-ab697e30-5ecb-4a53-ba15-0b46f0a3fb0d: TaskStarted(435,36583,None)
Sending msg to client play-fork-run-ab697e30-5ecb-4a53-ba15-0b46f0a3fb0d: TaskStarted(435,36588,None)
Sending msg to client play-fork-run-ab697e30-5ecb-4a53-ba15-0b46f0a3fb0d: TaskStarted(435,36590,None)
Sending msg to client play-fork-run-ab697e30-5ecb-4a53-ba15-0b46f0a3fb0d: TaskStarted(435,36591,None)
Sending msg to client play-fork-run-ab697e30-5ecb-4a53-ba15-0b46f0a3fb0d: TaskStarted(435,36593,None)
Sending msg to client play-fork-run-ab697e30-5ecb-4a53-ba15-0b46f0a3fb0d: TaskStarted(435,36594,None)
Sending msg to client play-fork-run-ab697e30-5ecb-4a53-ba15-0b46f0a3fb0d: TaskFinished(435,36557,Some(AttributeKey[sbt.UnresolvedWarningConfiguration]("unresolvedWarningConfiguration") in Scope(Build: file:/D:/Kuliah/file_latihan_scala/PLAY/learn-to-play-scala/, , Project: ProjectReference(file:/D:/Kuliah/file_latihan_scala/PLAY/learn-to-play-scala/,root), Task: AttributeKey[sbt.UpdateReport]("update"))),true,None)
Sending msg to client play-fork-run-ab697e30-5ecb-4a53-ba15-0b46f0a3fb0d: TaskFinished(435,36577,Some(AttributeKey[scala.collection.Seq[scala.Tuple2[java.lang.String,java.io.File]]]("playAllAssets") in Scope(Build: file:/D:/Kuliah/file_latihan_scala/PLAY/learn-to-play-scala/, , Project: ProjectReference(file:/D:/Kuliah/file_latihan_scala/PLAY/learn-to-play-scala/,root))),true,None)
Sending msg to client play-fork-run-ab697e30-5ecb-4a53-ba15-0b46f0a3fb0d: TaskFinished(435,36533,Some(AttributeKey[scala.collection.Seq[sbt.ModuleID]]("allDependencies") in Scope(Build: file:/D:/Kuliah/file_latihan_scala/PLAY/learn-to-play-scala/, , Project: ProjectReference(file:/D:/Kuliah/file_latihan_scala/PLAY/learn-to-play-scala/,root))),true,None)
Sending msg to client play-fork-run-ab697e30-5ecb-4a53-ba15-0b46f0a3fb0d: TaskStarted(435,36532,Some(AttributeKey[sbt.ModuleSettings]("moduleSettings") in Scope(Build: file:/D:/Kuliah/file_latihan_scala/PLAY/learn-to-play-scala/, , Project: ProjectReference(file:/D:/Kuliah/file_latihan_scala/PLAY/learn-to-play-scala/,root))))
Sending msg to client play-fork-run-ab697e30-5ecb-4a53-ba15-0b46f0a3fb0d: TaskFinished(435,36582,None,true,None)
Sending msg to client play-fork-run-ab697e30-5ecb-4a53-ba15-0b46f0a3fb0d: TaskStarted(435,36581,None)
Sending msg to client play-fork-run-ab697e30-5ecb-4a53-ba15-0b46f0a3fb0d: TaskFinished(435,36583,None,true,None)
Sending msg to client play-fork-run-ab697e30-5ecb-4a53-ba15-0b46f0a3fb0d: TaskFinished(435,36553,None,true,None)
Sending msg to client play-fork-run-ab697e30-5ecb-4a53-ba15-0b46f0a3fb0d: TaskFinished(435,36588,None,true,None)
Sending msg to client play-fork-run-ab697e30-5ecb-4a53-ba15-0b46f0a3fb0d: TaskStarted(435,36587,None)
Sending msg to client play-fork-run-ab697e30-5ecb-4a53-ba15-0b46f0a3fb0d: TaskFinished(435,36590,None,true,None)
Sending msg to client play-fork-run-ab697e30-5ecb-4a53-ba15-0b46f0a3fb0d: TaskFinished(435,36591,None,true,None)
Sending msg to client play-fork-run-ab697e30-5ecb-4a53-ba15-0b46f0a3fb0d: TaskStarted(435,36589,Some(AttributeKey[scala.collection.Seq[sbt.Attributed[java.io.File]]]("unmanagedJars") in Scope(Build: file:/D:/Kuliah/file_latihan_scala/PLAY/learn-to-play-scala/, , Project: ProjectReference(file:/D:/Kuliah/file_latihan_scala/PLAY/learn-to-play-scala/,root), Config: compile)))
Sending msg to client play-fork-run-ab697e30-5ecb-4a53-ba15-0b46f0a3fb0d: TaskFinished(435,36593,None,true,None)
Sending msg to client play-fork-run-ab697e30-5ecb-4a53-ba15-0b46f0a3fb0d: TaskFinished(435,36594,None,true,None)
Sending msg to client play-fork-run-ab697e30-5ecb-4a53-ba15-0b46f0a3fb0d: TaskStarted(435,36592,Some(AttributeKey[scala.collection.Seq[sbt.Attributed[java.io.File]]]("unmanagedJars") in Scope(Build: file:/D:/Kuliah/file_latihan_scala/PLAY/learn-to-play-scala/, , Project: ProjectReference(file:/D:/Kuliah/file_latihan_scala/PLAY/learn-to-play-scala/,root), Config: runtime)))
Sending msg to client play-fork-run-ab697e30-5ecb-4a53-ba15-0b46f0a3fb0d: TaskFinished(435,36532,Some(AttributeKey[sbt.ModuleSettings]("moduleSettings") in Scope(Build: file:/D:/Kuliah/file_latihan_scala/PLAY/learn-to-play-scala/, , Project: ProjectReference(file:/D:/Kuliah/file_latihan_scala/PLAY/learn-to-play-scala/,root))),true,None)
Sending msg to client play-fork-run-ab697e30-5ecb-4a53-ba15-0b46f0a3fb0d: TaskFinished(435,36581,None,true,None)
Sending msg to client play-fork-run-ab697e30-5ecb-4a53-ba15-0b46f0a3fb0d: TaskFinished(435,36546,Some(AttributeKey[scala.collection.immutable.Map[org.apache.ivy.core.module.id.ModuleRevisionId,org.apache.ivy.core.module.descriptor.ModuleDescriptor]]("projectDescriptors") in Scope(Build: file:/D:/Kuliah/file_latihan_scala/PLAY/learn-to-play-scala/, , Project: ProjectReference(file:/D:/Kuliah/file_latihan_scala/PLAY/learn-to-play-scala/,root))),true,None)
Sending msg to client play-fork-run-ab697e30-5ecb-4a53-ba15-0b46f0a3fb0d: TaskStarted(435,36545,Some(AttributeKey[sbt.Resolver]("projectResolver") in Scope(Build: file:/D:/Kuliah/file_latihan_scala/PLAY/learn-to-play-scala/, , Project: ProjectReference(file:/D:/Kuliah/file_latihan_scala/PLAY/learn-to-play-scala/,root))))
Sending msg to client play-fork-run-ab697e30-5ecb-4a53-ba15-0b46f0a3fb0d: TaskStarted(435,36595,None)
Sending msg to client play-fork-run-ab697e30-5ecb-4a53-ba15-0b46f0a3fb0d: TaskFinished(435,36589,Some(AttributeKey[scala.collection.Seq[sbt.Attributed[java.io.File]]]("unmanagedJars") in Scope(Build: file:/D:/Kuliah/file_latihan_scala/PLAY/learn-to-play-scala/, , Project: ProjectReference(file:/D:/Kuliah/file_latihan_scala/PLAY/learn-to-play-scala/,root), Config: compile)),true,None)
Sending msg to client play-fork-run-ab697e30-5ecb-4a53-ba15-0b46f0a3fb0d: TaskFinished(435,36592,Some(AttributeKey[scala.collection.Seq[sbt.Attributed[java.io.File]]]("unmanagedJars") in Scope(Build: file:/D:/Kuliah/file_latihan_scala/PLAY/learn-to-play-scala/, , Project: ProjectReference(file:/D:/Kuliah/file_latihan_scala/PLAY/learn-to-play-scala/,root), Config: runtime)),true,None)
Sending msg to client play-fork-run-ab697e30-5ecb-4a53-ba15-0b46f0a3fb0d: TaskFinished(435,36545,Some(AttributeKey[sbt.Resolver]("projectResolver") in Scope(Build: file:/D:/Kuliah/file_latihan_scala/PLAY/learn-to-play-scala/, , Project: ProjectReference(file:/D:/Kuliah/file_latihan_scala/PLAY/learn-to-play-scala/,root))),true,None)
Sending msg to client play-fork-run-ab697e30-5ecb-4a53-ba15-0b46f0a3fb0d: TaskStarted(435,36543,Some(AttributeKey[scala.collection.Seq[sbt.Resolver]]("fullResolvers") in Scope(Build: file:/D:/Kuliah/file_latihan_scala/PLAY/learn-to-play-scala/, , Project: ProjectReference(file:/D:/Kuliah/file_latihan_scala/PLAY/learn-to-play-scala/,root))))
Sending msg to client play-fork-run-ab697e30-5ecb-4a53-ba15-0b46f0a3fb0d: TaskFinished(435,36595,None,true,None)
Sending msg to client play-fork-run-ab697e30-5ecb-4a53-ba15-0b46f0a3fb0d: TaskFinished(435,36587,None,true,None)
Sending msg to client play-fork-run-ab697e30-5ecb-4a53-ba15-0b46f0a3fb0d: TaskStarted(435,36586,Some(AttributeKey[scala.collection.Seq[sbt.Attributed[java.io.File]]]("unmanagedJars") in Scope(Build: file:/D:/Kuliah/file_latihan_scala/PLAY/learn-to-play-scala/, , Project: ProjectReference(file:/D:/Kuliah/file_latihan_scala/PLAY/learn-to-play-scala/,root), Config: compile)))
Sending msg to client play-fork-run-ab697e30-5ecb-4a53-ba15-0b46f0a3fb0d: TaskFinished(435,36543,Some(AttributeKey[scala.collection.Seq[sbt.Resolver]]("fullResolvers") in Scope(Build: file:/D:/Kuliah/file_latihan_scala/PLAY/learn-to-play-scala/, , Project: ProjectReference(file:/D:/Kuliah/file_latihan_scala/PLAY/learn-to-play-scala/,root))),true,None)
Sending msg to client play-fork-run-ab697e30-5ecb-4a53-ba15-0b46f0a3fb0d: TaskStarted(435,36542,Some(AttributeKey[sbt.IvyConfiguration]("ivyConfiguration") in Scope(Build: file:/D:/Kuliah/file_latihan_scala/PLAY/learn-to-play-scala/, , Project: ProjectReference(file:/D:/Kuliah/file_latihan_scala/PLAY/learn-to-play-scala/,root))))
Sending msg to client play-fork-run-ab697e30-5ecb-4a53-ba15-0b46f0a3fb0d: TaskFinished(435,36586,Some(AttributeKey[scala.collection.Seq[sbt.Attributed[java.io.File]]]("unmanagedJars") in Scope(Build: file:/D:/Kuliah/file_latihan_scala/PLAY/learn-to-play-scala/, , Project: ProjectReference(file:/D:/Kuliah/file_latihan_scala/PLAY/learn-to-play-scala/,root), Config: compile)),true,None)
Sending msg to client play-fork-run-ab697e30-5ecb-4a53-ba15-0b46f0a3fb0d: TaskStarted(435,36585,None)
Sending msg to client play-fork-run-ab697e30-5ecb-4a53-ba15-0b46f0a3fb0d: TaskFinished(435,36542,Some(AttributeKey[sbt.IvyConfiguration]("ivyConfiguration") in Scope(Build: file:/D:/Kuliah/file_latihan_scala/PLAY/learn-to-play-scala/, , Project: ProjectReference(file:/D:/Kuliah/file_latihan_scala/PLAY/learn-to-play-scala/,root))),true,None)
Sending msg to client play-fork-run-ab697e30-5ecb-4a53-ba15-0b46f0a3fb0d: TaskStarted(435,36538,Some(AttributeKey[sbt.IvySbt]("ivySbt") in Scope(Build: file:/D:/Kuliah/file_latihan_scala/PLAY/learn-to-play-scala/, , Project: ProjectReference(file:/D:/Kuliah/file_latihan_scala/PLAY/learn-to-play-scala/,root))))
Sending msg to client play-fork-run-ab697e30-5ecb-4a53-ba15-0b46f0a3fb0d: TaskFinished(435,36585,None,true,None)
Sending msg to client play-fork-run-ab697e30-5ecb-4a53-ba15-0b46f0a3fb0d: TaskStarted(435,36584,None)
Sending msg to client play-fork-run-ab697e30-5ecb-4a53-ba15-0b46f0a3fb0d: TaskFinished(435,36584,None,true,None)
Sending msg to client play-fork-run-ab697e30-5ecb-4a53-ba15-0b46f0a3fb0d: TaskFinished(435,36567,None,true,None)
Sending msg to client play-fork-run-ab697e30-5ecb-4a53-ba15-0b46f0a3fb0d: TaskStarted(435,36565,Some(AttributeKey[scala.collection.Seq[sbt.Attributed[java.io.File]]]("unmanagedClasspath") in Scope(Build: file:/D:/Kuliah/file_latihan_scala/PLAY/learn-to-play-scala/, , Project: ProjectReference(file:/D:/Kuliah/file_latihan_scala/PLAY/learn-to-play-scala/,root), Config: runtime)))
Sending msg to client play-fork-run-ab697e30-5ecb-4a53-ba15-0b46f0a3fb0d: TaskFinished(435,36538,Some(AttributeKey[sbt.IvySbt]("ivySbt") in Scope(Build: file:/D:/Kuliah/file_latihan_scala/PLAY/learn-to-play-scala/, , Project: ProjectReference(file:/D:/Kuliah/file_latihan_scala/PLAY/learn-to-play-scala/,root))),true,None)
Sending msg to client play-fork-run-ab697e30-5ecb-4a53-ba15-0b46f0a3fb0d: TaskStarted(435,36531,Some(AttributeKey[sbt.IvySbt$Module]("ivyModule") in Scope(Build: file:/D:/Kuliah/file_latihan_scala/PLAY/learn-to-play-scala/, , Project: ProjectReference(file:/D:/Kuliah/file_latihan_scala/PLAY/learn-to-play-scala/,root))))
Sending msg to client play-fork-run-ab697e30-5ecb-4a53-ba15-0b46f0a3fb0d: TaskFinished(435,36565,Some(AttributeKey[scala.collection.Seq[sbt.Attributed[java.io.File]]]("unmanagedClasspath") in Scope(Build: file:/D:/Kuliah/file_latihan_scala/PLAY/learn-to-play-scala/, , Project: ProjectReference(file:/D:/Kuliah/file_latihan_scala/PLAY/learn-to-play-scala/,root), Config: runtime)),true,None)
Sending msg to client play-fork-run-ab697e30-5ecb-4a53-ba15-0b46f0a3fb0d: TaskFinished(435,36531,Some(AttributeKey[sbt.IvySbt$Module]("ivyModule") in Scope(Build: file:/D:/Kuliah/file_latihan_scala/PLAY/learn-to-play-scala/, , Project: ProjectReference(file:/D:/Kuliah/file_latihan_scala/PLAY/learn-to-play-scala/,root))),true,None)
Sending msg to client play-fork-run-ab697e30-5ecb-4a53-ba15-0b46f0a3fb0d: TaskStarted(435,36530,Some(AttributeKey[sbt.UpdateReport]("update") in Scope(Build: file:/D:/Kuliah/file_latihan_scala/PLAY/learn-to-play-scala/, , Project: ProjectReference(file:/D:/Kuliah/file_latihan_scala/PLAY/learn-to-play-scala/,root))))
Sending msg to client play-fork-run-ab697e30-5ecb-4a53-ba15-0b46f0a3fb0d: TaskFinished(435,36530,Some(AttributeKey[sbt.UpdateReport]("update") in Scope(Build: file:/D:/Kuliah/file_latihan_scala/PLAY/learn-to-play-scala/, , Project: ProjectReference(file:/D:/Kuliah/file_latihan_scala/PLAY/learn-to-play-scala/,root))),true,None)
Sending msg to client play-fork-run-ab697e30-5ecb-4a53-ba15-0b46f0a3fb0d: TaskStarted(435,36529,Some(AttributeKey[sbt.UpdateReport]("update") in Scope(Build: file:/D:/Kuliah/file_latihan_scala/PLAY/learn-to-play-scala/, , Project: ProjectReference(file:/D:/Kuliah/file_latihan_scala/PLAY/learn-to-play-scala/,root))))
Sending msg to client play-fork-run-ab697e30-5ecb-4a53-ba15-0b46f0a3fb0d: TaskFinished(435,36529,Some(AttributeKey[sbt.UpdateReport]("update") in Scope(Build: file:/D:/Kuliah/file_latihan_scala/PLAY/learn-to-play-scala/, , Project: ProjectReference(file:/D:/Kuliah/file_latihan_scala/PLAY/learn-to-play-scala/,root))),true,None)
Sending msg to client play-fork-run-ab697e30-5ecb-4a53-ba15-0b46f0a3fb0d: TaskStarted(435,36528,Some(AttributeKey[scala.collection.Seq[sbt.Attributed[java.io.File]]]("managedClasspath") in Scope(Build: file:/D:/Kuliah/file_latihan_scala/PLAY/learn-to-play-scala/, , Project: ProjectReference(file:/D:/Kuliah/file_latihan_scala/PLAY/learn-to-play-scala/,root), Config: docs)))
Sending msg to client play-fork-run-ab697e30-5ecb-4a53-ba15-0b46f0a3fb0d: TaskStarted(435,36572,Some(AttributeKey[sbt.Configuration]("classpathConfiguration") in Scope(Build: file:/D:/Kuliah/file_latihan_scala/PLAY/learn-to-play-scala/, , Project: ProjectReference(file:/D:/Kuliah/file_latihan_scala/PLAY/learn-to-play-scala/,root), Config: compile)))
Sending msg to client play-fork-run-ab697e30-5ecb-4a53-ba15-0b46f0a3fb0d: TaskFinished(435,36572,Some(AttributeKey[sbt.Configuration]("classpathConfiguration") in Scope(Build: file:/D:/Kuliah/file_latihan_scala/PLAY/learn-to-play-scala/, , Project: ProjectReference(file:/D:/Kuliah/file_latihan_scala/PLAY/learn-to-play-scala/,root), Config: compile)),true,None)
Sending msg to client play-fork-run-ab697e30-5ecb-4a53-ba15-0b46f0a3fb0d: TaskStarted(435,36571,None)
Sending msg to client play-fork-run-ab697e30-5ecb-4a53-ba15-0b46f0a3fb0d: TaskFinished(435,36528,Some(AttributeKey[scala.collection.Seq[sbt.Attributed[java.io.File]]]("managedClasspath") in Scope(Build: file:/D:/Kuliah/file_latihan_scala/PLAY/learn-to-play-scala/, , Project: ProjectReference(file:/D:/Kuliah/file_latihan_scala/PLAY/learn-to-play-scala/,root), Config: docs)),true,None)
Sending msg to client play-fork-run-ab697e30-5ecb-4a53-ba15-0b46f0a3fb0d: TaskFinished(435,36571,None,true,None)
Sending msg to client play-fork-run-ab697e30-5ecb-4a53-ba15-0b46f0a3fb0d: TaskStarted(435,36570,Some(AttributeKey[sbt.Configuration]("classpathConfiguration") in Scope(Build: file:/D:/Kuliah/file_latihan_scala/PLAY/learn-to-play-scala/, , Project: ProjectReference(file:/D:/Kuliah/file_latihan_scala/PLAY/learn-to-play-scala/,root), Config: runtime)))
Sending msg to client play-fork-run-ab697e30-5ecb-4a53-ba15-0b46f0a3fb0d: TaskFinished(435,36570,Some(AttributeKey[sbt.Configuration]("classpathConfiguration") in Scope(Build: file:/D:/Kuliah/file_latihan_scala/PLAY/learn-to-play-scala/, , Project: ProjectReference(file:/D:/Kuliah/file_latihan_scala/PLAY/learn-to-play-scala/,root), Config: runtime)),true,None)
Sending msg to client play-fork-run-ab697e30-5ecb-4a53-ba15-0b46f0a3fb0d: TaskStarted(435,36569,None)
Sending msg to client play-fork-run-ab697e30-5ecb-4a53-ba15-0b46f0a3fb0d: TaskFinished(435,36569,None,true,None)
Sending msg to client play-fork-run-ab697e30-5ecb-4a53-ba15-0b46f0a3fb0d: TaskStarted(435,36568,Some(AttributeKey[scala.collection.Seq[sbt.Attributed[java.io.File]]]("managedClasspath") in Scope(Build: file:/D:/Kuliah/file_latihan_scala/PLAY/learn-to-play-scala/, , Project: ProjectReference(file:/D:/Kuliah/file_latihan_scala/PLAY/learn-to-play-scala/,root), Config: runtime)))
Sending msg to client play-fork-run-ab697e30-5ecb-4a53-ba15-0b46f0a3fb0d: TaskFinished(435,36568,Some(AttributeKey[scala.collection.Seq[sbt.Attributed[java.io.File]]]("managedClasspath") in Scope(Build: file:/D:/Kuliah/file_latihan_scala/PLAY/learn-to-play-scala/, , Project: ProjectReference(file:/D:/Kuliah/file_latihan_scala/PLAY/learn-to-play-scala/,root), Config: runtime)),true,None)
Sending msg to client play-fork-run-ab697e30-5ecb-4a53-ba15-0b46f0a3fb0d: TaskStarted(435,36564,None)
Sending msg to client play-fork-run-ab697e30-5ecb-4a53-ba15-0b46f0a3fb0d: TaskFinished(435,36564,None,true,None)
Sending msg to client play-fork-run-ab697e30-5ecb-4a53-ba15-0b46f0a3fb0d: TaskStarted(435,36563,Some(AttributeKey[scala.collection.Seq[sbt.Attributed[java.io.File]]]("playDependencyClasspath") in Scope(Build: file:/D:/Kuliah/file_latihan_scala/PLAY/learn-to-play-scala/, , Project: ProjectReference(file:/D:/Kuliah/file_latihan_scala/PLAY/learn-to-play-scala/,root))))
Sending msg to client play-fork-run-ab697e30-5ecb-4a53-ba15-0b46f0a3fb0d: TaskFinished(435,36563,Some(AttributeKey[scala.collection.Seq[sbt.Attributed[java.io.File]]]("playDependencyClasspath") in Scope(Build: file:/D:/Kuliah/file_latihan_scala/PLAY/learn-to-play-scala/, , Project: ProjectReference(file:/D:/Kuliah/file_latihan_scala/PLAY/learn-to-play-scala/,root))),true,None)
Sending msg to client play-fork-run-ab697e30-5ecb-4a53-ba15-0b46f0a3fb0d: TaskStarted(435,36526,Some(AttributeKey[play.forkrun.protocol.ForkConfig]("playForkConfig") in Scope(Build: file:/D:/Kuliah/file_latihan_scala/PLAY/learn-to-play-scala/, , Project: ProjectReference(file:/D:/Kuliah/file_latihan_scala/PLAY/learn-to-play-scala/,root))))
Sending msg to client play-fork-run-ab697e30-5ecb-4a53-ba15-0b46f0a3fb0d: TaskFinished(435,36526,Some(AttributeKey[play.forkrun.protocol.ForkConfig]("playForkConfig") in Scope(Build: file:/D:/Kuliah/file_latihan_scala/PLAY/learn-to-play-scala/, , Project: ProjectReference(file:/D:/Kuliah/file_latihan_scala/PLAY/learn-to-play-scala/,root))),true,None)
Sending msg to client play-fork-run-ab697e30-5ecb-4a53-ba15-0b46f0a3fb0d: DetachedLogEvent(LogStdErr(No dynamic serializer found (using manifest play.forkrun.protocol.ForkConfig) for ForkConfig(D:\Kuliah\file_latihan_scala\PLAY\learn-to-play-scala,List(),List(d:\playframework-typesafe-activator-1.3.10\activator-dist-1.3.10\repository\org.scala-lang\scala-library\2.11.6\jars\scala-library.jar, C:\Users\muhrifqii\.ivy2\cache\com.typesafe.play\twirl-api_2.11\jars\twirl-api_2.11-1.0.2.jar, C:\Users\muhrifqii\.ivy2\cache\org.apache.commons\commons-lang3\jars\commons-lang3-3.1.jar, C:\Users\muhrifqii\.ivy2\cache\org.scala-lang.modules\scala-xml_2.11\bundles\scala-xml_2.11-1.0.1.jar, C:\Users\muhrifqii\.ivy2\cache\com.typesafe.play\play_2.11\jars\play_2.11-2.3.10.jar, C:\Users\muhrifqii\.ivy2\cache\com.typesafe.play\build-link\jars\build-link-2.3.10.jar, C:\Users\muhrifqii\.ivy2\cache\com.typesafe.play\play-exceptions\jars\play-exceptions-2.3.10.jar, C:\Users\muhrifqii\.ivy2\cache\org.javassist\javassist\bundles\javassist-3.18.2-GA.jar, C:\Users\muhrifqii\.ivy2\cache\com.typesafe.play\play-iteratees_2.11\jars\play-iteratees_2.11-2.3.10.jar, C:\Users\muhrifqii\.ivy2\cache\org.scala-stm\scala-stm_2.11\jars\scala-stm_2.11-0.7.jar, C:\Users\muhrifqii\.ivy2\cache\com.typesafe\config\bundles\config-1.2.1.jar, C:\Users\muhrifqii\.ivy2\cache\com.typesafe.play\play-json_2.11\jars\play-json_2.11-2.3.10.jar, C:\Users\muhrifqii\.ivy2\cache\com.typesafe.play\play-functional_2.11\jars\play-functional_2.11-2.3.10.jar, C:\Users\muhrifqii\.ivy2\cache\com.typesafe.play\play-datacommons_2.11\jars\play-datacommons_2.11-2.3.10.jar, C:\Users\muhrifqii\.ivy2\cache\joda-time\joda-time\jars\joda-time-2.3.jar, C:\Users\muhrifqii\.ivy2\cache\org.joda\joda-convert\jars\joda-convert-1.6.jar, C:\Users\muhrifqii\.ivy2\cache\com.fasterxml.jackson.core\jackson-annotations\bundles\jackson-annotations-2.3.2.jar, C:\Users\muhrifqii\.ivy2\cache\com.fasterxml.jackson.core\jackson-core\bundles\jackson-core-2.3.2.jar, C:\Users\muhrifqii\.ivy2\cache\com.fasterxml.jackson.core\jackson-databind\bundles\jackson-databind-2.3.2.jar, C:\Users\muhrifqii\.ivy2\cache\org.scala-lang\scala-reflect\jars\scala-reflect-2.11.1.jar, C:\Users\muhrifqii\.ivy2\cache\org.scala-lang.modules\scala-parser-combinators_2.11\bundles\scala-parser-combinators_2.11-1.0.1.jar, C:\Users\muhrifqii\.ivy2\cache\io.netty\netty\bundles\netty-3.9.9.Final.jar, C:\Users\muhrifqii\.ivy2\cache\com.typesafe.netty\netty-http-pipelining\jars\netty-http-pipelining-1.1.2.jar, C:\Users\muhrifqii\.ivy2\cache\org.slf4j\slf4j-api\jars\slf4j-api-1.7.6.jar, C:\Users\muhrifqii\.ivy2\cache\org.slf4j\jul-to-slf4j\jars\jul-to-slf4j-1.7.6.jar, C:\Users\muhrifqii\.ivy2\cache\org.slf4j\jcl-over-slf4j\jars\jcl-over-slf4j-1.7.6.jar, C:\Users\muhrifqii\.ivy2\cache\ch.qos.logback\logback-core\jars\logback-core-1.1.1.jar, C:\Users\muhrifqii\.ivy2\cache\ch.qos.logback\logback-classic\jars\logback-classic-1.1.1.jar, C:\Users\muhrifqii\.ivy2\cache\com.typesafe.akka\akka-actor_2.11\jars\akka-actor_2.11-2.3.4.jar, C:\Users\muhrifqii\.ivy2\cache\com.typesafe.akka\akka-slf4j_2.11\jars\akka-slf4j_2.11-2.3.4.jar, C:\Users\muhrifqii\.ivy2\cache\commons-codec\commons-codec\jars\commons-codec-1.9.jar, C:\Users\muhrifqii\.ivy2\cache\xerces\xercesImpl\jars\xercesImpl-2.11.0.jar, C:\Users\muhrifqii\.ivy2\cache\xml-apis\xml-apis\jars\xml-apis-1.4.01.jar, C:\Users\muhrifqii\.ivy2\cache\javax.transaction\jta\jars\jta-1.1.jar, C:\Users\muhrifqii\.ivy2\cache\com.typesafe.play\play-jdbc_2.11\jars\play-jdbc_2.11-2.3.10.jar, d:\playframework-typesafe-activator-1.3.10\activator-dist-1.3.10\repository\com.jolbox\bonecp\0.8.0.RELEASE\bundles\bonecp.jar, D:\playframework-typesafe-activator-1.3.10\activator-dist-1.3.10\repository\com.h2database\h2\1.3.175\jars\h2.jar, d:\playframework-typesafe-activator-1.3.10\activator-dist-1.3.10\repository\tyrex\tyrex\1.0.1\jars\tyrex.jar, C:\Users\muhrifqii\.ivy2\cache\com.typesafe.play\anorm_2.11\jars\anorm_2.11-2.3.10.jar, C:\Users\muhrifqii\.ivy2\cache\com.jsuereth\scala-arm_2.11\jars\scala-arm_2.11-1.4.jar, C:\Users\muhrifqii\.ivy2\cache\org.scala-lang.plugins\scala-continuations-library_2.11\bundles\scala-continuations-library_2.11-1.0.1.jar, C:\Users\muhrifqii\.ivy2\cache\com.typesafe.play\play-cache_2.11\jars\play-cache_2.11-2.3.10.jar, C:\Users\muhrifqii\.ivy2\cache\net.sf.ehcache\ehcache-core\jars\ehcache-core-2.6.8.jar, C:\Users\muhrifqii\.ivy2\cache\com.typesafe.play\play-ws_2.11\jars\play-ws_2.11-2.3.10.jar, C:\Users\muhrifqii\.ivy2\cache\com.google.guava\guava\bundles\guava-16.0.1.jar, C:\Users\muhrifqii\.ivy2\cache\com.ning\async-http-client\jars\async-http-client-1.8.15.jar, C:\Users\muhrifqii\.ivy2\cache\oauth.signpost\signpost-core\jars\signpost-core-1.2.1.2.jar, C:\Users\muhrifqii\.ivy2\cache\oauth.signpost\signpost-commonshttp4\jars\signpost-commonshttp4-1.2.1.2.jar, d:\playframework-typesafe-activator-1.3.10\activator-dist-1.3.10\repository\org.apache.httpcomponents\httpcore\4.0.1\jars\httpcore.jar, d:\playframework-typesafe-activator-1.3.10\activator-dist-1.3.10\repository\org.apache.httpcomponents\httpclient\4.0.1\jars\httpclient.jar, C:\Users\muhrifqii\.ivy2\cache\commons-logging\commons-logging\jars\commons-logging-1.1.1.jar),List((public/,D:\Kuliah\file_latihan_scala\PLAY\learn-to-play-scala\target\web\public\main)),List(C:\Users\muhrifqii\.ivy2\cache\com.typesafe.play\play-docs_2.11\jars\play-docs_2.11-2.3.10.jar, C:\Users\muhrifqii\.ivy2\cache\org.scala-lang\scala-library\jars\scala-library-2.11.1.jar, C:\Users\muhrifqii\.ivy2\cache\com.typesafe.play\play_2.11\jars\play_2.11-2.3.10.jar, C:\Users\muhrifqii\.ivy2\cache\com.typesafe.play\build-link\jars\build-link-2.3.10.jar, C:\Users\muhrifqii\.ivy2\cache\com.typesafe.play\play-exceptions\jars\play-exceptions-2.3.10.jar, C:\Users\muhrifqii\.ivy2\cache\org.javassist\javassist\bundles\javassist-3.18.2-GA.jar, C:\Users\muhrifqii\.ivy2\cache\com.typesafe.play\play-iteratees_2.11\jars\play-iteratees_2.11-2.3.10.jar, C:\Users\muhrifqii\.ivy2\cache\org.scala-stm\scala-stm_2.11\jars\scala-stm_2.11-0.7.jar, C:\Users\muhrifqii\.ivy2\cache\com.typesafe\config\bundles\config-1.2.1.jar, C:\Users\muhrifqii\.ivy2\cache\com.typesafe.play\play-json_2.11\jars\play-json_2.11-2.3.10.jar, C:\Users\muhrifqii\.ivy2\cache\com.typesafe.play\play-functional_2.11\jars\play-functional_2.11-2.3.10.jar, C:\Users\muhrifqii\.ivy2\cache\com.typesafe.play\play-datacommons_2.11\jars\play-datacommons_2.11-2.3.10.jar, C:\Users\muhrifqii\.ivy2\cache\joda-time\joda-time\jars\joda-time-2.3.jar, C:\Users\muhrifqii\.ivy2\cache\org.joda\joda-convert\jars\joda-convert-1.6.jar, C:\Users\muhrifqii\.ivy2\cache\com.fasterxml.jackson.core\jackson-annotations\bundles\jackson-annotations-2.3.2.jar, C:\Users\muhrifqii\.ivy2\cache\com.fasterxml.jackson.core\jackson-core\bundles\jackson-core-2.3.2.jar, C:\Users\muhrifqii\.ivy2\cache\com.fasterxml.jackson.core\jackson-databind\bundles\jackson-databind-2.3.2.jar, C:\Users\muhrifqii\.ivy2\cache\org.scala-lang\scala-reflect\jars\scala-reflect-2.11.1.jar, C:\Users\muhrifqii\.ivy2\cache\com.typesafe.play\twirl-api_2.11\jars\twirl-api_2.11-1.0.2.jar, C:\Users\muhrifqii\.ivy2\cache\org.apache.commons\commons-lang3\jars\commons-lang3-3.1.jar, C:\Users\muhrifqii\.ivy2\cache\org.scala-lang.modules\scala-xml_2.11\bundles\scala-xml_2.11-1.0.1.jar, C:\Users\muhrifqii\.ivy2\cache\org.scala-lang.modules\scala-parser-combinators_2.11\bundles\scala-parser-combinators_2.11-1.0.1.jar, C:\Users\muhrifqii\.ivy2\cache\io.netty\netty\bundles\netty-3.9.9.Final.jar, C:\Users\muhrifqii\.ivy2\cache\com.typesafe.netty\netty-http-pipelining\jars\netty-http-pipelining-1.1.2.jar, C:\Users\muhrifqii\.ivy2\cache\org.slf4j\slf4j-api\jars\slf4j-api-1.7.6.jar, C:\Users\muhrifqii\.ivy2\cache\org.slf4j\jul-to-slf4j\jars\jul-to-slf4j-1.7.6.jar, C:\Users\muhrifqii\.ivy2\cache\org.slf4j\jcl-over-slf4j\jars\jcl-over-slf4j-1.7.6.jar, C:\Users\muhrifqii\.ivy2\cache\ch.qos.logback\logback-core\jars\logback-core-1.1.1.jar, C:\Users\muhrifqii\.ivy2\cache\ch.qos.logback\logback-classic\jars\logback-classic-1.1.1.jar, C:\Users\muhrifqii\.ivy2\cache\com.typesafe.akka\akka-actor_2.11\jars\akka-actor_2.11-2.3.4.jar, C:\Users\muhrifqii\.ivy2\cache\com.typesafe.akka\akka-slf4j_2.11\jars\akka-slf4j_2.11-2.3.4.jar, C:\Users\muhrifqii\.ivy2\cache\commons-codec\commons-codec\jars\commons-codec-1.9.jar, C:\Users\muhrifqii\.ivy2\cache\xerces\xercesImpl\jars\xercesImpl-2.11.0.jar, C:\Users\muhrifqii\.ivy2\cache\xml-apis\xml-apis\jars\xml-apis-1.4.01.jar, C:\Users\muhrifqii\.ivy2\cache\javax.transaction\jta\jars\jta-1.1.jar, C:\Users\muhrifqii\.ivy2\cache\com.typesafe.play\play-doc_2.11\jars\play-doc_2.11-1.1.0.jar, d:\playframework-typesafe-activator-1.3.10\activator-dist-1.3.10\repository\org.pegdown\pegdown\1.4.0\jars\pegdown.jar, d:\playframework-typesafe-activator-1.3.10\activator-dist-1.3.10\repository\org.parboiled\parboiled-java\1.1.5\bundles\parboiled-java.jar, d:\playframework-typesafe-activator-1.3.10\activator-dist-1.3.10\repository\org.parboiled\parboiled-core\1.1.5\bundles\parboiled-core.jar, d:\playframework-typesafe-activator-1.3.10\activator-dist-1.3.10\repository\org.ow2.asm\asm\4.1\jars\asm.jar, d:\playframework-typesafe-activator-1.3.10\activator-dist-1.3.10\repository\org.ow2.asm\asm-tree\4.1\jars\asm-tree.jar, d:\playframework-typesafe-activator-1.3.10\activator-dist-1.3.10\repository\org.ow2.asm\asm-analysis\4.1\jars\asm-analysis.jar, d:\playframework-typesafe-activator-1.3.10\activator-dist-1.3.10\repository\org.ow2.asm\asm-util\4.1\jars\asm-util.jar, d:\playframework-typesafe-activator-1.3.10\activator-dist-1.3.10\repository\commons-io\commons-io\2.4\jars\commons-io.jar),List(),9000,DefaultWatchService,List(D:\Kuliah\file_latihan_scala\PLAY\learn-to-play-scala\app-2.11, D:\Kuliah\file_latihan_scala\PLAY\learn-to-play-scala\app, D:\Kuliah\file_latihan_scala\PLAY\learn-to-play-scala\conf, D:\Kuliah\file_latihan_scala\PLAY\learn-to-play-scala\app\assets, D:\Kuliah\file_latihan_scala\PLAY\learn-to-play-scala\public),D:\Kuliah\file_latihan_scala\PLAY\learn-to-play-scala\target,500,root/playForkNotifyStart,root/playForkReload,300000)))
Sending msg to client play-fork-run-ab697e30-5ecb-4a53-ba15-0b46f0a3fb0d: ValueChanged(AttributeKey[play.forkrun.protocol.ForkConfig]("playForkConfig") in Scope(Build: file:/D:/Kuliah/file_latihan_scala/PLAY/learn-to-play-scala/, , Project: ProjectReference(file:/D:/Kuliah/file_latihan_scala/PLAY/learn-to-play-scala/,root)),TaskSuccess(BuildValue(LazyValue(TransientValue(),sbt.server.TransientValue$SbtServerTransientValuePickler1$2$@74b18a88),ForkConfig(D:\Kuliah\file_latihan_scala\PLAY\learn-to-play-scala,List(),List(d:\playframework-typesafe-activator-1.3.10\activator-dist-1.3.10\repository\org.scala-lang\scala-library\2.11.6\jars\scala-library.jar, C:\Users\muhrifqii\.ivy2\cache\com.typesafe.play\twirl-api_2.11\jars\twirl-api_2.11-1.0.2.jar, C:\Users\muhrifqii\.ivy2\cache\org.apache.commons\commons-lang3\jars\commons-lang3-3.1.jar, C:\Users\muhrifqii\.ivy2\cache\org.scala-lang.modules\scala-xml_2.11\bundles\scala-xml_2.11-1.0.1.jar, C:\Users\muhrifqii\.ivy2\cache\com.typesafe.play\play_2.11\jars\play_2.11-2.3.10.jar, C:\Users\muhrifqii\.ivy2\cache\com.typesafe.play\build-link\jars\build-link-2.3.10.jar, C:\Users\muhrifqii\.ivy2\cache\com.typesafe.play\play-exceptions\jars\play-exceptions-2.3.10.jar, C:\Users\muhrifqii\.ivy2\cache\org.javassist\javassist\bundles\javassist-3.18.2-GA.jar, C:\Users\muhrifqii\.ivy2\cache\com.typesafe.play\play-iteratees_2.11\jars\play-iteratees_2.11-2.3.10.jar, C:\Users\muhrifqii\.ivy2\cache\org.scala-stm\scala-stm_2.11\jars\scala-stm_2.11-0.7.jar, C:\Users\muhrifqii\.ivy2\cache\com.typesafe\config\bundles\config-1.2.1.jar, C:\Users\muhrifqii\.ivy2\cache\com.typesafe.play\play-json_2.11\jars\play-json_2.11-2.3.10.jar, C:\Users\muhrifqii\.ivy2\cache\com.typesafe.play\play-functional_2.11\jars\play-functional_2.11-2.3.10.jar, C:\Users\muhrifqii\.ivy2\cache\com.typesafe.play\play-datacommons_2.11\jars\play-datacommons_2.11-2.3.10.jar, C:\Users\muhrifqii\.ivy2\cache\joda-time\joda-time\jars\joda-time-2.3.jar, C:\Users\muhrifqii\.ivy2\cache\org.joda\joda-convert\jars\joda-convert-1.6.jar, C:\Users\muhrifqii\.ivy2\cache\com.fasterxml.jackson.core\jackson-annotations\bundles\jackson-annotations-2.3.2.jar, C:\Users\muhrifqii\.ivy2\cache\com.fasterxml.jackson.core\jackson-core\bundles\jackson-core-2.3.2.jar, C:\Users\muhrifqii\.ivy2\cache\com.fasterxml.jackson.core\jackson-databind\bundles\jackson-databind-2.3.2.jar, C:\Users\muhrifqii\.ivy2\cache\org.scala-lang\scala-reflect\jars\scala-reflect-2.11.1.jar, C:\Users\muhrifqii\.ivy2\cache\org.scala-lang.modules\scala-parser-combinators_2.11\bundles\scala-parser-combinators_2.11-1.0.1.jar, C:\Users\muhrifqii\.ivy2\cache\io.netty\netty\bundles\netty-3.9.9.Final.jar, C:\Users\muhrifqii\.ivy2\cache\com.typesafe.netty\netty-http-pipelining\jars\netty-http-pipelining-1.1.2.jar, C:\Users\muhrifqii\.ivy2\cache\org.slf4j\slf4j-api\jars\slf4j-api-1.7.6.jar, C:\Users\muhrifqii\.ivy2\cache\org.slf4j\jul-to-slf4j\jars\jul-to-slf4j-1.7.6.jar, C:\Users\muhrifqii\.ivy2\cache\org.slf4j\jcl-over-slf4j\jars\jcl-over-slf4j-1.7.6.jar, C:\Users\muhrifqii\.ivy2\cache\ch.qos.logback\logback-core\jars\logback-core-1.1.1.jar, C:\Users\muhrifqii\.ivy2\cache\ch.qos.logback\logback-classic\jars\logback-classic-1.1.1.jar, C:\Users\muhrifqii\.ivy2\cache\com.typesafe.akka\akka-actor_2.11\jars\akka-actor_2.11-2.3.4.jar, C:\Users\muhrifqii\.ivy2\cache\com.typesafe.akka\akka-slf4j_2.11\jars\akka-slf4j_2.11-2.3.4.jar, C:\Users\muhrifqii\.ivy2\cache\commons-codec\commons-codec\jars\commons-codec-1.9.jar, C:\Users\muhrifqii\.ivy2\cache\xerces\xercesImpl\jars\xercesImpl-2.11.0.jar, C:\Users\muhrifqii\.ivy2\cache\xml-apis\xml-apis\jars\xml-apis-1.4.01.jar, C:\Users\muhrifqii\.ivy2\cache\javax.transaction\jta\jars\jta-1.1.jar, C:\Users\muhrifqii\.ivy2\cache\com.typesafe.play\play-jdbc_2.11\jars\play-jdbc_2.11-2.3.10.jar, d:\playframework-typesafe-activator-1.3.10\activator-dist-1.3.10\repository\com.jolbox\bonecp\0.8.0.RELEASE\bundles\bonecp.jar, D:\playframework-typesafe-activator-1.3.10\activator-dist-1.3.10\repository\com.h2database\h2\1.3.175\jars\h2.jar, d:\playframework-typesafe-activator-1.3.10\activator-dist-1.3.10\repository\tyrex\tyrex\1.0.1\jars\tyrex.jar, C:\Users\muhrifqii\.ivy2\cache\com.typesafe.play\anorm_2.11\jars\anorm_2.11-2.3.10.jar, C:\Users\muhrifqii\.ivy2\cache\com.jsuereth\scala-arm_2.11\jars\scala-arm_2.11-1.4.jar, C:\Users\muhrifqii\.ivy2\cache\org.scala-lang.plugins\scala-continuations-library_2.11\bundles\scala-continuations-library_2.11-1.0.1.jar, C:\Users\muhrifqii\.ivy2\cache\com.typesafe.play\play-cache_2.11\jars\play-cache_2.11-2.3.10.jar, C:\Users\muhrifqii\.ivy2\cache\net.sf.ehcache\ehcache-core\jars\ehcache-core-2.6.8.jar, C:\Users\muhrifqii\.ivy2\cache\com.typesafe.play\play-ws_2.11\jars\play-ws_2.11-2.3.10.jar, C:\Users\muhrifqii\.ivy2\cache\com.google.guava\guava\bundles\guava-16.0.1.jar, C:\Users\muhrifqii\.ivy2\cache\com.ning\async-http-client\jars\async-http-client-1.8.15.jar, C:\Users\muhrifqii\.ivy2\cache\oauth.signpost\signpost-core\jars\signpost-core-1.2.1.2.jar, C:\Users\muhrifqii\.ivy2\cache\oauth.signpost\signpost-commonshttp4\jars\signpost-commonshttp4-1.2.1.2.jar, d:\playframework-typesafe-activator-1.3.10\activator-dist-1.3.10\repository\org.apache.httpcomponents\httpcore\4.0.1\jars\httpcore.jar, d:\playframework-typesafe-activator-1.3.10\activator-dist-1.3.10\repository\org.apache.httpcomponents\httpclient\4.0.1\jars\httpclient.jar, C:\Users\muhrifqii\.ivy2\cache\commons-logging\commons-logging\jars\commons-logging-1.1.1.jar),List((public/,D:\Kuliah\file_latihan_scala\PLAY\learn-to-play-scala\target\web\public\main)),List(C:\Users\muhrifqii\.ivy2\cache\com.typesafe.play\play-docs_2.11\jars\play-docs_2.11-2.3.10.jar, C:\Users\muhrifqii\.ivy2\cache\org.scala-lang\scala-library\jars\scala-library-2.11.1.jar, C:\Users\muhrifqii\.ivy2\cache\com.typesafe.play\play_2.11\jars\play_2.11-2.3.10.jar, C:\Users\muhrifqii\.ivy2\cache\com.typesafe.play\build-link\jars\build-link-2.3.10.jar, C:\Users\muhrifqii\.ivy2\cache\com.typesafe.play\play-exceptions\jars\play-exceptions-2.3.10.jar, C:\Users\muhrifqii\.ivy2\cache\org.javassist\javassist\bundles\javassist-3.18.2-GA.jar, C:\Users\muhrifqii\.ivy2\cache\com.typesafe.play\play-iteratees_2.11\jars\play-iteratees_2.11-2.3.10.jar, C:\Users\muhrifqii\.ivy2\cache\org.scala-stm\scala-stm_2.11\jars\scala-stm_2.11-0.7.jar, C:\Users\muhrifqii\.ivy2\cache\com.typesafe\config\bundles\config-1.2.1.jar, C:\Users\muhrifqii\.ivy2\cache\com.typesafe.play\play-json_2.11\jars\play-json_2.11-2.3.10.jar, C:\Users\muhrifqii\.ivy2\cache\com.typesafe.play\play-functional_2.11\jars\play-functional_2.11-2.3.10.jar, C:\Users\muhrifqii\.ivy2\cache\com.typesafe.play\play-datacommons_2.11\jars\play-datacommons_2.11-2.3.10.jar, C:\Users\muhrifqii\.ivy2\cache\joda-time\joda-time\jars\joda-time-2.3.jar, C:\Users\muhrifqii\.ivy2\cache\org.joda\joda-convert\jars\joda-convert-1.6.jar, C:\Users\muhrifqii\.ivy2\cache\com.fasterxml.jackson.core\jackson-annotations\bundles\jackson-annotations-2.3.2.jar, C:\Users\muhrifqii\.ivy2\cache\com.fasterxml.jackson.core\jackson-core\bundles\jackson-core-2.3.2.jar, C:\Users\muhrifqii\.ivy2\cache\com.fasterxml.jackson.core\jackson-databind\bundles\jackson-databind-2.3.2.jar, C:\Users\muhrifqii\.ivy2\cache\org.scala-lang\scala-reflect\jars\scala-reflect-2.11.1.jar, C:\Users\muhrifqii\.ivy2\cache\com.typesafe.play\twirl-api_2.11\jars\twirl-api_2.11-1.0.2.jar, C:\Users\muhrifqii\.ivy2\cache\org.apache.commons\commons-lang3\jars\commons-lang3-3.1.jar, C:\Users\muhrifqii\.ivy2\cache\org.scala-lang.modules\scala-xml_2.11\bundles\scala-xml_2.11-1.0.1.jar, C:\Users\muhrifqii\.ivy2\cache\org.scala-lang.modules\scala-parser-combinators_2.11\bundles\scala-parser-combinators_2.11-1.0.1.jar, C:\Users\muhrifqii\.ivy2\cache\io.netty\netty\bundles\netty-3.9.9.Final.jar, C:\Users\muhrifqii\.ivy2\cache\com.typesafe.netty\netty-http-pipelining\jars\netty-http-pipelining-1.1.2.jar, C:\Users\muhrifqii\.ivy2\cache\org.slf4j\slf4j-api\jars\slf4j-api-1.7.6.jar, C:\Users\muhrifqii\.ivy2\cache\org.slf4j\jul-to-slf4j\jars\jul-to-slf4j-1.7.6.jar, C:\Users\muhrifqii\.ivy2\cache\org.slf4j\jcl-over-slf4j\jars\jcl-over-slf4j-1.7.6.jar, C:\Users\muhrifqii\.ivy2\cache\ch.qos.logback\logback-core\jars\logback-core-1.1.1.jar, C:\Users\muhrifqii\.ivy2\cache\ch.qos.logback\logback-classic\jars\logback-classic-1.1.1.jar, C:\Users\muhrifqii\.ivy2\cache\com.typesafe.akka\akka-actor_2.11\jars\akka-actor_2.11-2.3.4.jar, C:\Users\muhrifqii\.ivy2\cache\com.typesafe.akka\akka-slf4j_2.11\jars\akka-slf4j_2.11-2.3.4.jar, C:\Users\muhrifqii\.ivy2\cache\commons-codec\commons-codec\jars\commons-codec-1.9.jar, C:\Users\muhrifqii\.ivy2\cache\xerces\xercesImpl\jars\xercesImpl-2.11.0.jar, C:\Users\muhrifqii\.ivy2\cache\xml-apis\xml-apis\jars\xml-apis-1.4.01.jar, C:\Users\muhrifqii\.ivy2\cache\javax.transaction\jta\jars\jta-1.1.jar, C:\Users\muhrifqii\.ivy2\cache\com.typesafe.play\play-doc_2.11\jars\play-doc_2.11-1.1.0.jar, d:\playframework-typesafe-activator-1.3.10\activator-dist-1.3.10\repository\org.pegdown\pegdown\1.4.0\jars\pegdown.jar, d:\playframework-typesafe-activator-1.3.10\activator-dist-1.3.10\repository\org.parboiled\parboiled-java\1.1.5\bundles\parboiled-java.jar, d:\playframework-typesafe-activator-1.3.10\activator-dist-1.3.10\repository\org.parboiled\parboiled-core\1.1.5\bundles\parboiled-core.jar, d:\playframework-typesafe-activator-1.3.10\activator-dist-1.3.10\repository\org.ow2.asm\asm\4.1\jars\asm.jar, d:\playframework-typesafe-activator-1.3.10\activator-dist-1.3.10\repository\org.ow2.asm\asm-tree\4.1\jars\asm-tree.jar, d:\playframework-typesafe-activator-1.3.10\activator-dist-1.3.10\repository\org.ow2.asm\asm-analysis\4.1\jars\asm-analysis.jar, d:\playframework-typesafe-activator-1.3.10\activator-dist-1.3.10\repository\org.ow2.asm\asm-util\4.1\jars\asm-util.jar, d:\playframework-typesafe-activator-1.3.10\activator-dist-1.3.10\repository\commons-io\commons-io\2.4\jars\commons-io.jar),List(),9000,DefaultWatchService,List(D:\Kuliah\file_latihan_scala\PLAY\learn-to-play-scala\app-2.11, D:\Kuliah\file_latihan_scala\PLAY\learn-to-play-scala\app, D:\Kuliah\file_latihan_scala\PLAY\learn-to-play-scala\conf, D:\Kuliah\file_latihan_scala\PLAY\learn-to-play-scala\app\assets, D:\Kuliah\file_latihan_scala\PLAY\learn-to-play-scala\public),D:\Kuliah\file_latihan_scala\PLAY\learn-to-play-scala\target,500,root/playForkNotifyStart,root/playForkReload,300000))))
Sending msg to client play-fork-run-ab697e30-5ecb-4a53-ba15-0b46f0a3fb0d: TaskStarted(435,36525,None)
Sending msg to client play-fork-run-ab697e30-5ecb-4a53-ba15-0b46f0a3fb0d: TaskFinished(435,36525,None,true,None)
Sending msg to client play-fork-run-ab697e30-5ecb-4a53-ba15-0b46f0a3fb0d: TaskStarted(435,36524,None)
Sending msg to client play-fork-run-ab697e30-5ecb-4a53-ba15-0b46f0a3fb0d: TaskFinished(435,36524,None,true,None)
Sending msg to client play-fork-run-ab697e30-5ecb-4a53-ba15-0b46f0a3fb0d: DetachedLogEvent(LogMessage(debug,cancel strategy finish enabled=false lastCommand=Some(LastCommand(CommandExecutionWork(ExecutionId(435),{file:/D:/Kuliah/file_latihan_scala/PLAY/learn-to-play-scala/}root/*:playForkConfig,Set(LiveClient(play-fork-run ab697e30-5ecb-4a53-ba15-0b46f0a3fb0d)),sbt.server.WorkCancellationStatus$$anon$1@53ff3637)))))
Sending msg to client play-fork-run-ab697e30-5ecb-4a53-ba15-0b46f0a3fb0d: DetachedLogEvent(LogSuccess(Total time: 0 s, completed Jun 4, 2016 9:16:52 PM))
Sending msg to client play-fork-run-ab697e30-5ecb-4a53-ba15-0b46f0a3fb0d: DetachedLogEvent(LogMessage(debug,> server-post-command-cleanup))
Sending msg to client play-fork-run-ab697e30-5ecb-4a53-ba15-0b46f0a3fb0d: ExecutionSuccess(435)
Sending msg to client play-fork-run-ab697e30-5ecb-4a53-ba15-0b46f0a3fb0d: DetachedLogEvent(LogMessage(debug,> server-handle-next-server-request))
Sending msg to client play-fork-run-ab697e30-5ecb-4a53-ba15-0b46f0a3fb0d: BackgroundJobLogEvent(3,LogMessage(error,scala.pickling.PicklingException: Not a primitive: scala.Nothing, found JNothing))
Sending msg to client play-fork-run-ab697e30-5ecb-4a53-ba15-0b46f0a3fb0d: BackgroundJobLogEvent(3,LogMessage(error,	at sbt.serialization.json.VerifyingJSONPickleReader.sbt$serialization$json$VerifyingJSONPickleReader$$unpickleHelper$1(JSONPickleFormat.scala:367)))
Sending msg to client play-fork-run-ab697e30-5ecb-4a53-ba15-0b46f0a3fb0d: BackgroundJobLogEvent(3,LogMessage(error,	at sbt.serialization.json.VerifyingJSONPickleReader.readPrimitive(JSONPickleFormat.scala:373)))
Sending msg to client play-fork-run-ab697e30-5ecb-4a53-ba15-0b46f0a3fb0d: BackgroundJobLogEvent(3,LogMessage(error,	at scala.pickling.pickler.PrimitivePickler.unpickle(Primitives.scala:28)))
Sending msg to client play-fork-run-ab697e30-5ecb-4a53-ba15-0b46f0a3fb0d: BackgroundJobLogEvent(3,LogMessage(error,	at play.forkrun.protocol.Serializers$PlayForkrunProtocolForkConfigUnpickler$macro$14$2$.unpickle(Serializers.scala:75)))
Sending msg to client play-fork-run-ab697e30-5ecb-4a53-ba15-0b46f0a3fb0d: BackgroundJobLogEvent(3,LogMessage(error,	at scala.pickling.Unpickler$class.unpickleEntry(Pickler.scala:79)))
Sending msg to client play-fork-run-ab697e30-5ecb-4a53-ba15-0b46f0a3fb0d: BackgroundJobLogEvent(3,LogMessage(error,	at play.forkrun.protocol.Serializers$PlayForkrunProtocolForkConfigUnpickler$macro$14$2$.unpickleEntry(Serializers.scala:75)))
Sending msg to client play-fork-run-ab697e30-5ecb-4a53-ba15-0b46f0a3fb0d: BackgroundJobLogEvent(3,LogMessage(error,	at scala.pickling.functions$.unpickle(functions.scala:11)))
Sending msg to client play-fork-run-ab697e30-5ecb-4a53-ba15-0b46f0a3fb0d: BackgroundJobLogEvent(3,LogMessage(error,	at sbt.serialization.JsonValue$$anonfun$parse$1.apply(SerializedValue.scala:104)))
Sending msg to client play-fork-run-ab697e30-5ecb-4a53-ba15-0b46f0a3fb0d: BackgroundJobLogEvent(3,LogMessage(error,	at scala.util.Try$.apply(Try.scala:191)))
Sending msg to client play-fork-run-ab697e30-5ecb-4a53-ba15-0b46f0a3fb0d: BackgroundJobLogEvent(3,LogMessage(error,	at sbt.serialization.JsonValue.parse(SerializedValue.scala:104)))
Sending msg to client play-fork-run-ab697e30-5ecb-4a53-ba15-0b46f0a3fb0d: BackgroundJobLogEvent(3,LogMessage(error,	at sbt.protocol.BuildValue.value(Values.scala:11)))
Sending msg to client play-fork-run-ab697e30-5ecb-4a53-ba15-0b46f0a3fb0d: BackgroundJobLogEvent(3,LogMessage(error,	at sbt.protocol.TaskSuccess.resultWithCustomThrowable(Values.scala:65)))
Sending msg to client play-fork-run-ab697e30-5ecb-4a53-ba15-0b46f0a3fb0d: BackgroundJobLogEvent(3,LogMessage(error,	at sbt.protocol.TaskResult$class.result(Values.scala:56)))
Sending msg to client play-fork-run-ab697e30-5ecb-4a53-ba15-0b46f0a3fb0d: BackgroundJobLogEvent(3,LogMessage(error,	at sbt.protocol.TaskSuccess.result(Values.scala:62)))
Sending msg to client play-fork-run-ab697e30-5ecb-4a53-ba15-0b46f0a3fb0d: BackgroundJobLogEvent(3,LogMessage(error,	at play.forkrun.ForkRun$$anonfun$settingUp$1.applyOrElse(ForkRun.scala:161)))
Sending msg to client play-fork-run-ab697e30-5ecb-4a53-ba15-0b46f0a3fb0d: BackgroundJobLogEvent(3,LogMessage(error,	at akka.actor.Actor$class.aroundReceive(Actor.scala:465)))
Sending msg to client play-fork-run-ab697e30-5ecb-4a53-ba15-0b46f0a3fb0d: BackgroundJobLogEvent(3,LogMessage(error,	at play.forkrun.ForkRun.aroundReceive(ForkRun.scala:148)))
Sending msg to client play-fork-run-ab697e30-5ecb-4a53-ba15-0b46f0a3fb0d: BackgroundJobLogEvent(3,LogMessage(error,	at akka.actor.ActorCell.receiveMessage(ActorCell.scala:516)))
Sending msg to client play-fork-run-ab697e30-5ecb-4a53-ba15-0b46f0a3fb0d: BackgroundJobLogEvent(3,LogMessage(error,	at akka.actor.ActorCell.invoke(ActorCell.scala:487)))
Sending msg to client play-fork-run-ab697e30-5ecb-4a53-ba15-0b46f0a3fb0d: BackgroundJobLogEvent(3,LogMessage(error,	at akka.dispatch.Mailbox.processMailbox(Mailbox.scala:254)))
Sending msg to client play-fork-run-ab697e30-5ecb-4a53-ba15-0b46f0a3fb0d: BackgroundJobLogEvent(3,LogMessage(error,	at akka.dispatch.Mailbox.run(Mailbox.scala:221)))
Sending msg to client play-fork-run-ab697e30-5ecb-4a53-ba15-0b46f0a3fb0d: BackgroundJobLogEvent(3,LogMessage(error,	at akka.dispatch.Mailbox.exec(Mailbox.scala:231)))
Sending msg to client play-fork-run-ab697e30-5ecb-4a53-ba15-0b46f0a3fb0d: BackgroundJobLogEvent(3,LogMessage(error,Play fork run has failed due to:))
Sending msg to client play-fork-run-ab697e30-5ecb-4a53-ba15-0b46f0a3fb0d: BackgroundJobLogEvent(3,LogMessage(error,	at scala.concurrent.forkjoin.ForkJoinTask.doExec(ForkJoinTask.java:260)))
Sending msg to client play-fork-run-ab697e30-5ecb-4a53-ba15-0b46f0a3fb0d: BackgroundJobLogEvent(3,LogMessage(error,	at scala.concurrent.forkjoin.ForkJoinPool$WorkQueue.runTask(ForkJoinPool.java:1339)))
Sending msg to client play-fork-run-ab697e30-5ecb-4a53-ba15-0b46f0a3fb0d: BackgroundJobLogEvent(3,LogMessage(error,	at scala.concurrent.forkjoin.ForkJoinPool.runWorker(ForkJoinPool.java:1979)))
Sending msg to client play-fork-run-ab697e30-5ecb-4a53-ba15-0b46f0a3fb0d: BackgroundJobLogEvent(3,LogMessage(error,	at scala.concurrent.forkjoin.ForkJoinWorkerThread.run(ForkJoinWorkerThread.java:107)))
Sending msg to client play-fork-run-ab697e30-5ecb-4a53-ba15-0b46f0a3fb0d: BackgroundJobLogEvent(3,LogMessage(error,scala.pickling.PicklingException: error in unpickle of primitive unpickler 'java.lang.Integer':))
Sending msg to client play-fork-run-ab697e30-5ecb-4a53-ba15-0b46f0a3fb0d: BackgroundJobLogEvent(3,LogMessage(info,tag in unpickle: 'scala.Nothing'))
Sending msg to client play-fork-run-ab697e30-5ecb-4a53-ba15-0b46f0a3fb0d: BackgroundJobLogEvent(3,LogMessage(info,message:))
Sending msg to client play-fork-run-ab697e30-5ecb-4a53-ba15-0b46f0a3fb0d: BackgroundJobLogEvent(3,LogMessage(info,Not a primitive: scala.Nothing, found JNothing))
Sending msg to client play-fork-run-ab697e30-5ecb-4a53-ba15-0b46f0a3fb0d: BackgroundJobLogEvent(3,LogMessage(error,	at scala.pickling.pickler.PrimitivePickler.unpickle(Primitives.scala:31)))
Sending msg to client play-fork-run-ab697e30-5ecb-4a53-ba15-0b46f0a3fb0d: BackgroundJobLogEvent(3,LogMessage(error,	at play.forkrun.protocol.Serializers$PlayForkrunProtocolForkConfigUnpickler$macro$14$2$.unpickle(Serializers.scala:75)))
Sending msg to client play-fork-run-ab697e30-5ecb-4a53-ba15-0b46f0a3fb0d: BackgroundJobLogEvent(3,LogMessage(error,	at scala.pickling.Unpickler$class.unpickleEntry(Pickler.scala:79)))
Sending msg to client play-fork-run-ab697e30-5ecb-4a53-ba15-0b46f0a3fb0d: BackgroundJobLogEvent(3,LogMessage(error,	at play.forkrun.protocol.Serializers$PlayForkrunProtocolForkConfigUnpickler$macro$14$2$.unpickleEntry(Serializers.scala:75)))
Sending msg to client play-fork-run-ab697e30-5ecb-4a53-ba15-0b46f0a3fb0d: BackgroundJobLogEvent(3,LogMessage(error,	at scala.pickling.functions$.unpickle(functions.scala:11)))
Sending msg to client play-fork-run-ab697e30-5ecb-4a53-ba15-0b46f0a3fb0d: BackgroundJobLogEvent(3,LogMessage(error,	at sbt.serialization.JsonValue$$anonfun$parse$1.apply(SerializedValue.scala:104)))
Sending msg to client play-fork-run-ab697e30-5ecb-4a53-ba15-0b46f0a3fb0d: BackgroundJobLogEvent(3,LogMessage(error,	at scala.util.Try$.apply(Try.scala:191)))
Sending msg to client play-fork-run-ab697e30-5ecb-4a53-ba15-0b46f0a3fb0d: BackgroundJobLogEvent(3,LogMessage(error,	at sbt.serialization.JsonValue.parse(SerializedValue.scala:104)))
Sending msg to client play-fork-run-ab697e30-5ecb-4a53-ba15-0b46f0a3fb0d: BackgroundJobLogEvent(3,LogMessage(error,	at sbt.protocol.BuildValue.value(Values.scala:11)))
Sending msg to client play-fork-run-ab697e30-5ecb-4a53-ba15-0b46f0a3fb0d: BackgroundJobLogEvent(3,LogMessage(error,	at sbt.protocol.TaskSuccess.resultWithCustomThrowable(Values.scala:65)))
Sending msg to client play-fork-run-ab697e30-5ecb-4a53-ba15-0b46f0a3fb0d: BackgroundJobLogEvent(3,LogMessage(error,	at sbt.protocol.TaskResult$class.result(Values.scala:56)))
Sending msg to client play-fork-run-ab697e30-5ecb-4a53-ba15-0b46f0a3fb0d: BackgroundJobLogEvent(3,LogMessage(error,	at sbt.protocol.TaskSuccess.result(Values.scala:62)))
Sending msg to client play-fork-run-ab697e30-5ecb-4a53-ba15-0b46f0a3fb0d: BackgroundJobLogEvent(3,LogMessage(error,	at play.forkrun.ForkRun$$anonfun$settingUp$1.applyOrElse(ForkRun.scala:161)))
Sending msg to client play-fork-run-ab697e30-5ecb-4a53-ba15-0b46f0a3fb0d: BackgroundJobLogEvent(3,LogMessage(error,	at akka.actor.Actor$class.aroundReceive(Actor.scala:465)))
Sending msg to client play-fork-run-ab697e30-5ecb-4a53-ba15-0b46f0a3fb0d: BackgroundJobLogEvent(3,LogMessage(error,	at play.forkrun.ForkRun.aroundReceive(ForkRun.scala:148)))
Sending msg to client play-fork-run-ab697e30-5ecb-4a53-ba15-0b46f0a3fb0d: BackgroundJobLogEvent(3,LogMessage(error,	at akka.actor.ActorCell.receiveMessage(ActorCell.scala:516)))
Sending msg to client play-fork-run-ab697e30-5ecb-4a53-ba15-0b46f0a3fb0d: BackgroundJobLogEvent(3,LogMessage(error,	at akka.actor.ActorCell.invoke(ActorCell.scala:487)))
Sending msg to client play-fork-run-ab697e30-5ecb-4a53-ba15-0b46f0a3fb0d: BackgroundJobLogEvent(3,LogMessage(error,	at akka.dispatch.Mailbox.processMailbox(Mailbox.scala:254)))
Sending msg to client play-fork-run-ab697e30-5ecb-4a53-ba15-0b46f0a3fb0d: BackgroundJobLogEvent(3,LogMessage(error,	at akka.dispatch.Mailbox.run(Mailbox.scala:221)))
Sending msg to client play-fork-run-ab697e30-5ecb-4a53-ba15-0b46f0a3fb0d: BackgroundJobLogEvent(3,LogMessage(error,	at akka.dispatch.Mailbox.exec(Mailbox.scala:231)))
Sending msg to client play-fork-run-ab697e30-5ecb-4a53-ba15-0b46f0a3fb0d: BackgroundJobLogEvent(3,LogMessage(error,	at scala.concurrent.forkjoin.ForkJoinTask.doExec(ForkJoinTask.java:260)))
Sending msg to client play-fork-run-ab697e30-5ecb-4a53-ba15-0b46f0a3fb0d: BackgroundJobLogEvent(3,LogMessage(error,	at scala.concurrent.forkjoin.ForkJoinPool$WorkQueue.runTask(ForkJoinPool.java:1339)))
Sending msg to client play-fork-run-ab697e30-5ecb-4a53-ba15-0b46f0a3fb0d: BackgroundJobLogEvent(3,LogMessage(error,	at scala.concurrent.forkjoin.ForkJoinPool.runWorker(ForkJoinPool.java:1979)))
Sending msg to client play-fork-run-ab697e30-5ecb-4a53-ba15-0b46f0a3fb0d: BackgroundJobLogEvent(3,LogMessage(error,	at scala.concurrent.forkjoin.ForkJoinWorkerThread.run(ForkJoinWorkerThread.java:107)))
Got request: UnlistenToEvents()
Reading next message from client.
Sending msg to client play-fork-run-ab697e30-5ecb-4a53-ba15-0b46f0a3fb0d: (8,ReceivedResponse())
Got request: UnlistenToValue(AttributeKey[play.forkrun.protocol.ForkConfig]("playForkConfig") in Scope(Build: file:/D:/Kuliah/file_latihan_scala/PLAY/learn-to-play-scala/, , Project: ProjectReference(file:/D:/Kuliah/file_latihan_scala/PLAY/learn-to-play-scala/,root)))
Reading next message from client.
Client play-fork-run-ab697e30-5ecb-4a53-ba15-0b46f0a3fb0d EOF, shutting down.
Stopping client.
Client play-fork-run-ab697e30-5ecb-4a53-ba15-0b46f0a3fb0d thread exiting.
Dropping message (9,ReceivedResponse()) to dead client play-fork-run-ab697e30-5ecb-4a53-ba15-0b46f0a3fb0d
Dropping message (0,ReceivedResponse()) to dead client play-fork-run-ab697e30-5ecb-4a53-ba15-0b46f0a3fb0d
